<?xml version="1.0" encoding="UTF-8"?>
<testsuite name="com.indeed.proctor.pipet.core.config.TestVariableConfigurationJsonParser" tests="5" skipped="0" failures="0" errors="0" timestamp="2023-05-01T19:04:43" hostname="IT-USA-VY0740" time="0.103">
  <properties/>
  <testcase name="testUnknownTypesThrowError" classname="com.indeed.proctor.pipet.core.config.TestVariableConfigurationJsonParser" time="0.094"/>
  <testcase name="testStandardValueConverters" classname="com.indeed.proctor.pipet.core.config.TestVariableConfigurationJsonParser" time="0.0"/>
  <testcase name="testBuildEmptyConfiguration" classname="com.indeed.proctor.pipet.core.config.TestVariableConfigurationJsonParser" time="0.007"/>
  <testcase name="testRegisterCustomConverter" classname="com.indeed.proctor.pipet.core.config.TestVariableConfigurationJsonParser" time="0.0"/>
  <testcase name="testBuildWithAdditionalIdentifiers" classname="com.indeed.proctor.pipet.core.config.TestVariableConfigurationJsonParser" time="0.002"/>
  <system-out><![CDATA[]]></system-out>
  <system-err><![CDATA[]]></system-err>
</testsuite>
