<?xml version="1.0" encoding="UTF-8"?>
<testsuite name="com.indeed.proctor.pipet.core.var.TestExtractor" tests="8" skipped="0" failures="0" errors="0" timestamp="2023-05-01T19:04:43" hostname="IT-USA-VY0740" time="0.013">
  <properties/>
  <testcase name="testExtractWithMissingIdentifier" classname="com.indeed.proctor.pipet.core.var.TestExtractor" time="0.012"/>
  <testcase name="testDefaultValues" classname="com.indeed.proctor.pipet.core.var.TestExtractor" time="0.0"/>
  <testcase name="testFilterTestsProvided" classname="com.indeed.proctor.pipet.core.var.TestExtractor" time="0.0"/>
  <testcase name="testExtractWithExtraQueryParameters" classname="com.indeed.proctor.pipet.core.var.TestExtractor" time="0.001"/>
  <testcase name="testExtractWithAllDataProvided" classname="com.indeed.proctor.pipet.core.var.TestExtractor" time="0.0"/>
  <testcase name="testForceGroupsProvided" classname="com.indeed.proctor.pipet.core.var.TestExtractor" time="0.0"/>
  <testcase name="testExtractWithMissingContextParameter" classname="com.indeed.proctor.pipet.core.var.TestExtractor" time="0.0"/>
  <testcase name="testEmptyFilterTestsProvided" classname="com.indeed.proctor.pipet.core.var.TestExtractor" time="0.0"/>
  <system-out><![CDATA[]]></system-out>
  <system-err><![CDATA[]]></system-err>
</testsuite>
