<?xml version="1.0" encoding="UTF-8"?>
<testsuite name="com.indeed.proctor.pipet.core.var.TestValueExtractors" tests="3" skipped="0" failures="0" errors="0" timestamp="2023-05-01T19:04:43" hostname="IT-USA-VY0740" time="0.002">
  <properties/>
  <testcase name="testQueryExtractor" classname="com.indeed.proctor.pipet.core.var.TestValueExtractors" time="0.001"/>
  <testcase name="testChainedExtractor" classname="com.indeed.proctor.pipet.core.var.TestValueExtractors" time="0.001"/>
  <testcase name="testHeaderExtractor" classname="com.indeed.proctor.pipet.core.var.TestValueExtractors" time="0.0"/>
  <system-out><![CDATA[]]></system-out>
  <system-err><![CDATA[]]></system-err>
</testsuite>
