<?xml version="1.0" encoding="UTF-8"?>
<testsuite name="com.indeed.proctor.webapp.model.ProctorSpecificationsTest" tests="3" skipped="0" failures="0" errors="0" timestamp="2023-05-01T19:04:53" hostname="IT-USA-VY0740" time="0.002">
  <properties/>
  <testcase name="testGetResolvedTests" classname="com.indeed.proctor.webapp.model.ProctorSpecificationsTest" time="0.001"/>
  <testcase name="testGetRequiredTests" classname="com.indeed.proctor.webapp.model.ProctorSpecificationsTest" time="0.001"/>
  <testcase name="testGetDynamicTests" classname="com.indeed.proctor.webapp.model.ProctorSpecificationsTest" time="0.0"/>
  <system-out><![CDATA[]]></system-out>
  <system-err><![CDATA[]]></system-err>
</testsuite>
