<?xml version="1.0" encoding="UTF-8"?>
<testsuite name="com.indeed.proctor.webapp.util.TestDefinitionUtilTest" tests="1" skipped="0" failures="0" errors="0" timestamp="2023-05-01T19:04:53" hostname="IT-USA-VY0740" time="0.018">
  <properties/>
  <testcase name="testGetResolvedLastVersion" classname="com.indeed.proctor.webapp.util.TestDefinitionUtilTest" time="0.018"/>
  <system-out><![CDATA[]]></system-out>
  <system-err><![CDATA[]]></system-err>
</testsuite>
