<?xml version="1.0" encoding="UTF-8"?>
<testsuite name="com.indeed.proctor.webapp.jobs.BackgroundJobTest" tests="3" skipped="0" failures="0" errors="0" timestamp="2023-05-01T19:04:53" hostname="IT-USA-VY0740" time="0.001">
  <properties/>
  <testcase name="logWithTiming" classname="com.indeed.proctor.webapp.jobs.BackgroundJobTest" time="0.001"/>
  <testcase name="logPartialSuccess" classname="com.indeed.proctor.webapp.jobs.BackgroundJobTest" time="0.0"/>
  <testcase name="log" classname="com.indeed.proctor.webapp.jobs.BackgroundJobTest" time="0.0"/>
  <system-out><![CDATA[INFO  [Test worker][2023-05-01T15:04:53,519] [com.indeed.proctor.webapp.jobs.BackgroundJob.logWithTiming] -     0ms hello for job fooTitle
INFO  [Test worker][2023-05-01T15:04:53,519] [com.indeed.proctor.webapp.jobs.BackgroundJob.logWithTiming] -     0ms COMPLETE for job fooTitle
INFO  [Test worker][2023-05-01T15:04:53,519] [com.indeed.proctor.webapp.jobs.BackgroundJob.logWithTiming] -     0ms Partial Success: for job fooTitle
]]></system-out>
  <system-err><![CDATA[]]></system-err>
</testsuite>
