<?xml version="1.0" encoding="UTF-8"?>
<testsuite name="com.indeed.proctor.store.cache.GlobalCachingProctorStoreTest" tests="19" skipped="0" failures="0" errors="0" timestamp="2023-05-01T19:04:53" hostname="IT-USA-VY0740" time="0.027">
  <properties/>
  <testcase name="testGetTestDefinitionWhenGlobalCacheDoesNotHave" classname="com.indeed.proctor.store.cache.GlobalCachingProctorStoreTest" time="0.008"/>
  <testcase name="testGetCurrentTestMatrix" classname="com.indeed.proctor.store.cache.GlobalCachingProctorStoreTest" time="0.001"/>
  <testcase name="testGetTestDefinitionWhenGlobalCacheHas" classname="com.indeed.proctor.store.cache.GlobalCachingProctorStoreTest" time="0.001"/>
  <testcase name="testAddTestDefinition" classname="com.indeed.proctor.store.cache.GlobalCachingProctorStoreTest" time="0.001"/>
  <testcase name="testCleanUserWorkspace" classname="com.indeed.proctor.store.cache.GlobalCachingProctorStoreTest" time="0.0"/>
  <testcase name="testGetHistoryWhenGlobalCacheHas" classname="com.indeed.proctor.store.cache.GlobalCachingProctorStoreTest" time="0.005"/>
  <testcase name="testClose" classname="com.indeed.proctor.store.cache.GlobalCachingProctorStoreTest" time="0.0"/>
  <testcase name="testGetTestMatrix" classname="com.indeed.proctor.store.cache.GlobalCachingProctorStoreTest" time="0.001"/>
  <testcase name="testUpdateTestDefinition" classname="com.indeed.proctor.store.cache.GlobalCachingProctorStoreTest" time="0.001"/>
  <testcase name="testGetCurrentTestDefinitionWhenGlobalCacheHas" classname="com.indeed.proctor.store.cache.GlobalCachingProctorStoreTest" time="0.0"/>
  <testcase name="testGetHistoryWhenGlobalCacheDoesNotHave" classname="com.indeed.proctor.store.cache.GlobalCachingProctorStoreTest" time="0.001"/>
  <testcase name="testGetAllHistories" classname="com.indeed.proctor.store.cache.GlobalCachingProctorStoreTest" time="0.002"/>
  <testcase name="testGetLatestVersion" classname="com.indeed.proctor.store.cache.GlobalCachingProctorStoreTest" time="0.0"/>
  <testcase name="testDeleteTestDefinition" classname="com.indeed.proctor.store.cache.GlobalCachingProctorStoreTest" time="0.001"/>
  <testcase name="testRefresh" classname="com.indeed.proctor.store.cache.GlobalCachingProctorStoreTest" time="0.0"/>
  <testcase name="tesGetName" classname="com.indeed.proctor.store.cache.GlobalCachingProctorStoreTest" time="0.0"/>
  <testcase name="testGetMatrixHistory" classname="com.indeed.proctor.store.cache.GlobalCachingProctorStoreTest" time="0.0"/>
  <testcase name="testVerifySetup" classname="com.indeed.proctor.store.cache.GlobalCachingProctorStoreTest" time="0.0"/>
  <testcase name="testGetCurrentTestDefinitionWhenGlobalCacheDoesNotHave" classname="com.indeed.proctor.store.cache.GlobalCachingProctorStoreTest" time="0.001"/>
  <system-out><![CDATA[INFO  [Test worker][2023-05-01T15:04:53,046] [com.indeed.proctor.store.cache.GlobalCachingProctorStore.updateGlobalCache] - Start updating the global cache for example_tst
INFO  [Test worker][2023-05-01T15:04:53,046] [com.indeed.proctor.store.cache.GlobalCachingProctorStore.updateGlobalCache] - Finish updating the global cache for example_tst
INFO  [Test worker][2023-05-01T15:04:53,054] [com.indeed.proctor.store.cache.GlobalCachingProctorStore.updateGlobalCache] - Start updating the global cache for example_tst
INFO  [Test worker][2023-05-01T15:04:53,054] [com.indeed.proctor.store.cache.GlobalCachingProctorStore.updateGlobalCache] - Finish updating the global cache for example_tst
INFO  [Test worker][2023-05-01T15:04:53,059] [com.indeed.proctor.store.cache.GlobalCachingProctorStore.updateGlobalCache] - Start updating the global cache for example_tst
INFO  [Test worker][2023-05-01T15:04:53,059] [com.indeed.proctor.store.cache.GlobalCachingProctorStore.updateGlobalCache] - Finish updating the global cache for example_tst
]]></system-out>
  <system-err><![CDATA[]]></system-err>
</testsuite>
