<?xml version="1.0" encoding="UTF-8"?>
<testsuite name="com.indeed.proctor.webapp.util.TestAllocationIdUtil" tests="6" skipped="0" failures="0" errors="0" timestamp="2023-05-01T19:04:53" hostname="IT-USA-VY0740" time="0.002">
  <properties/>
  <testcase name="testGetNextVersionOfAllocationId" classname="com.indeed.proctor.webapp.util.TestAllocationIdUtil" time="0.0"/>
  <testcase name="testGetAllocationName" classname="com.indeed.proctor.webapp.util.TestAllocationIdUtil" time="0.0"/>
  <testcase name="testAllocationIdComparator" classname="com.indeed.proctor.webapp.util.TestAllocationIdUtil" time="0.0"/>
  <testcase name="testGetOutdatedAllocations" classname="com.indeed.proctor.webapp.util.TestAllocationIdUtil" time="0.002"/>
  <testcase name="testGenerateAllocationId" classname="com.indeed.proctor.webapp.util.TestAllocationIdUtil" time="0.0"/>
  <testcase name="testConvertCharactersToDecimal" classname="com.indeed.proctor.webapp.util.TestAllocationIdUtil" time="0.0"/>
  <system-out><![CDATA[]]></system-out>
  <system-err><![CDATA[]]></system-err>
</testsuite>
