<?xml version="1.0" encoding="UTF-8"?>
<testsuite name="com.indeed.proctor.webapp.jobs.MatrixCheckerTest" tests="4" skipped="0" failures="0" errors="0" timestamp="2023-05-01T19:04:53" hostname="IT-USA-VY0740" time="0.026">
  <properties/>
  <testcase name="testGetErrorMessage_missingTest" classname="com.indeed.proctor.webapp.jobs.MatrixCheckerTest" time="0.004"/>
  <testcase name="testGetErrorMessage_success" classname="com.indeed.proctor.webapp.jobs.MatrixCheckerTest" time="0.0"/>
  <testcase name="testCheckMatrix" classname="com.indeed.proctor.webapp.jobs.MatrixCheckerTest" time="0.021"/>
  <testcase name="testGetErrorMessage_loadError" classname="com.indeed.proctor.webapp.jobs.MatrixCheckerTest" time="0.001"/>
  <system-out><![CDATA[INFO  [Test worker][2023-05-01T15:04:53,537] [com.indeed.proctor.webapp.jobs.MatrixChecker.checkMatrix] - Verifying artifact against : cached app@v1 for sample_tst
INFO  [Test worker][2023-05-01T15:04:53,545] [com.indeed.proctor.webapp.jobs.MatrixChecker.checkMatrix] - Verifying artifact against : cached app@v1 for sample_tst
INFO  [Test worker][2023-05-01T15:04:53,545] [com.indeed.proctor.webapp.jobs.MatrixChecker.checkMatrix] - Verifying artifact against : cached app@v1 for sample_tst
]]></system-out>
  <system-err><![CDATA[]]></system-err>
</testsuite>
