<?xml version="1.0" encoding="UTF-8"?>
<testsuite name="com.indeed.proctor.webapp.jobs.BackgroundJobManagerTest" tests="3" skipped="0" failures="0" errors="0" timestamp="2023-05-01T19:04:53" hostname="IT-USA-VY0740" time="0.225">
  <properties/>
  <testcase name="submit" classname="com.indeed.proctor.webapp.jobs.BackgroundJobManagerTest" time="0.01"/>
  <testcase name="testEvictLeastRecentlyInsertedJobFromHistory" classname="com.indeed.proctor.webapp.jobs.BackgroundJobManagerTest" time="0.208"/>
  <testcase name="testScheduledCacheUpdateWithSubmit" classname="com.indeed.proctor.webapp.jobs.BackgroundJobManagerTest" time="0.005"/>
  <system-out><![CDATA[INFO  [Test worker][2023-05-01T15:04:53,300] [com.indeed.proctor.webapp.jobs.BackgroundJobManager.submit] - a background job was submitted : id=1 uuid=584563a4-8f6f-4b04-8f4e-93a9bda92ecc title=null
INFO  [Test worker][2023-05-01T15:04:53,303] [com.indeed.proctor.webapp.jobs.BackgroundJobManager.submit] - a background job was submitted : id=1 uuid=7f4722f0-2641-45bb-83a6-ea511b5e8c0f title=null
INFO  [Test worker][2023-05-01T15:04:53,305] [com.indeed.proctor.webapp.jobs.BackgroundJobManager.submit] - a background job was submitted : id=2 uuid=7546c9ea-ba78-42ea-81bb-200569f92452 title=null
INFO  [Test worker][2023-05-01T15:04:53,305] [com.indeed.proctor.webapp.jobs.BackgroundJobManager.submit] - a background job was submitted : id=3 uuid=dafcbfa1-29ee-4ddb-99b7-5bfa9590a0f1 title=null
INFO  [Test worker][2023-05-01T15:04:53,306] [com.indeed.proctor.webapp.jobs.BackgroundJobManager.submit] - a background job was submitted : id=4 uuid=9b282e11-a75c-4019-96a1-69a97079d1e6 title=null
INFO  [Test worker][2023-05-01T15:04:53,307] [com.indeed.proctor.webapp.jobs.BackgroundJobManager.submit] - a background job was submitted : id=5 uuid=2ca415cd-4cd1-4463-b0c9-69afba7b068f title=null
INFO  [Test worker][2023-05-01T15:04:53,307] [com.indeed.proctor.webapp.jobs.BackgroundJobManager.submit] - a background job was submitted : id=6 uuid=3bd86319-e35d-414d-8140-7ee18a539c2e title=null
INFO  [Test worker][2023-05-01T15:04:53,308] [com.indeed.proctor.webapp.jobs.BackgroundJobManager.submit] - a background job was submitted : id=7 uuid=3f88bdae-6d0b-4fd1-899e-4f14db92eb2a title=null
INFO  [Test worker][2023-05-01T15:04:53,309] [com.indeed.proctor.webapp.jobs.BackgroundJobManager.submit] - a background job was submitted : id=8 uuid=3329fc53-b16c-45d6-b57e-94dce8b0643f title=null
INFO  [Test worker][2023-05-01T15:04:53,309] [com.indeed.proctor.webapp.jobs.BackgroundJobManager.submit] - a background job was submitted : id=9 uuid=eb6f5592-fcf4-4e23-8329-d37e364fdc75 title=null
INFO  [Test worker][2023-05-01T15:04:53,310] [com.indeed.proctor.webapp.jobs.BackgroundJobManager.submit] - a background job was submitted : id=10 uuid=4a88d4a7-e171-4b96-aec8-18e534b58a92 title=null
INFO  [Test worker][2023-05-01T15:04:53,311] [com.indeed.proctor.webapp.jobs.BackgroundJobManager.submit] - a background job was submitted : id=11 uuid=d3f4701c-a990-47f6-bbdd-450dce1a34ca title=null
INFO  [Test worker][2023-05-01T15:04:53,312] [com.indeed.proctor.webapp.jobs.BackgroundJobManager.submit] - a background job was submitted : id=12 uuid=6b37ad74-b22b-4af3-9179-9bc2eff5a0c3 title=null
INFO  [Test worker][2023-05-01T15:04:53,312] [com.indeed.proctor.webapp.jobs.BackgroundJobManager.submit] - a background job was submitted : id=13 uuid=e443c56b-2535-498a-8e88-d4b0db06652d title=null
INFO  [Test worker][2023-05-01T15:04:53,313] [com.indeed.proctor.webapp.jobs.BackgroundJobManager.submit] - a background job was submitted : id=14 uuid=83527c08-3601-4b5f-95f6-4dccad1f2da6 title=null
INFO  [Test worker][2023-05-01T15:04:53,313] [com.indeed.proctor.webapp.jobs.BackgroundJobManager.submit] - a background job was submitted : id=15 uuid=e6b92b44-331b-4e9d-93b5-c06f5948c53e title=null
INFO  [Test worker][2023-05-01T15:04:53,314] [com.indeed.proctor.webapp.jobs.BackgroundJobManager.submit] - a background job was submitted : id=16 uuid=63aa30d3-7c5c-462b-9d5a-9f091c523712 title=null
INFO  [Test worker][2023-05-01T15:04:53,314] [com.indeed.proctor.webapp.jobs.BackgroundJobManager.submit] - a background job was submitted : id=17 uuid=0ee744d1-deee-4a0b-bbc0-0b7d414d4f10 title=null
INFO  [Test worker][2023-05-01T15:04:53,315] [com.indeed.proctor.webapp.jobs.BackgroundJobManager.submit] - a background job was submitted : id=18 uuid=55f7b0a9-1472-49e4-af56-abd71f1fb676 title=null
INFO  [Test worker][2023-05-01T15:04:53,315] [com.indeed.proctor.webapp.jobs.BackgroundJobManager.submit] - a background job was submitted : id=19 uuid=193e00a7-6f83-4239-a360-02fa082ac5a1 title=null
INFO  [Test worker][2023-05-01T15:04:53,316] [com.indeed.proctor.webapp.jobs.BackgroundJobManager.submit] - a background job was submitted : id=20 uuid=625f32d8-0cfb-40bf-ae4a-d384c05f8217 title=null
INFO  [Test worker][2023-05-01T15:04:53,316] [com.indeed.proctor.webapp.jobs.BackgroundJobManager.submit] - a background job was submitted : id=21 uuid=89ea7c0c-73c1-46bf-8bd3-0a19b8bfe9bd title=null
INFO  [Test worker][2023-05-01T15:04:53,317] [com.indeed.proctor.webapp.jobs.BackgroundJobManager.submit] - a background job was submitted : id=22 uuid=b57908ed-4ca8-461b-8b91-ba53234b43a2 title=null
INFO  [Test worker][2023-05-01T15:04:53,317] [com.indeed.proctor.webapp.jobs.BackgroundJobManager.submit] - a background job was submitted : id=23 uuid=dcf4a725-f2e2-45fd-b016-90eb052e13e0 title=null
INFO  [Test worker][2023-05-01T15:04:53,317] [com.indeed.proctor.webapp.jobs.BackgroundJobManager.submit] - a background job was submitted : id=24 uuid=c48a52a9-d8fa-48f0-a1bd-201ecb643e4b title=null
INFO  [Test worker][2023-05-01T15:04:53,318] [com.indeed.proctor.webapp.jobs.BackgroundJobManager.submit] - a background job was submitted : id=25 uuid=9a885022-3397-48c9-b1ed-3b158f0b30af title=null
INFO  [Test worker][2023-05-01T15:04:53,318] [com.indeed.proctor.webapp.jobs.BackgroundJobManager.submit] - a background job was submitted : id=26 uuid=e4a560a2-2df4-4337-9c4d-c7724359a629 title=null
INFO  [Test worker][2023-05-01T15:04:53,318] [com.indeed.proctor.webapp.jobs.BackgroundJobManager.submit] - a background job was submitted : id=27 uuid=48cc9afd-8fd6-4549-8a27-8fac53b137c7 title=null
INFO  [Test worker][2023-05-01T15:04:53,319] [com.indeed.proctor.webapp.jobs.BackgroundJobManager.submit] - a background job was submitted : id=28 uuid=c91bc164-d7af-4783-a3ad-ac9444a13375 title=null
INFO  [Test worker][2023-05-01T15:04:53,319] [com.indeed.proctor.webapp.jobs.BackgroundJobManager.submit] - a background job was submitted : id=29 uuid=bf0ffcb4-ca98-4b03-9641-69209286688e title=null
INFO  [Test worker][2023-05-01T15:04:53,319] [com.indeed.proctor.webapp.jobs.BackgroundJobManager.submit] - a background job was submitted : id=30 uuid=1082fd53-6e5d-487a-bbd8-ef8c7b93d851 title=null
INFO  [Test worker][2023-05-01T15:04:53,320] [com.indeed.proctor.webapp.jobs.BackgroundJobManager.submit] - a background job was submitted : id=31 uuid=a3765e83-e4a3-4359-9289-8b420b1d191a title=null
INFO  [Test worker][2023-05-01T15:04:53,320] [com.indeed.proctor.webapp.jobs.BackgroundJobManager.submit] - a background job was submitted : id=32 uuid=104d43c6-5c3f-449e-a37f-83678c3acfb8 title=null
INFO  [Test worker][2023-05-01T15:04:53,320] [com.indeed.proctor.webapp.jobs.BackgroundJobManager.submit] - a background job was submitted : id=33 uuid=495aaab6-9d64-4cc5-bd26-45ab01656b7c title=null
INFO  [Test worker][2023-05-01T15:04:53,321] [com.indeed.proctor.webapp.jobs.BackgroundJobManager.submit] - a background job was submitted : id=34 uuid=612be1fa-c102-46d3-8230-506c2ff9dcd9 title=null
INFO  [Test worker][2023-05-01T15:04:53,321] [com.indeed.proctor.webapp.jobs.BackgroundJobManager.submit] - a background job was submitted : id=35 uuid=1c7470c1-bda0-4f4a-abe2-7a5bb6d11093 title=null
INFO  [Test worker][2023-05-01T15:04:53,321] [com.indeed.proctor.webapp.jobs.BackgroundJobManager.submit] - a background job was submitted : id=36 uuid=a8e0e769-b77e-43b1-ba77-3c82eb2e2ce7 title=null
INFO  [Test worker][2023-05-01T15:04:53,322] [com.indeed.proctor.webapp.jobs.BackgroundJobManager.submit] - a background job was submitted : id=37 uuid=11d1f621-2d97-4c45-9d18-b812e06b2d0b title=null
INFO  [Test worker][2023-05-01T15:04:53,322] [com.indeed.proctor.webapp.jobs.BackgroundJobManager.submit] - a background job was submitted : id=38 uuid=c59293c5-7b6e-4342-93ee-d7003971397d title=null
INFO  [Test worker][2023-05-01T15:04:53,322] [com.indeed.proctor.webapp.jobs.BackgroundJobManager.submit] - a background job was submitted : id=39 uuid=eefe16bd-599d-412b-8868-342262d71509 title=null
INFO  [Test worker][2023-05-01T15:04:53,323] [com.indeed.proctor.webapp.jobs.BackgroundJobManager.submit] - a background job was submitted : id=40 uuid=88a6e4fd-ef91-46eb-8d85-15e25f272b8f title=null
INFO  [Test worker][2023-05-01T15:04:53,323] [com.indeed.proctor.webapp.jobs.BackgroundJobManager.submit] - a background job was submitted : id=41 uuid=51782bc5-bd59-4a44-afaa-655ec0290712 title=null
INFO  [Test worker][2023-05-01T15:04:53,323] [com.indeed.proctor.webapp.jobs.BackgroundJobManager.submit] - a background job was submitted : id=42 uuid=b340953f-f776-4cfd-bbe7-d8408fce0ba5 title=null
INFO  [Test worker][2023-05-01T15:04:53,324] [com.indeed.proctor.webapp.jobs.BackgroundJobManager.submit] - a background job was submitted : id=43 uuid=797ddcb3-440f-4aad-93ec-148af5eb93df title=null
INFO  [Test worker][2023-05-01T15:04:53,324] [com.indeed.proctor.webapp.jobs.BackgroundJobManager.submit] - a background job was submitted : id=44 uuid=ee72e236-aecd-4576-a85e-8ad606fa2def title=null
INFO  [Test worker][2023-05-01T15:04:53,324] [com.indeed.proctor.webapp.jobs.BackgroundJobManager.submit] - a background job was submitted : id=45 uuid=bc295904-8ace-443f-bf98-28310f1d47be title=null
INFO  [Test worker][2023-05-01T15:04:53,324] [com.indeed.proctor.webapp.jobs.BackgroundJobManager.submit] - a background job was submitted : id=46 uuid=860c6d51-e842-4eb9-a3a9-af3629d5441c title=null
INFO  [Test worker][2023-05-01T15:04:53,325] [com.indeed.proctor.webapp.jobs.BackgroundJobManager.submit] - a background job was submitted : id=47 uuid=a58469f5-7d2f-42c0-8a46-6e57d52f33ca title=null
INFO  [Test worker][2023-05-01T15:04:53,325] [com.indeed.proctor.webapp.jobs.BackgroundJobManager.submit] - a background job was submitted : id=48 uuid=e2e0910d-0163-4919-8e91-a2eb8cd369fc title=null
INFO  [Test worker][2023-05-01T15:04:53,326] [com.indeed.proctor.webapp.jobs.BackgroundJobManager.submit] - a background job was submitted : id=49 uuid=0bd246dd-fe84-460b-854b-e8bbbc5dcc9d title=null
INFO  [Test worker][2023-05-01T15:04:53,326] [com.indeed.proctor.webapp.jobs.BackgroundJobManager.submit] - a background job was submitted : id=50 uuid=bfdc8f35-8b07-4477-956f-bece55e78cee title=null
INFO  [Test worker][2023-05-01T15:04:53,326] [com.indeed.proctor.webapp.jobs.BackgroundJobManager.submit] - a background job was submitted : id=51 uuid=6b931f77-9821-4c1f-8d6c-e2f28fb612bc title=null
INFO  [Test worker][2023-05-01T15:04:53,327] [com.indeed.proctor.webapp.jobs.BackgroundJobManager.submit] - a background job was submitted : id=52 uuid=9d5e2fed-ac19-41ab-87f0-707eb419498a title=null
INFO  [Test worker][2023-05-01T15:04:53,327] [com.indeed.proctor.webapp.jobs.BackgroundJobManager.submit] - a background job was submitted : id=53 uuid=a849d3b4-2cfe-4951-b822-89f5ad54cce9 title=null
INFO  [Test worker][2023-05-01T15:04:53,327] [com.indeed.proctor.webapp.jobs.BackgroundJobManager.submit] - a background job was submitted : id=54 uuid=9939ad17-ffa0-4761-9195-91d950eff83d title=null
INFO  [Test worker][2023-05-01T15:04:53,327] [com.indeed.proctor.webapp.jobs.BackgroundJobManager.submit] - a background job was submitted : id=55 uuid=61ae7829-242c-427e-9a54-ead83aa14ac4 title=null
INFO  [Test worker][2023-05-01T15:04:53,328] [com.indeed.proctor.webapp.jobs.BackgroundJobManager.submit] - a background job was submitted : id=56 uuid=5dee9440-1e16-45e7-bd9b-0f9a448ce32a title=null
INFO  [Test worker][2023-05-01T15:04:53,328] [com.indeed.proctor.webapp.jobs.BackgroundJobManager.submit] - a background job was submitted : id=57 uuid=d8e1e3f9-9c53-4a36-a60e-6c35b7d4e0e2 title=null
INFO  [Test worker][2023-05-01T15:04:53,328] [com.indeed.proctor.webapp.jobs.BackgroundJobManager.submit] - a background job was submitted : id=58 uuid=6e583af1-22f6-4f57-bd70-0961142a49e8 title=null
INFO  [Test worker][2023-05-01T15:04:53,328] [com.indeed.proctor.webapp.jobs.BackgroundJobManager.submit] - a background job was submitted : id=59 uuid=4b61cfec-a952-47c4-98e3-1df76fd59dd6 title=null
INFO  [Test worker][2023-05-01T15:04:53,329] [com.indeed.proctor.webapp.jobs.BackgroundJobManager.submit] - a background job was submitted : id=60 uuid=d8d2c637-e8ba-4232-96d0-f435d1b62521 title=null
INFO  [Test worker][2023-05-01T15:04:53,329] [com.indeed.proctor.webapp.jobs.BackgroundJobManager.submit] - a background job was submitted : id=61 uuid=e1d08601-721d-4d32-8494-55481d798e86 title=null
INFO  [Test worker][2023-05-01T15:04:53,329] [com.indeed.proctor.webapp.jobs.BackgroundJobManager.submit] - a background job was submitted : id=62 uuid=dbb55268-f848-4f27-856a-3d96e3b90340 title=null
INFO  [Test worker][2023-05-01T15:04:53,330] [com.indeed.proctor.webapp.jobs.BackgroundJobManager.submit] - a background job was submitted : id=63 uuid=0aa72f5b-0cc9-4c2b-a763-e6709a4032f2 title=null
INFO  [Test worker][2023-05-01T15:04:53,330] [com.indeed.proctor.webapp.jobs.BackgroundJobManager.submit] - a background job was submitted : id=64 uuid=7760d2ef-b844-4e93-aa31-19de3e2bbef7 title=null
INFO  [Test worker][2023-05-01T15:04:53,330] [com.indeed.proctor.webapp.jobs.BackgroundJobManager.submit] - a background job was submitted : id=65 uuid=c75d4c42-c2c0-4960-bea2-bae2d7d96620 title=null
INFO  [Test worker][2023-05-01T15:04:53,330] [com.indeed.proctor.webapp.jobs.BackgroundJobManager.submit] - a background job was submitted : id=66 uuid=c3da97db-f95e-4c74-a7f8-e67ad1bbcc47 title=null
INFO  [Test worker][2023-05-01T15:04:53,331] [com.indeed.proctor.webapp.jobs.BackgroundJobManager.submit] - a background job was submitted : id=67 uuid=889c6529-a1cd-444b-80b9-95ff59754a35 title=null
INFO  [Test worker][2023-05-01T15:04:53,331] [com.indeed.proctor.webapp.jobs.BackgroundJobManager.submit] - a background job was submitted : id=68 uuid=a35a4140-28f2-47cd-9141-7e48cba46731 title=null
INFO  [Test worker][2023-05-01T15:04:53,331] [com.indeed.proctor.webapp.jobs.BackgroundJobManager.submit] - a background job was submitted : id=69 uuid=22414007-35b8-4048-bf07-8781260878bd title=null
INFO  [Test worker][2023-05-01T15:04:53,332] [com.indeed.proctor.webapp.jobs.BackgroundJobManager.submit] - a background job was submitted : id=70 uuid=49ab570d-e3f8-4d44-add5-a6d8d9b82cf3 title=null
INFO  [Test worker][2023-05-01T15:04:53,332] [com.indeed.proctor.webapp.jobs.BackgroundJobManager.submit] - a background job was submitted : id=71 uuid=4b2f10f4-dc9e-4aca-892e-66b52faa25e8 title=null
INFO  [Test worker][2023-05-01T15:04:53,332] [com.indeed.proctor.webapp.jobs.BackgroundJobManager.submit] - a background job was submitted : id=72 uuid=50f78f2b-54e8-4814-b169-d76e4eebe828 title=null
INFO  [Test worker][2023-05-01T15:04:53,332] [com.indeed.proctor.webapp.jobs.BackgroundJobManager.submit] - a background job was submitted : id=73 uuid=2fcd7325-5194-45cc-913f-5c0778efdd7c title=null
INFO  [Test worker][2023-05-01T15:04:53,333] [com.indeed.proctor.webapp.jobs.BackgroundJobManager.submit] - a background job was submitted : id=74 uuid=4b0c9bda-a554-4589-8588-c10fe9e89550 title=null
INFO  [Test worker][2023-05-01T15:04:53,333] [com.indeed.proctor.webapp.jobs.BackgroundJobManager.submit] - a background job was submitted : id=75 uuid=20d7bd14-3dca-456a-94aa-d37e8195588f title=null
INFO  [Test worker][2023-05-01T15:04:53,333] [com.indeed.proctor.webapp.jobs.BackgroundJobManager.submit] - a background job was submitted : id=76 uuid=dc7b056f-5143-49af-94e7-761d3985f21c title=null
INFO  [Test worker][2023-05-01T15:04:53,333] [com.indeed.proctor.webapp.jobs.BackgroundJobManager.submit] - a background job was submitted : id=77 uuid=e4efa94d-2203-416b-81c1-658164b58643 title=null
INFO  [Test worker][2023-05-01T15:04:53,334] [com.indeed.proctor.webapp.jobs.BackgroundJobManager.submit] - a background job was submitted : id=78 uuid=461b9b8a-eb6b-4a03-ba0c-22da526c7db9 title=null
INFO  [Test worker][2023-05-01T15:04:53,334] [com.indeed.proctor.webapp.jobs.BackgroundJobManager.submit] - a background job was submitted : id=79 uuid=c64333d4-6bb6-4f0b-b371-20f93aac81ad title=null
INFO  [Test worker][2023-05-01T15:04:53,334] [com.indeed.proctor.webapp.jobs.BackgroundJobManager.submit] - a background job was submitted : id=80 uuid=66225122-6982-444d-8e4b-c2d54ab77802 title=null
INFO  [Test worker][2023-05-01T15:04:53,334] [com.indeed.proctor.webapp.jobs.BackgroundJobManager.submit] - a background job was submitted : id=81 uuid=cace1d37-c508-45ef-823e-461a61de319d title=null
INFO  [Test worker][2023-05-01T15:04:53,335] [com.indeed.proctor.webapp.jobs.BackgroundJobManager.submit] - a background job was submitted : id=82 uuid=f2ecce4d-4cea-43e7-9dde-0536f555a28d title=null
INFO  [Test worker][2023-05-01T15:04:53,335] [com.indeed.proctor.webapp.jobs.BackgroundJobManager.submit] - a background job was submitted : id=83 uuid=4d042275-f9de-440a-a5a1-e602d8a1fd6c title=null
INFO  [Test worker][2023-05-01T15:04:53,335] [com.indeed.proctor.webapp.jobs.BackgroundJobManager.submit] - a background job was submitted : id=84 uuid=2b47be5a-2083-4970-af60-90c6a69cd0c8 title=null
INFO  [Test worker][2023-05-01T15:04:53,335] [com.indeed.proctor.webapp.jobs.BackgroundJobManager.submit] - a background job was submitted : id=85 uuid=0769f7f5-1b83-4cda-a6c7-c5870b5688de title=null
INFO  [Test worker][2023-05-01T15:04:53,336] [com.indeed.proctor.webapp.jobs.BackgroundJobManager.submit] - a background job was submitted : id=86 uuid=d63732b1-b21a-4c89-bdaf-4aca4dc00678 title=null
INFO  [Test worker][2023-05-01T15:04:53,336] [com.indeed.proctor.webapp.jobs.BackgroundJobManager.submit] - a background job was submitted : id=87 uuid=6655c830-93fe-47f6-aa80-f97981add581 title=null
INFO  [Test worker][2023-05-01T15:04:53,336] [com.indeed.proctor.webapp.jobs.BackgroundJobManager.submit] - a background job was submitted : id=88 uuid=3cc64718-255f-4847-901f-9804ae6e37f5 title=null
INFO  [Test worker][2023-05-01T15:04:53,336] [com.indeed.proctor.webapp.jobs.BackgroundJobManager.submit] - a background job was submitted : id=89 uuid=8cd9c635-c9b2-4a75-83d1-942df674a8be title=null
INFO  [Test worker][2023-05-01T15:04:53,337] [com.indeed.proctor.webapp.jobs.BackgroundJobManager.submit] - a background job was submitted : id=90 uuid=5fc215fc-77c3-492a-b981-4620750fd132 title=null
INFO  [Test worker][2023-05-01T15:04:53,337] [com.indeed.proctor.webapp.jobs.BackgroundJobManager.submit] - a background job was submitted : id=91 uuid=74112400-32ae-452b-8df1-50eea66edbaa title=null
INFO  [Test worker][2023-05-01T15:04:53,337] [com.indeed.proctor.webapp.jobs.BackgroundJobManager.submit] - a background job was submitted : id=92 uuid=767641de-503b-4cc9-ba6b-bbc81d266077 title=null
INFO  [Test worker][2023-05-01T15:04:53,337] [com.indeed.proctor.webapp.jobs.BackgroundJobManager.submit] - a background job was submitted : id=93 uuid=af3a351e-c698-4846-a46f-421eee853ed6 title=null
INFO  [Test worker][2023-05-01T15:04:53,338] [com.indeed.proctor.webapp.jobs.BackgroundJobManager.submit] - a background job was submitted : id=94 uuid=61cab6f9-8e9b-407b-af2e-82bbdf13048c title=null
INFO  [Test worker][2023-05-01T15:04:53,338] [com.indeed.proctor.webapp.jobs.BackgroundJobManager.submit] - a background job was submitted : id=95 uuid=ae5eb05a-d259-4102-9e1e-3f76b03f92f7 title=null
INFO  [Test worker][2023-05-01T15:04:53,338] [com.indeed.proctor.webapp.jobs.BackgroundJobManager.submit] - a background job was submitted : id=96 uuid=11e9195c-cbe6-4e79-8e88-4af9de7f083e title=null
INFO  [Test worker][2023-05-01T15:04:53,338] [com.indeed.proctor.webapp.jobs.BackgroundJobManager.submit] - a background job was submitted : id=97 uuid=f8f2f94f-1efc-4e71-b812-56cdbbd3676e title=null
INFO  [Test worker][2023-05-01T15:04:53,339] [com.indeed.proctor.webapp.jobs.BackgroundJobManager.submit] - a background job was submitted : id=98 uuid=28ef13ed-d9de-42bf-9968-f2c31fa0ab65 title=null
INFO  [Test worker][2023-05-01T15:04:53,339] [com.indeed.proctor.webapp.jobs.BackgroundJobManager.submit] - a background job was submitted : id=99 uuid=bd2fd7e4-fcab-4f17-9b79-eb0e07256d7f title=null
INFO  [Test worker][2023-05-01T15:04:53,339] [com.indeed.proctor.webapp.jobs.BackgroundJobManager.submit] - a background job was submitted : id=100 uuid=a94fd0ba-9dd8-4139-9d47-6d5eae988953 title=null
INFO  [Test worker][2023-05-01T15:04:53,339] [com.indeed.proctor.webapp.jobs.BackgroundJobManager.submit] - a background job was submitted : id=101 uuid=c5b2cdb4-817f-4ce3-a32f-907f31fdbf4e title=null
INFO  [Test worker][2023-05-01T15:04:53,340] [com.indeed.proctor.webapp.jobs.BackgroundJobManager.submit] - a background job was submitted : id=102 uuid=3dfa4499-5081-48ea-af8d-6a120a492ddb title=null
INFO  [Test worker][2023-05-01T15:04:53,340] [com.indeed.proctor.webapp.jobs.BackgroundJobManager.submit] - a background job was submitted : id=103 uuid=00cd3edd-c75d-4766-ba3d-60624efc8d67 title=null
INFO  [Test worker][2023-05-01T15:04:53,340] [com.indeed.proctor.webapp.jobs.BackgroundJobManager.submit] - a background job was submitted : id=104 uuid=d8055d92-f6c3-4da1-8324-591419ed3951 title=null
INFO  [Test worker][2023-05-01T15:04:53,341] [com.indeed.proctor.webapp.jobs.BackgroundJobManager.submit] - a background job was submitted : id=105 uuid=16c4ef48-af03-4866-a393-98bdbb25958b title=null
INFO  [Test worker][2023-05-01T15:04:53,341] [com.indeed.proctor.webapp.jobs.BackgroundJobManager.submit] - a background job was submitted : id=106 uuid=376a2279-e293-4e5c-bed7-e78498afcd14 title=null
INFO  [Test worker][2023-05-01T15:04:53,341] [com.indeed.proctor.webapp.jobs.BackgroundJobManager.submit] - a background job was submitted : id=107 uuid=bb0e4544-054f-4139-a6bb-c73b4548ef39 title=null
INFO  [Test worker][2023-05-01T15:04:53,341] [com.indeed.proctor.webapp.jobs.BackgroundJobManager.submit] - a background job was submitted : id=108 uuid=97443c6d-33b9-46cc-b016-efebf785f0e6 title=null
INFO  [Test worker][2023-05-01T15:04:53,342] [com.indeed.proctor.webapp.jobs.BackgroundJobManager.submit] - a background job was submitted : id=109 uuid=2da56c63-58b5-47b2-b043-5b0d17456ca6 title=null
INFO  [Test worker][2023-05-01T15:04:53,342] [com.indeed.proctor.webapp.jobs.BackgroundJobManager.submit] - a background job was submitted : id=110 uuid=ae068492-e8d5-403e-b0bd-ac066fde67c5 title=null
INFO  [Test worker][2023-05-01T15:04:53,342] [com.indeed.proctor.webapp.jobs.BackgroundJobManager.submit] - a background job was submitted : id=111 uuid=b5821f16-281e-417a-9f60-d551eab8da2d title=null
INFO  [Test worker][2023-05-01T15:04:53,342] [com.indeed.proctor.webapp.jobs.BackgroundJobManager.submit] - a background job was submitted : id=112 uuid=4cd9ff66-5bec-427b-bd0a-ac52050e9501 title=null
INFO  [Test worker][2023-05-01T15:04:53,343] [com.indeed.proctor.webapp.jobs.BackgroundJobManager.submit] - a background job was submitted : id=113 uuid=5ce7ad21-e075-4a18-aad7-ce236b8020bc title=null
INFO  [Test worker][2023-05-01T15:04:53,343] [com.indeed.proctor.webapp.jobs.BackgroundJobManager.submit] - a background job was submitted : id=114 uuid=d9a853fb-c7f6-41a6-9d33-f1e01cee8706 title=null
INFO  [Test worker][2023-05-01T15:04:53,343] [com.indeed.proctor.webapp.jobs.BackgroundJobManager.submit] - a background job was submitted : id=115 uuid=a590b9a1-534b-4195-8cb6-ad2a3aa0f484 title=null
INFO  [Test worker][2023-05-01T15:04:53,343] [com.indeed.proctor.webapp.jobs.BackgroundJobManager.submit] - a background job was submitted : id=116 uuid=0f262eb8-8107-4109-9ea2-c871283082ea title=null
INFO  [Test worker][2023-05-01T15:04:53,344] [com.indeed.proctor.webapp.jobs.BackgroundJobManager.submit] - a background job was submitted : id=117 uuid=d087a783-8c85-40bb-a721-2497a7d23fdb title=null
INFO  [Test worker][2023-05-01T15:04:53,344] [com.indeed.proctor.webapp.jobs.BackgroundJobManager.submit] - a background job was submitted : id=118 uuid=88f946de-3321-49b3-b1e1-db0ec2b83468 title=null
INFO  [Test worker][2023-05-01T15:04:53,344] [com.indeed.proctor.webapp.jobs.BackgroundJobManager.submit] - a background job was submitted : id=119 uuid=61807bf6-ea5e-4fea-b2e3-0ff7de62f95f title=null
INFO  [Test worker][2023-05-01T15:04:53,344] [com.indeed.proctor.webapp.jobs.BackgroundJobManager.submit] - a background job was submitted : id=120 uuid=f4abec7d-79f7-4b82-924a-a2ffcc15ebe4 title=null
INFO  [Test worker][2023-05-01T15:04:53,345] [com.indeed.proctor.webapp.jobs.BackgroundJobManager.submit] - a background job was submitted : id=121 uuid=8c63b9fb-2d5f-4252-a9de-16dee3057f4f title=null
INFO  [Test worker][2023-05-01T15:04:53,345] [com.indeed.proctor.webapp.jobs.BackgroundJobManager.submit] - a background job was submitted : id=122 uuid=58523256-c9de-44f5-97bf-66c73656b7e6 title=null
INFO  [Test worker][2023-05-01T15:04:53,345] [com.indeed.proctor.webapp.jobs.BackgroundJobManager.submit] - a background job was submitted : id=123 uuid=cf0e8a07-99e4-4f8e-9bf2-ed5fc0ace456 title=null
INFO  [Test worker][2023-05-01T15:04:53,345] [com.indeed.proctor.webapp.jobs.BackgroundJobManager.submit] - a background job was submitted : id=124 uuid=bbffccd9-f22f-42a4-af68-4966649d4dbd title=null
INFO  [Test worker][2023-05-01T15:04:53,346] [com.indeed.proctor.webapp.jobs.BackgroundJobManager.submit] - a background job was submitted : id=125 uuid=617844ef-62e1-4056-961e-4378eb59e7fb title=null
INFO  [Test worker][2023-05-01T15:04:53,346] [com.indeed.proctor.webapp.jobs.BackgroundJobManager.submit] - a background job was submitted : id=126 uuid=8decaa02-c206-488e-bfdc-35c3fca7145e title=null
INFO  [Test worker][2023-05-01T15:04:53,346] [com.indeed.proctor.webapp.jobs.BackgroundJobManager.submit] - a background job was submitted : id=127 uuid=f70cc9e5-eea9-431e-a47a-db9d25040921 title=null
INFO  [Test worker][2023-05-01T15:04:53,346] [com.indeed.proctor.webapp.jobs.BackgroundJobManager.submit] - a background job was submitted : id=128 uuid=b83d42d4-9d5f-41ec-84d8-a6c2754a87ac title=null
INFO  [Test worker][2023-05-01T15:04:53,347] [com.indeed.proctor.webapp.jobs.BackgroundJobManager.submit] - a background job was submitted : id=129 uuid=780a43c0-9bdd-4266-99d2-6caf794618e7 title=null
INFO  [Test worker][2023-05-01T15:04:53,347] [com.indeed.proctor.webapp.jobs.BackgroundJobManager.submit] - a background job was submitted : id=130 uuid=c4c659ec-6adb-48c2-a5ab-216f26f7b647 title=null
INFO  [Test worker][2023-05-01T15:04:53,347] [com.indeed.proctor.webapp.jobs.BackgroundJobManager.submit] - a background job was submitted : id=131 uuid=47909414-b251-4d10-82dd-4b660b793802 title=null
INFO  [Test worker][2023-05-01T15:04:53,347] [com.indeed.proctor.webapp.jobs.BackgroundJobManager.submit] - a background job was submitted : id=132 uuid=9ba43bbb-9b1c-4fa4-9e5b-851953b3fec3 title=null
INFO  [Test worker][2023-05-01T15:04:53,348] [com.indeed.proctor.webapp.jobs.BackgroundJobManager.submit] - a background job was submitted : id=133 uuid=23376d78-7c0c-4c3a-bd46-0e5d6f66bbd0 title=null
INFO  [Test worker][2023-05-01T15:04:53,348] [com.indeed.proctor.webapp.jobs.BackgroundJobManager.submit] - a background job was submitted : id=134 uuid=468c4b49-4643-4e4a-9ecb-20181e917388 title=null
INFO  [Test worker][2023-05-01T15:04:53,348] [com.indeed.proctor.webapp.jobs.BackgroundJobManager.submit] - a background job was submitted : id=135 uuid=96bf7f05-87e2-4543-ba25-2630eadd4eb4 title=null
INFO  [Test worker][2023-05-01T15:04:53,348] [com.indeed.proctor.webapp.jobs.BackgroundJobManager.submit] - a background job was submitted : id=136 uuid=5d4d84ba-e235-49af-9a45-51c8fcf27b8e title=null
INFO  [Test worker][2023-05-01T15:04:53,348] [com.indeed.proctor.webapp.jobs.BackgroundJobManager.submit] - a background job was submitted : id=137 uuid=14fe0f05-f966-4dda-8001-dfe9be68da9e title=null
INFO  [Test worker][2023-05-01T15:04:53,349] [com.indeed.proctor.webapp.jobs.BackgroundJobManager.submit] - a background job was submitted : id=138 uuid=c3f00821-d70f-4998-915a-b9b9d1c2f954 title=null
INFO  [Test worker][2023-05-01T15:04:53,349] [com.indeed.proctor.webapp.jobs.BackgroundJobManager.submit] - a background job was submitted : id=139 uuid=f7908cce-8fa4-4c02-899a-d089b077d2c1 title=null
INFO  [Test worker][2023-05-01T15:04:53,349] [com.indeed.proctor.webapp.jobs.BackgroundJobManager.submit] - a background job was submitted : id=140 uuid=41980478-2ca3-4d8e-8068-29ba0d39b5e5 title=null
INFO  [Test worker][2023-05-01T15:04:53,350] [com.indeed.proctor.webapp.jobs.BackgroundJobManager.submit] - a background job was submitted : id=141 uuid=b9c3f03b-937b-4e1f-a777-de4599a29af1 title=null
INFO  [Test worker][2023-05-01T15:04:53,350] [com.indeed.proctor.webapp.jobs.BackgroundJobManager.submit] - a background job was submitted : id=142 uuid=c350f7c6-91dc-4ca8-ba9e-5dc1abe81db3 title=null
INFO  [Test worker][2023-05-01T15:04:53,350] [com.indeed.proctor.webapp.jobs.BackgroundJobManager.submit] - a background job was submitted : id=143 uuid=cfa24e90-ac3a-4d62-938c-2806ca31cbf7 title=null
INFO  [Test worker][2023-05-01T15:04:53,350] [com.indeed.proctor.webapp.jobs.BackgroundJobManager.submit] - a background job was submitted : id=144 uuid=b7a99232-3025-4f5d-9a92-80f9fa8c5a7e title=null
INFO  [Test worker][2023-05-01T15:04:53,351] [com.indeed.proctor.webapp.jobs.BackgroundJobManager.submit] - a background job was submitted : id=145 uuid=29b9bc62-f45c-4470-8e0d-09275d3fcf7a title=null
INFO  [Test worker][2023-05-01T15:04:53,351] [com.indeed.proctor.webapp.jobs.BackgroundJobManager.submit] - a background job was submitted : id=146 uuid=85e6ed3b-1900-49d7-a9f9-82747ebc7e15 title=null
INFO  [Test worker][2023-05-01T15:04:53,351] [com.indeed.proctor.webapp.jobs.BackgroundJobManager.submit] - a background job was submitted : id=147 uuid=19fbd650-9f08-4743-877a-7ea9325cf484 title=null
INFO  [Test worker][2023-05-01T15:04:53,351] [com.indeed.proctor.webapp.jobs.BackgroundJobManager.submit] - a background job was submitted : id=148 uuid=6fc1f3aa-0f97-4694-bf0f-40f4af9ce62a title=null
INFO  [Test worker][2023-05-01T15:04:53,352] [com.indeed.proctor.webapp.jobs.BackgroundJobManager.submit] - a background job was submitted : id=149 uuid=acdbca06-c52b-46f8-bf2d-82042f60c4a0 title=null
INFO  [Test worker][2023-05-01T15:04:53,352] [com.indeed.proctor.webapp.jobs.BackgroundJobManager.submit] - a background job was submitted : id=150 uuid=cfe027ad-2e8c-4bb9-a289-8161b1ba42ee title=null
INFO  [Test worker][2023-05-01T15:04:53,352] [com.indeed.proctor.webapp.jobs.BackgroundJobManager.submit] - a background job was submitted : id=151 uuid=afce9a43-8b34-423b-866f-06af28a92bbe title=null
INFO  [Test worker][2023-05-01T15:04:53,352] [com.indeed.proctor.webapp.jobs.BackgroundJobManager.submit] - a background job was submitted : id=152 uuid=ce2335e1-8bf2-42af-9346-fefc45509e9a title=null
INFO  [Test worker][2023-05-01T15:04:53,352] [com.indeed.proctor.webapp.jobs.BackgroundJobManager.submit] - a background job was submitted : id=153 uuid=d7fda110-d498-4dbc-a6a0-a48e6f98a363 title=null
INFO  [Test worker][2023-05-01T15:04:53,353] [com.indeed.proctor.webapp.jobs.BackgroundJobManager.submit] - a background job was submitted : id=154 uuid=0144347b-872f-444b-b5a5-09e780c30614 title=null
INFO  [Test worker][2023-05-01T15:04:53,353] [com.indeed.proctor.webapp.jobs.BackgroundJobManager.submit] - a background job was submitted : id=155 uuid=32fe8561-acbb-4de7-81e8-d5be155ebe8e title=null
INFO  [Test worker][2023-05-01T15:04:53,353] [com.indeed.proctor.webapp.jobs.BackgroundJobManager.submit] - a background job was submitted : id=156 uuid=15885d6e-f0be-42a4-999d-e19f8b2c349a title=null
INFO  [Test worker][2023-05-01T15:04:53,353] [com.indeed.proctor.webapp.jobs.BackgroundJobManager.submit] - a background job was submitted : id=157 uuid=5da2b879-8599-4f2d-bb5c-d300392760b1 title=null
INFO  [Test worker][2023-05-01T15:04:53,354] [com.indeed.proctor.webapp.jobs.BackgroundJobManager.submit] - a background job was submitted : id=158 uuid=c61a2b8b-2f88-4586-9925-b0875001d8c7 title=null
INFO  [Test worker][2023-05-01T15:04:53,354] [com.indeed.proctor.webapp.jobs.BackgroundJobManager.submit] - a background job was submitted : id=159 uuid=4949ef1f-6ba4-4de3-a273-e3fe74791320 title=null
INFO  [Test worker][2023-05-01T15:04:53,354] [com.indeed.proctor.webapp.jobs.BackgroundJobManager.submit] - a background job was submitted : id=160 uuid=f4d9ef23-92a6-4bde-89e5-8ee06c3e7ce6 title=null
INFO  [Test worker][2023-05-01T15:04:53,354] [com.indeed.proctor.webapp.jobs.BackgroundJobManager.submit] - a background job was submitted : id=161 uuid=69fd0c53-97fa-4945-8590-79c354c35ae5 title=null
INFO  [Test worker][2023-05-01T15:04:53,355] [com.indeed.proctor.webapp.jobs.BackgroundJobManager.submit] - a background job was submitted : id=162 uuid=1dbfc32e-a854-48b8-b715-e0f0280ab510 title=null
INFO  [Test worker][2023-05-01T15:04:53,355] [com.indeed.proctor.webapp.jobs.BackgroundJobManager.submit] - a background job was submitted : id=163 uuid=ae1c2c52-83dc-4e18-959b-3d7ef3e2d112 title=null
INFO  [Test worker][2023-05-01T15:04:53,355] [com.indeed.proctor.webapp.jobs.BackgroundJobManager.submit] - a background job was submitted : id=164 uuid=32923bf1-7fdd-424d-9cdf-89dd435ce23a title=null
INFO  [Test worker][2023-05-01T15:04:53,355] [com.indeed.proctor.webapp.jobs.BackgroundJobManager.submit] - a background job was submitted : id=165 uuid=9de6070e-f798-43a8-b773-eeaf0890a750 title=null
INFO  [Test worker][2023-05-01T15:04:53,355] [com.indeed.proctor.webapp.jobs.BackgroundJobManager.submit] - a background job was submitted : id=166 uuid=e7b86241-8244-42da-b4f3-8391f77860ea title=null
INFO  [Test worker][2023-05-01T15:04:53,356] [com.indeed.proctor.webapp.jobs.BackgroundJobManager.submit] - a background job was submitted : id=167 uuid=a28411c3-2b9b-4b01-83e9-d9fb5ca57c51 title=null
INFO  [Test worker][2023-05-01T15:04:53,356] [com.indeed.proctor.webapp.jobs.BackgroundJobManager.submit] - a background job was submitted : id=168 uuid=16f7062a-f00c-422d-b33e-21dd73ead6fc title=null
INFO  [Test worker][2023-05-01T15:04:53,356] [com.indeed.proctor.webapp.jobs.BackgroundJobManager.submit] - a background job was submitted : id=169 uuid=d7ce119e-dcd9-4169-be55-34955581c7c2 title=null
INFO  [Test worker][2023-05-01T15:04:53,357] [com.indeed.proctor.webapp.jobs.BackgroundJobManager.submit] - a background job was submitted : id=170 uuid=f133ad76-b412-4ef3-965c-e1f7cefcbcc0 title=null
INFO  [Test worker][2023-05-01T15:04:53,357] [com.indeed.proctor.webapp.jobs.BackgroundJobManager.submit] - a background job was submitted : id=171 uuid=692fccff-e985-4783-85e4-ecb9481c4f9a title=null
INFO  [Test worker][2023-05-01T15:04:53,357] [com.indeed.proctor.webapp.jobs.BackgroundJobManager.submit] - a background job was submitted : id=172 uuid=46dea632-fe12-4184-9e7e-db33b74828fe title=null
INFO  [Test worker][2023-05-01T15:04:53,357] [com.indeed.proctor.webapp.jobs.BackgroundJobManager.submit] - a background job was submitted : id=173 uuid=ea6e3b27-0ce1-4258-a163-0065e042633e title=null
INFO  [Test worker][2023-05-01T15:04:53,358] [com.indeed.proctor.webapp.jobs.BackgroundJobManager.submit] - a background job was submitted : id=174 uuid=4e991e4a-52bf-43df-ad89-003fc04777ce title=null
INFO  [Test worker][2023-05-01T15:04:53,358] [com.indeed.proctor.webapp.jobs.BackgroundJobManager.submit] - a background job was submitted : id=175 uuid=07c365e1-4825-4396-926c-90d88d93c4b9 title=null
INFO  [Test worker][2023-05-01T15:04:53,358] [com.indeed.proctor.webapp.jobs.BackgroundJobManager.submit] - a background job was submitted : id=176 uuid=76d79f30-2dac-4587-b4d5-c313ae2763c4 title=null
INFO  [Test worker][2023-05-01T15:04:53,358] [com.indeed.proctor.webapp.jobs.BackgroundJobManager.submit] - a background job was submitted : id=177 uuid=34d49b94-de22-4f27-a6b0-f10e495c97cb title=null
INFO  [Test worker][2023-05-01T15:04:53,359] [com.indeed.proctor.webapp.jobs.BackgroundJobManager.submit] - a background job was submitted : id=178 uuid=943433e7-eed0-48ed-bedb-94ab123f630a title=null
INFO  [Test worker][2023-05-01T15:04:53,359] [com.indeed.proctor.webapp.jobs.BackgroundJobManager.submit] - a background job was submitted : id=179 uuid=3abc5a98-e857-4930-91f6-18dcea9fcc66 title=null
INFO  [Test worker][2023-05-01T15:04:53,359] [com.indeed.proctor.webapp.jobs.BackgroundJobManager.submit] - a background job was submitted : id=180 uuid=caae16fc-4302-4754-bbef-e214181751c2 title=null
INFO  [Test worker][2023-05-01T15:04:53,359] [com.indeed.proctor.webapp.jobs.BackgroundJobManager.submit] - a background job was submitted : id=181 uuid=6b197501-8058-4ac6-8373-d984f015a19b title=null
INFO  [Test worker][2023-05-01T15:04:53,359] [com.indeed.proctor.webapp.jobs.BackgroundJobManager.submit] - a background job was submitted : id=182 uuid=ccce33ec-bccb-4345-a5a2-06e2f4563cae title=null
INFO  [Test worker][2023-05-01T15:04:53,360] [com.indeed.proctor.webapp.jobs.BackgroundJobManager.submit] - a background job was submitted : id=183 uuid=6b519fd8-4363-460c-b64f-d2ad33545fff title=null
INFO  [Test worker][2023-05-01T15:04:53,360] [com.indeed.proctor.webapp.jobs.BackgroundJobManager.submit] - a background job was submitted : id=184 uuid=0b57be81-e5ff-4265-90e1-24c8e63124d6 title=null
INFO  [Test worker][2023-05-01T15:04:53,360] [com.indeed.proctor.webapp.jobs.BackgroundJobManager.submit] - a background job was submitted : id=185 uuid=5b991500-cafd-49a8-b8e2-49e6c0e1163a title=null
INFO  [Test worker][2023-05-01T15:04:53,360] [com.indeed.proctor.webapp.jobs.BackgroundJobManager.submit] - a background job was submitted : id=186 uuid=fd3408a3-f2fa-4e08-b1d0-9d9ba65c2348 title=null
INFO  [Test worker][2023-05-01T15:04:53,361] [com.indeed.proctor.webapp.jobs.BackgroundJobManager.submit] - a background job was submitted : id=187 uuid=d070da52-6748-4244-a2a9-99b90fa3b5bf title=null
INFO  [Test worker][2023-05-01T15:04:53,361] [com.indeed.proctor.webapp.jobs.BackgroundJobManager.submit] - a background job was submitted : id=188 uuid=9d1f3968-8f2f-431f-acf1-e6bd538651a7 title=null
INFO  [Test worker][2023-05-01T15:04:53,361] [com.indeed.proctor.webapp.jobs.BackgroundJobManager.submit] - a background job was submitted : id=189 uuid=bb344b5a-04c0-48fc-a646-87682b7079a7 title=null
INFO  [Test worker][2023-05-01T15:04:53,361] [com.indeed.proctor.webapp.jobs.BackgroundJobManager.submit] - a background job was submitted : id=190 uuid=aa1e42ca-22da-4d8b-a584-c123f257ceac title=null
INFO  [Test worker][2023-05-01T15:04:53,361] [com.indeed.proctor.webapp.jobs.BackgroundJobManager.submit] - a background job was submitted : id=191 uuid=f2867a9f-48da-4031-a929-2488dabefe47 title=null
INFO  [Test worker][2023-05-01T15:04:53,362] [com.indeed.proctor.webapp.jobs.BackgroundJobManager.submit] - a background job was submitted : id=192 uuid=d2705f3d-9129-494b-87e3-7644aafcbda8 title=null
INFO  [Test worker][2023-05-01T15:04:53,362] [com.indeed.proctor.webapp.jobs.BackgroundJobManager.submit] - a background job was submitted : id=193 uuid=b4a53952-f735-41a1-acf2-9b2a051a59d9 title=null
INFO  [Test worker][2023-05-01T15:04:53,362] [com.indeed.proctor.webapp.jobs.BackgroundJobManager.submit] - a background job was submitted : id=194 uuid=67375508-eebf-428e-876e-4cdaa90f270b title=null
INFO  [Test worker][2023-05-01T15:04:53,362] [com.indeed.proctor.webapp.jobs.BackgroundJobManager.submit] - a background job was submitted : id=195 uuid=6a574c72-c3a3-451c-b3dd-67b9f089d414 title=null
INFO  [Test worker][2023-05-01T15:04:53,363] [com.indeed.proctor.webapp.jobs.BackgroundJobManager.submit] - a background job was submitted : id=196 uuid=babb0154-23c3-4554-a1b1-dd79c57444a9 title=null
INFO  [Test worker][2023-05-01T15:04:53,363] [com.indeed.proctor.webapp.jobs.BackgroundJobManager.submit] - a background job was submitted : id=197 uuid=6e77e105-838f-450e-ba74-6c4646bfdd80 title=null
INFO  [Test worker][2023-05-01T15:04:53,363] [com.indeed.proctor.webapp.jobs.BackgroundJobManager.submit] - a background job was submitted : id=198 uuid=da0f6b83-ece6-4121-8650-c1d5cd57e06f title=null
INFO  [Test worker][2023-05-01T15:04:53,363] [com.indeed.proctor.webapp.jobs.BackgroundJobManager.submit] - a background job was submitted : id=199 uuid=4c6ad445-2243-44b5-9ab2-759e50b04b12 title=null
INFO  [Test worker][2023-05-01T15:04:53,363] [com.indeed.proctor.webapp.jobs.BackgroundJobManager.submit] - a background job was submitted : id=200 uuid=69fc4f9b-8608-47d7-968d-e1f426fdda5c title=null
INFO  [Test worker][2023-05-01T15:04:53,364] [com.indeed.proctor.webapp.jobs.BackgroundJobManager.submit] - a background job was submitted : id=201 uuid=fb7e9dd8-f5a4-4739-b76b-dc00a44c189d title=null
INFO  [Test worker][2023-05-01T15:04:53,364] [com.indeed.proctor.webapp.jobs.BackgroundJobManager.submit] - a background job was submitted : id=202 uuid=10ba5a4a-bbbe-4601-9018-a7f2876dca57 title=null
INFO  [Test worker][2023-05-01T15:04:53,364] [com.indeed.proctor.webapp.jobs.BackgroundJobManager.submit] - a background job was submitted : id=203 uuid=0c36135e-ff02-4f54-aa1d-885d7ddb47bc title=null
INFO  [Test worker][2023-05-01T15:04:53,364] [com.indeed.proctor.webapp.jobs.BackgroundJobManager.submit] - a background job was submitted : id=204 uuid=94e5c2c6-f0f0-4a89-8175-bb2f0bfc2cf9 title=null
INFO  [Test worker][2023-05-01T15:04:53,364] [com.indeed.proctor.webapp.jobs.BackgroundJobManager.submit] - a background job was submitted : id=205 uuid=d1d309d6-3cc9-466d-850c-f6aaac1e0f14 title=null
INFO  [Test worker][2023-05-01T15:04:53,365] [com.indeed.proctor.webapp.jobs.BackgroundJobManager.submit] - a background job was submitted : id=206 uuid=2b173e68-2d7a-41ad-b297-c917fa3fcde2 title=null
INFO  [Test worker][2023-05-01T15:04:53,365] [com.indeed.proctor.webapp.jobs.BackgroundJobManager.submit] - a background job was submitted : id=207 uuid=209062b2-8224-4de4-973f-2134c34295ef title=null
INFO  [Test worker][2023-05-01T15:04:53,365] [com.indeed.proctor.webapp.jobs.BackgroundJobManager.submit] - a background job was submitted : id=208 uuid=d55b7683-3cb6-43e6-8f19-c795dd08ede3 title=null
INFO  [Test worker][2023-05-01T15:04:53,365] [com.indeed.proctor.webapp.jobs.BackgroundJobManager.submit] - a background job was submitted : id=209 uuid=58d42510-b02e-44dd-b29c-f5fe55c3ac70 title=null
INFO  [Test worker][2023-05-01T15:04:53,366] [com.indeed.proctor.webapp.jobs.BackgroundJobManager.submit] - a background job was submitted : id=210 uuid=b2eb6e15-fde6-4a74-8d87-c75b005084eb title=null
INFO  [Test worker][2023-05-01T15:04:53,366] [com.indeed.proctor.webapp.jobs.BackgroundJobManager.submit] - a background job was submitted : id=211 uuid=905d2b23-010d-4bb6-8ab7-f95b3d473737 title=null
INFO  [Test worker][2023-05-01T15:04:53,366] [com.indeed.proctor.webapp.jobs.BackgroundJobManager.submit] - a background job was submitted : id=212 uuid=8d2f18d5-cfd9-4eff-ba58-35c9ef321660 title=null
INFO  [Test worker][2023-05-01T15:04:53,366] [com.indeed.proctor.webapp.jobs.BackgroundJobManager.submit] - a background job was submitted : id=213 uuid=6df9f379-e345-43e3-b65e-468068dcf6ba title=null
INFO  [Test worker][2023-05-01T15:04:53,366] [com.indeed.proctor.webapp.jobs.BackgroundJobManager.submit] - a background job was submitted : id=214 uuid=494bdb57-ea8f-4c23-a727-ae34b55ec7dd title=null
INFO  [Test worker][2023-05-01T15:04:53,367] [com.indeed.proctor.webapp.jobs.BackgroundJobManager.submit] - a background job was submitted : id=215 uuid=09b40fbb-6a49-4478-a767-dd2d7653f9f5 title=null
INFO  [Test worker][2023-05-01T15:04:53,367] [com.indeed.proctor.webapp.jobs.BackgroundJobManager.submit] - a background job was submitted : id=216 uuid=0d54b5a9-fb2d-4802-833c-2fe661cce9bb title=null
INFO  [Test worker][2023-05-01T15:04:53,367] [com.indeed.proctor.webapp.jobs.BackgroundJobManager.submit] - a background job was submitted : id=217 uuid=f9df33dd-75ef-4a5a-a140-48dc899ca122 title=null
INFO  [Test worker][2023-05-01T15:04:53,367] [com.indeed.proctor.webapp.jobs.BackgroundJobManager.submit] - a background job was submitted : id=218 uuid=6a156762-6f53-4773-84ed-633e9aee02b6 title=null
INFO  [Test worker][2023-05-01T15:04:53,367] [com.indeed.proctor.webapp.jobs.BackgroundJobManager.submit] - a background job was submitted : id=219 uuid=e6c96507-cde5-4974-89c7-08fd649ca4d2 title=null
INFO  [Test worker][2023-05-01T15:04:53,368] [com.indeed.proctor.webapp.jobs.BackgroundJobManager.submit] - a background job was submitted : id=220 uuid=0fba536c-b634-4d55-9a1a-7eb8561f5e70 title=null
INFO  [Test worker][2023-05-01T15:04:53,368] [com.indeed.proctor.webapp.jobs.BackgroundJobManager.submit] - a background job was submitted : id=221 uuid=6e39edcd-50df-4dda-9a8d-70cef9652da9 title=null
INFO  [Test worker][2023-05-01T15:04:53,368] [com.indeed.proctor.webapp.jobs.BackgroundJobManager.submit] - a background job was submitted : id=222 uuid=a5fd4b82-3f64-4369-976a-5549b96e8158 title=null
INFO  [Test worker][2023-05-01T15:04:53,368] [com.indeed.proctor.webapp.jobs.BackgroundJobManager.submit] - a background job was submitted : id=223 uuid=4b5438ca-295a-460b-b1f5-21cd5ab5b310 title=null
INFO  [Test worker][2023-05-01T15:04:53,369] [com.indeed.proctor.webapp.jobs.BackgroundJobManager.submit] - a background job was submitted : id=224 uuid=ca22e6c4-a04e-413e-b528-bab46480a291 title=null
INFO  [Test worker][2023-05-01T15:04:53,369] [com.indeed.proctor.webapp.jobs.BackgroundJobManager.submit] - a background job was submitted : id=225 uuid=d0e3da89-40ce-4655-85cb-a7a53cee6628 title=null
INFO  [Test worker][2023-05-01T15:04:53,369] [com.indeed.proctor.webapp.jobs.BackgroundJobManager.submit] - a background job was submitted : id=226 uuid=4c58b553-f552-4c8f-aea7-023ff84290e0 title=null
INFO  [Test worker][2023-05-01T15:04:53,369] [com.indeed.proctor.webapp.jobs.BackgroundJobManager.submit] - a background job was submitted : id=227 uuid=1674db77-c9bf-4d0e-8f29-66d59380de2b title=null
INFO  [Test worker][2023-05-01T15:04:53,370] [com.indeed.proctor.webapp.jobs.BackgroundJobManager.submit] - a background job was submitted : id=228 uuid=16adcbf6-769f-4489-9e62-8fa4812e8496 title=null
INFO  [Test worker][2023-05-01T15:04:53,370] [com.indeed.proctor.webapp.jobs.BackgroundJobManager.submit] - a background job was submitted : id=229 uuid=2aadc973-1cb2-4b23-ba24-6017a5c562e2 title=null
INFO  [Test worker][2023-05-01T15:04:53,370] [com.indeed.proctor.webapp.jobs.BackgroundJobManager.submit] - a background job was submitted : id=230 uuid=6fdba1ba-b43e-40a4-870a-e651ff352b6c title=null
INFO  [Test worker][2023-05-01T15:04:53,370] [com.indeed.proctor.webapp.jobs.BackgroundJobManager.submit] - a background job was submitted : id=231 uuid=b5322064-8058-44ee-addd-27e40f8066fc title=null
INFO  [Test worker][2023-05-01T15:04:53,371] [com.indeed.proctor.webapp.jobs.BackgroundJobManager.submit] - a background job was submitted : id=232 uuid=5bed3201-ca8e-43dd-b764-3908cef0b7df title=null
INFO  [Test worker][2023-05-01T15:04:53,371] [com.indeed.proctor.webapp.jobs.BackgroundJobManager.submit] - a background job was submitted : id=233 uuid=d2340be6-db89-4622-9013-693838b50f67 title=null
INFO  [Test worker][2023-05-01T15:04:53,371] [com.indeed.proctor.webapp.jobs.BackgroundJobManager.submit] - a background job was submitted : id=234 uuid=664c668b-5b63-427f-aae2-b573665985d7 title=null
INFO  [Test worker][2023-05-01T15:04:53,372] [com.indeed.proctor.webapp.jobs.BackgroundJobManager.submit] - a background job was submitted : id=235 uuid=868c4357-0a54-4bb8-a149-a981392ebdaf title=null
INFO  [Test worker][2023-05-01T15:04:53,372] [com.indeed.proctor.webapp.jobs.BackgroundJobManager.submit] - a background job was submitted : id=236 uuid=efa37083-6d9e-491e-beb4-c1c4c3f9af20 title=null
INFO  [Test worker][2023-05-01T15:04:53,372] [com.indeed.proctor.webapp.jobs.BackgroundJobManager.submit] - a background job was submitted : id=237 uuid=34c5f1cf-618c-4d6b-ad74-b041c58d533c title=null
INFO  [Test worker][2023-05-01T15:04:53,372] [com.indeed.proctor.webapp.jobs.BackgroundJobManager.submit] - a background job was submitted : id=238 uuid=ad64bdab-a1c5-4d43-897e-e988845b6a91 title=null
INFO  [Test worker][2023-05-01T15:04:53,373] [com.indeed.proctor.webapp.jobs.BackgroundJobManager.submit] - a background job was submitted : id=239 uuid=c2e8bdc0-0d2a-4207-a264-fd89ac54a048 title=null
INFO  [Test worker][2023-05-01T15:04:53,373] [com.indeed.proctor.webapp.jobs.BackgroundJobManager.submit] - a background job was submitted : id=240 uuid=30d733b7-f5c8-45ef-8d5b-357585dc5348 title=null
INFO  [Test worker][2023-05-01T15:04:53,373] [com.indeed.proctor.webapp.jobs.BackgroundJobManager.submit] - a background job was submitted : id=241 uuid=d38df267-a034-4ea2-8977-69e4e5126409 title=null
INFO  [Test worker][2023-05-01T15:04:53,373] [com.indeed.proctor.webapp.jobs.BackgroundJobManager.submit] - a background job was submitted : id=242 uuid=44f6b09d-8c1a-4b3e-a078-ff9440af1ac5 title=null
INFO  [Test worker][2023-05-01T15:04:53,374] [com.indeed.proctor.webapp.jobs.BackgroundJobManager.submit] - a background job was submitted : id=243 uuid=5f6563ea-a348-4975-83b6-078fdb483875 title=null
INFO  [Test worker][2023-05-01T15:04:53,374] [com.indeed.proctor.webapp.jobs.BackgroundJobManager.submit] - a background job was submitted : id=244 uuid=46feb4ad-86a6-4eed-bc4c-fb3089b84f4d title=null
INFO  [Test worker][2023-05-01T15:04:53,374] [com.indeed.proctor.webapp.jobs.BackgroundJobManager.submit] - a background job was submitted : id=245 uuid=aace43b2-52a2-4723-a1f7-fc102d937eb4 title=null
INFO  [Test worker][2023-05-01T15:04:53,374] [com.indeed.proctor.webapp.jobs.BackgroundJobManager.submit] - a background job was submitted : id=246 uuid=f80d9ec0-418d-4712-b260-5590418294e0 title=null
INFO  [Test worker][2023-05-01T15:04:53,374] [com.indeed.proctor.webapp.jobs.BackgroundJobManager.submit] - a background job was submitted : id=247 uuid=181b9a01-b91e-49cc-947d-cc2f40065663 title=null
INFO  [Test worker][2023-05-01T15:04:53,375] [com.indeed.proctor.webapp.jobs.BackgroundJobManager.submit] - a background job was submitted : id=248 uuid=6443f567-4e1d-4f18-b762-3d71e57b1513 title=null
INFO  [Test worker][2023-05-01T15:04:53,375] [com.indeed.proctor.webapp.jobs.BackgroundJobManager.submit] - a background job was submitted : id=249 uuid=a8bf20b0-b53d-4220-b49b-a40fdfb5237f title=null
INFO  [Test worker][2023-05-01T15:04:53,375] [com.indeed.proctor.webapp.jobs.BackgroundJobManager.submit] - a background job was submitted : id=250 uuid=7fd28c66-81c9-411d-9af7-167b6adcc77f title=null
INFO  [Test worker][2023-05-01T15:04:53,375] [com.indeed.proctor.webapp.jobs.BackgroundJobManager.submit] - a background job was submitted : id=251 uuid=87286383-4572-4598-8f41-c2f334a47d4f title=null
INFO  [Test worker][2023-05-01T15:04:53,375] [com.indeed.proctor.webapp.jobs.BackgroundJobManager.submit] - a background job was submitted : id=252 uuid=bae2420a-b09a-4a73-adb0-00bb737b11e3 title=null
INFO  [Test worker][2023-05-01T15:04:53,376] [com.indeed.proctor.webapp.jobs.BackgroundJobManager.submit] - a background job was submitted : id=253 uuid=57573014-ad21-47e7-8b9e-71375754ddb5 title=null
INFO  [Test worker][2023-05-01T15:04:53,376] [com.indeed.proctor.webapp.jobs.BackgroundJobManager.submit] - a background job was submitted : id=254 uuid=ee1b5136-2c3f-4a94-a3a9-dfdeb16a9819 title=null
INFO  [Test worker][2023-05-01T15:04:53,376] [com.indeed.proctor.webapp.jobs.BackgroundJobManager.submit] - a background job was submitted : id=255 uuid=1f4585f2-e68c-41ec-9279-c99b21af8082 title=null
INFO  [Test worker][2023-05-01T15:04:53,376] [com.indeed.proctor.webapp.jobs.BackgroundJobManager.submit] - a background job was submitted : id=256 uuid=1fc6f316-ec91-4edf-8e0e-841011f131bf title=null
INFO  [Test worker][2023-05-01T15:04:53,377] [com.indeed.proctor.webapp.jobs.BackgroundJobManager.submit] - a background job was submitted : id=257 uuid=71462b2c-e7bd-4387-bedf-767b12c3b98b title=null
INFO  [Test worker][2023-05-01T15:04:53,377] [com.indeed.proctor.webapp.jobs.BackgroundJobManager.submit] - a background job was submitted : id=258 uuid=dffd809a-bbaa-475f-b4d7-2f5e7dbb3225 title=null
INFO  [Test worker][2023-05-01T15:04:53,377] [com.indeed.proctor.webapp.jobs.BackgroundJobManager.submit] - a background job was submitted : id=259 uuid=42619908-12b2-4097-af08-50d52ab00787 title=null
INFO  [Test worker][2023-05-01T15:04:53,377] [com.indeed.proctor.webapp.jobs.BackgroundJobManager.submit] - a background job was submitted : id=260 uuid=cc1394f5-49bc-465c-a33e-e954abd2544f title=null
INFO  [Test worker][2023-05-01T15:04:53,378] [com.indeed.proctor.webapp.jobs.BackgroundJobManager.submit] - a background job was submitted : id=261 uuid=da6b6ff7-a37e-4e6d-95d1-ec2eaa793777 title=null
INFO  [Test worker][2023-05-01T15:04:53,378] [com.indeed.proctor.webapp.jobs.BackgroundJobManager.submit] - a background job was submitted : id=262 uuid=6a4c9d8f-6339-4a1b-88a7-15193e14cbd3 title=null
INFO  [Test worker][2023-05-01T15:04:53,378] [com.indeed.proctor.webapp.jobs.BackgroundJobManager.submit] - a background job was submitted : id=263 uuid=b7e853db-2b9f-4056-89f5-38d99d64ffd6 title=null
INFO  [Test worker][2023-05-01T15:04:53,378] [com.indeed.proctor.webapp.jobs.BackgroundJobManager.submit] - a background job was submitted : id=264 uuid=4f955db8-f34e-45c2-8ef3-5e31af222b90 title=null
INFO  [Test worker][2023-05-01T15:04:53,378] [com.indeed.proctor.webapp.jobs.BackgroundJobManager.submit] - a background job was submitted : id=265 uuid=25df0d65-dfe8-4fd8-809f-e44ae7e05eb7 title=null
INFO  [Test worker][2023-05-01T15:04:53,379] [com.indeed.proctor.webapp.jobs.BackgroundJobManager.submit] - a background job was submitted : id=266 uuid=34fea25f-4975-4737-b117-401131c3e55b title=null
INFO  [Test worker][2023-05-01T15:04:53,379] [com.indeed.proctor.webapp.jobs.BackgroundJobManager.submit] - a background job was submitted : id=267 uuid=f6780f7f-4eb4-4b86-928e-0927611ab6a3 title=null
INFO  [Test worker][2023-05-01T15:04:53,379] [com.indeed.proctor.webapp.jobs.BackgroundJobManager.submit] - a background job was submitted : id=268 uuid=9c81cbcf-738e-41ad-b8af-cda8603d9997 title=null
INFO  [Test worker][2023-05-01T15:04:53,380] [com.indeed.proctor.webapp.jobs.BackgroundJobManager.submit] - a background job was submitted : id=269 uuid=43b53fae-62e1-4d87-b2e2-4c87157b635d title=null
INFO  [Test worker][2023-05-01T15:04:53,380] [com.indeed.proctor.webapp.jobs.BackgroundJobManager.submit] - a background job was submitted : id=270 uuid=a94f33ed-a89f-48d3-ab20-77394645ba24 title=null
INFO  [Test worker][2023-05-01T15:04:53,380] [com.indeed.proctor.webapp.jobs.BackgroundJobManager.submit] - a background job was submitted : id=271 uuid=25fa91c2-18d4-4169-948d-a40e5c36a5f9 title=null
INFO  [Test worker][2023-05-01T15:04:53,380] [com.indeed.proctor.webapp.jobs.BackgroundJobManager.submit] - a background job was submitted : id=272 uuid=81e09e88-720b-4179-9dcd-f2177e9530dd title=null
INFO  [Test worker][2023-05-01T15:04:53,381] [com.indeed.proctor.webapp.jobs.BackgroundJobManager.submit] - a background job was submitted : id=273 uuid=fd24d623-2ea1-4c7b-a266-9e6570a9a955 title=null
INFO  [Test worker][2023-05-01T15:04:53,381] [com.indeed.proctor.webapp.jobs.BackgroundJobManager.submit] - a background job was submitted : id=274 uuid=d7f3caba-68c5-4e18-a0a1-455ee0b5c9be title=null
INFO  [Test worker][2023-05-01T15:04:53,381] [com.indeed.proctor.webapp.jobs.BackgroundJobManager.submit] - a background job was submitted : id=275 uuid=e9681d9c-e28d-4e1b-912a-02f92d7661b2 title=null
INFO  [Test worker][2023-05-01T15:04:53,381] [com.indeed.proctor.webapp.jobs.BackgroundJobManager.submit] - a background job was submitted : id=276 uuid=13473a24-53e2-4842-a439-635df572a7e0 title=null
INFO  [Test worker][2023-05-01T15:04:53,381] [com.indeed.proctor.webapp.jobs.BackgroundJobManager.submit] - a background job was submitted : id=277 uuid=4b6c691d-fc66-421b-9ed6-9ebaabed5d45 title=null
INFO  [Test worker][2023-05-01T15:04:53,382] [com.indeed.proctor.webapp.jobs.BackgroundJobManager.submit] - a background job was submitted : id=278 uuid=22e2a21d-2c32-4e3e-92b8-daf4614d9cce title=null
INFO  [Test worker][2023-05-01T15:04:53,382] [com.indeed.proctor.webapp.jobs.BackgroundJobManager.submit] - a background job was submitted : id=279 uuid=e32c5513-2a06-4491-a156-5ab9c140c67d title=null
INFO  [Test worker][2023-05-01T15:04:53,382] [com.indeed.proctor.webapp.jobs.BackgroundJobManager.submit] - a background job was submitted : id=280 uuid=24b880f9-a087-4612-bce4-179b1be22115 title=null
INFO  [Test worker][2023-05-01T15:04:53,382] [com.indeed.proctor.webapp.jobs.BackgroundJobManager.submit] - a background job was submitted : id=281 uuid=5b549b0b-2f7e-4dfa-919d-9929aaa33c77 title=null
INFO  [Test worker][2023-05-01T15:04:53,382] [com.indeed.proctor.webapp.jobs.BackgroundJobManager.submit] - a background job was submitted : id=282 uuid=d98250d1-8fe7-4985-80a7-48d40f39b183 title=null
INFO  [Test worker][2023-05-01T15:04:53,382] [com.indeed.proctor.webapp.jobs.BackgroundJobManager.submit] - a background job was submitted : id=283 uuid=4d33d0df-a2af-4f75-a3c3-8623d103b170 title=null
INFO  [Test worker][2023-05-01T15:04:53,383] [com.indeed.proctor.webapp.jobs.BackgroundJobManager.submit] - a background job was submitted : id=284 uuid=93115c78-cc89-44aa-b373-578dc47d129c title=null
INFO  [Test worker][2023-05-01T15:04:53,383] [com.indeed.proctor.webapp.jobs.BackgroundJobManager.submit] - a background job was submitted : id=285 uuid=1d853d70-b097-426d-a876-61e9ea1862a3 title=null
INFO  [Test worker][2023-05-01T15:04:53,383] [com.indeed.proctor.webapp.jobs.BackgroundJobManager.submit] - a background job was submitted : id=286 uuid=aee0c258-0bfe-4bd7-b5a3-4d399237f713 title=null
INFO  [Test worker][2023-05-01T15:04:53,383] [com.indeed.proctor.webapp.jobs.BackgroundJobManager.submit] - a background job was submitted : id=287 uuid=2204350c-8260-48d1-8ff7-f4ef38291017 title=null
INFO  [Test worker][2023-05-01T15:04:53,383] [com.indeed.proctor.webapp.jobs.BackgroundJobManager.submit] - a background job was submitted : id=288 uuid=ecb31e9a-4963-4a6c-889c-46da1d4c67b4 title=null
INFO  [Test worker][2023-05-01T15:04:53,384] [com.indeed.proctor.webapp.jobs.BackgroundJobManager.submit] - a background job was submitted : id=289 uuid=bde67a60-4872-4890-9d23-2e7486658616 title=null
INFO  [Test worker][2023-05-01T15:04:53,384] [com.indeed.proctor.webapp.jobs.BackgroundJobManager.submit] - a background job was submitted : id=290 uuid=b0691b34-b4ef-4ea6-ac3c-d458fd08abc8 title=null
INFO  [Test worker][2023-05-01T15:04:53,384] [com.indeed.proctor.webapp.jobs.BackgroundJobManager.submit] - a background job was submitted : id=291 uuid=83caafaa-74de-419b-93df-7bd38dec41de title=null
INFO  [Test worker][2023-05-01T15:04:53,384] [com.indeed.proctor.webapp.jobs.BackgroundJobManager.submit] - a background job was submitted : id=292 uuid=c50c0cc4-b00e-4208-9ed2-bddf03433ccd title=null
INFO  [Test worker][2023-05-01T15:04:53,384] [com.indeed.proctor.webapp.jobs.BackgroundJobManager.submit] - a background job was submitted : id=293 uuid=c740e34c-4c3b-47ed-bddf-4a6e136d476f title=null
INFO  [Test worker][2023-05-01T15:04:53,385] [com.indeed.proctor.webapp.jobs.BackgroundJobManager.submit] - a background job was submitted : id=294 uuid=7be502e0-16e8-44b4-828a-57308ea7a29e title=null
INFO  [Test worker][2023-05-01T15:04:53,385] [com.indeed.proctor.webapp.jobs.BackgroundJobManager.submit] - a background job was submitted : id=295 uuid=1a9d25d4-313d-48f1-b004-8f9cce4116e7 title=null
INFO  [Test worker][2023-05-01T15:04:53,385] [com.indeed.proctor.webapp.jobs.BackgroundJobManager.submit] - a background job was submitted : id=296 uuid=2a4b34f4-3014-46ce-952f-694eb4f562ab title=null
INFO  [Test worker][2023-05-01T15:04:53,385] [com.indeed.proctor.webapp.jobs.BackgroundJobManager.submit] - a background job was submitted : id=297 uuid=a38ee919-7554-4784-850e-54ed97cde884 title=null
INFO  [Test worker][2023-05-01T15:04:53,386] [com.indeed.proctor.webapp.jobs.BackgroundJobManager.submit] - a background job was submitted : id=298 uuid=7fc86252-f783-48b3-a2a6-60cb71e86f5d title=null
INFO  [Test worker][2023-05-01T15:04:53,386] [com.indeed.proctor.webapp.jobs.BackgroundJobManager.submit] - a background job was submitted : id=299 uuid=fa1f4e36-4337-4502-bac3-2e18a7405752 title=null
INFO  [Test worker][2023-05-01T15:04:53,386] [com.indeed.proctor.webapp.jobs.BackgroundJobManager.submit] - a background job was submitted : id=300 uuid=1720fcd1-088b-4aa3-a747-b4fea00d9a0d title=null
INFO  [Test worker][2023-05-01T15:04:53,386] [com.indeed.proctor.webapp.jobs.BackgroundJobManager.submit] - a background job was submitted : id=301 uuid=ef3abefb-1d4a-48ee-92c1-8e8f65600edc title=null
INFO  [Test worker][2023-05-01T15:04:53,386] [com.indeed.proctor.webapp.jobs.BackgroundJobManager.submit] - a background job was submitted : id=302 uuid=2ed2ab60-8c8b-4161-b304-35eba4677b49 title=null
INFO  [Test worker][2023-05-01T15:04:53,387] [com.indeed.proctor.webapp.jobs.BackgroundJobManager.submit] - a background job was submitted : id=303 uuid=d3b1f932-646e-4862-b95f-2f7b151e4750 title=null
INFO  [Test worker][2023-05-01T15:04:53,387] [com.indeed.proctor.webapp.jobs.BackgroundJobManager.submit] - a background job was submitted : id=304 uuid=50be3003-0350-48c1-9b95-f117668301f9 title=null
INFO  [Test worker][2023-05-01T15:04:53,387] [com.indeed.proctor.webapp.jobs.BackgroundJobManager.submit] - a background job was submitted : id=305 uuid=c6ff4e4d-2391-4fc6-96d6-fa5ef35b2fa8 title=null
INFO  [Test worker][2023-05-01T15:04:53,387] [com.indeed.proctor.webapp.jobs.BackgroundJobManager.submit] - a background job was submitted : id=306 uuid=e4a3984e-df29-45f3-a61c-3abac8f58650 title=null
INFO  [Test worker][2023-05-01T15:04:53,387] [com.indeed.proctor.webapp.jobs.BackgroundJobManager.submit] - a background job was submitted : id=307 uuid=4cb22d80-4923-445a-b60c-16d267afab53 title=null
INFO  [Test worker][2023-05-01T15:04:53,388] [com.indeed.proctor.webapp.jobs.BackgroundJobManager.submit] - a background job was submitted : id=308 uuid=862c48ef-0250-4b4a-a61f-e3748a587831 title=null
INFO  [Test worker][2023-05-01T15:04:53,388] [com.indeed.proctor.webapp.jobs.BackgroundJobManager.submit] - a background job was submitted : id=309 uuid=0d7ec30d-81ce-4a62-ae6c-09ed70700c6c title=null
INFO  [Test worker][2023-05-01T15:04:53,388] [com.indeed.proctor.webapp.jobs.BackgroundJobManager.submit] - a background job was submitted : id=310 uuid=48acefef-0b62-47f4-88d0-ae1743f35641 title=null
INFO  [Test worker][2023-05-01T15:04:53,388] [com.indeed.proctor.webapp.jobs.BackgroundJobManager.submit] - a background job was submitted : id=311 uuid=ee594a7e-3689-447d-b9df-ed50d1cac971 title=null
INFO  [Test worker][2023-05-01T15:04:53,388] [com.indeed.proctor.webapp.jobs.BackgroundJobManager.submit] - a background job was submitted : id=312 uuid=4b2125b6-44f6-4e0b-94ca-1ea716a437ac title=null
INFO  [Test worker][2023-05-01T15:04:53,388] [com.indeed.proctor.webapp.jobs.BackgroundJobManager.submit] - a background job was submitted : id=313 uuid=d9984800-9b9d-4040-9a87-15cb3334f01e title=null
INFO  [Test worker][2023-05-01T15:04:53,389] [com.indeed.proctor.webapp.jobs.BackgroundJobManager.submit] - a background job was submitted : id=314 uuid=f9d650f0-fd80-4180-ac75-eff19950fe44 title=null
INFO  [Test worker][2023-05-01T15:04:53,389] [com.indeed.proctor.webapp.jobs.BackgroundJobManager.submit] - a background job was submitted : id=315 uuid=1998cdf5-c169-4560-ae24-7bf67f648efb title=null
INFO  [Test worker][2023-05-01T15:04:53,389] [com.indeed.proctor.webapp.jobs.BackgroundJobManager.submit] - a background job was submitted : id=316 uuid=1b98d0a5-6c9b-4457-b70f-1b65291c4be1 title=null
INFO  [Test worker][2023-05-01T15:04:53,389] [com.indeed.proctor.webapp.jobs.BackgroundJobManager.submit] - a background job was submitted : id=317 uuid=39fb317e-cf26-4315-bd83-9527b4d50da9 title=null
INFO  [Test worker][2023-05-01T15:04:53,389] [com.indeed.proctor.webapp.jobs.BackgroundJobManager.submit] - a background job was submitted : id=318 uuid=9b1bbea5-e33e-49f8-b5e1-23f397a5c529 title=null
INFO  [Test worker][2023-05-01T15:04:53,390] [com.indeed.proctor.webapp.jobs.BackgroundJobManager.submit] - a background job was submitted : id=319 uuid=0f00309e-a370-4705-9f28-65b07093c371 title=null
INFO  [Test worker][2023-05-01T15:04:53,390] [com.indeed.proctor.webapp.jobs.BackgroundJobManager.submit] - a background job was submitted : id=320 uuid=b996bd22-b305-41b4-bcb1-143acd17da11 title=null
INFO  [Test worker][2023-05-01T15:04:53,390] [com.indeed.proctor.webapp.jobs.BackgroundJobManager.submit] - a background job was submitted : id=321 uuid=09dcab6e-253d-428c-89a8-8e487769efad title=null
INFO  [Test worker][2023-05-01T15:04:53,390] [com.indeed.proctor.webapp.jobs.BackgroundJobManager.submit] - a background job was submitted : id=322 uuid=c1eb26ed-e093-4002-9a52-31e02b0770c1 title=null
INFO  [Test worker][2023-05-01T15:04:53,390] [com.indeed.proctor.webapp.jobs.BackgroundJobManager.submit] - a background job was submitted : id=323 uuid=75356368-495c-4e35-a2af-e60a104e5d49 title=null
INFO  [Test worker][2023-05-01T15:04:53,391] [com.indeed.proctor.webapp.jobs.BackgroundJobManager.submit] - a background job was submitted : id=324 uuid=a83cc0ec-9b79-4d60-ba46-a4fd07d79957 title=null
INFO  [Test worker][2023-05-01T15:04:53,391] [com.indeed.proctor.webapp.jobs.BackgroundJobManager.submit] - a background job was submitted : id=325 uuid=ea72a91c-d3e9-4286-84e1-e525cdb0d882 title=null
INFO  [Test worker][2023-05-01T15:04:53,391] [com.indeed.proctor.webapp.jobs.BackgroundJobManager.submit] - a background job was submitted : id=326 uuid=d27a8abc-90ad-46e5-9b61-1e27f1f5b761 title=null
INFO  [Test worker][2023-05-01T15:04:53,391] [com.indeed.proctor.webapp.jobs.BackgroundJobManager.submit] - a background job was submitted : id=327 uuid=b1b3a030-6ee6-4274-bed9-cfeb3b1b05d9 title=null
INFO  [Test worker][2023-05-01T15:04:53,391] [com.indeed.proctor.webapp.jobs.BackgroundJobManager.submit] - a background job was submitted : id=328 uuid=5f1ffd99-a075-49c7-ba24-20f6cc21a30d title=null
INFO  [Test worker][2023-05-01T15:04:53,392] [com.indeed.proctor.webapp.jobs.BackgroundJobManager.submit] - a background job was submitted : id=329 uuid=4d88f84a-3649-40eb-9b1c-653f07d9641f title=null
INFO  [Test worker][2023-05-01T15:04:53,392] [com.indeed.proctor.webapp.jobs.BackgroundJobManager.submit] - a background job was submitted : id=330 uuid=3e90a5f7-de1d-4bcb-bb3f-71bfff1c30d1 title=null
INFO  [Test worker][2023-05-01T15:04:53,392] [com.indeed.proctor.webapp.jobs.BackgroundJobManager.submit] - a background job was submitted : id=331 uuid=094c456f-3182-41bc-ab9d-4595cc3130d9 title=null
INFO  [Test worker][2023-05-01T15:04:53,392] [com.indeed.proctor.webapp.jobs.BackgroundJobManager.submit] - a background job was submitted : id=332 uuid=b5d60da6-8a0d-47d3-aa2d-f0cab0b514d0 title=null
INFO  [Test worker][2023-05-01T15:04:53,392] [com.indeed.proctor.webapp.jobs.BackgroundJobManager.submit] - a background job was submitted : id=333 uuid=b4e32e08-bbe0-4741-9a04-96dade3edbf4 title=null
INFO  [Test worker][2023-05-01T15:04:53,393] [com.indeed.proctor.webapp.jobs.BackgroundJobManager.submit] - a background job was submitted : id=334 uuid=71bbea82-9653-484b-85fb-a203295c3c48 title=null
INFO  [Test worker][2023-05-01T15:04:53,393] [com.indeed.proctor.webapp.jobs.BackgroundJobManager.submit] - a background job was submitted : id=335 uuid=1d3bb852-c5c6-4814-9bc7-3fa5b363232e title=null
INFO  [Test worker][2023-05-01T15:04:53,393] [com.indeed.proctor.webapp.jobs.BackgroundJobManager.submit] - a background job was submitted : id=336 uuid=cab4e43e-ad44-49d6-aabf-27527d402ab3 title=null
INFO  [Test worker][2023-05-01T15:04:53,393] [com.indeed.proctor.webapp.jobs.BackgroundJobManager.submit] - a background job was submitted : id=337 uuid=fdb03beb-3350-4470-b93a-a4705d0a0ef8 title=null
INFO  [Test worker][2023-05-01T15:04:53,393] [com.indeed.proctor.webapp.jobs.BackgroundJobManager.submit] - a background job was submitted : id=338 uuid=2642ae8d-630e-46e3-a425-cd9656f155db title=null
INFO  [Test worker][2023-05-01T15:04:53,394] [com.indeed.proctor.webapp.jobs.BackgroundJobManager.submit] - a background job was submitted : id=339 uuid=6b3a3cfc-98b9-4520-b8ab-82be1c025ad9 title=null
INFO  [Test worker][2023-05-01T15:04:53,394] [com.indeed.proctor.webapp.jobs.BackgroundJobManager.submit] - a background job was submitted : id=340 uuid=4f7c41b9-a664-42f0-81a3-1632f7ebaec5 title=null
INFO  [Test worker][2023-05-01T15:04:53,394] [com.indeed.proctor.webapp.jobs.BackgroundJobManager.submit] - a background job was submitted : id=341 uuid=f0fdaf79-9616-4dee-a3a1-82a10270297c title=null
INFO  [Test worker][2023-05-01T15:04:53,394] [com.indeed.proctor.webapp.jobs.BackgroundJobManager.submit] - a background job was submitted : id=342 uuid=257e0d6d-f520-473d-bc6d-738b74746137 title=null
INFO  [Test worker][2023-05-01T15:04:53,394] [com.indeed.proctor.webapp.jobs.BackgroundJobManager.submit] - a background job was submitted : id=343 uuid=0f181796-df3a-4ad4-8d16-ebaf04a43296 title=null
INFO  [Test worker][2023-05-01T15:04:53,395] [com.indeed.proctor.webapp.jobs.BackgroundJobManager.submit] - a background job was submitted : id=344 uuid=da0f4494-68f0-4099-8131-f2f42f8bfc50 title=null
INFO  [Test worker][2023-05-01T15:04:53,395] [com.indeed.proctor.webapp.jobs.BackgroundJobManager.submit] - a background job was submitted : id=345 uuid=8a40c5fb-fba2-4644-9a5f-1e78a5cfa8ac title=null
INFO  [Test worker][2023-05-01T15:04:53,395] [com.indeed.proctor.webapp.jobs.BackgroundJobManager.submit] - a background job was submitted : id=346 uuid=33716be7-0102-41e1-ac3c-e385bc7b535f title=null
INFO  [Test worker][2023-05-01T15:04:53,395] [com.indeed.proctor.webapp.jobs.BackgroundJobManager.submit] - a background job was submitted : id=347 uuid=d642152d-c72f-44a1-95ff-95b88c6479ba title=null
INFO  [Test worker][2023-05-01T15:04:53,395] [com.indeed.proctor.webapp.jobs.BackgroundJobManager.submit] - a background job was submitted : id=348 uuid=52b0082b-b7c6-4869-86e9-9249c596f8e1 title=null
INFO  [Test worker][2023-05-01T15:04:53,396] [com.indeed.proctor.webapp.jobs.BackgroundJobManager.submit] - a background job was submitted : id=349 uuid=70e8f3c6-e6b4-4165-aef4-6248e538f116 title=null
INFO  [Test worker][2023-05-01T15:04:53,396] [com.indeed.proctor.webapp.jobs.BackgroundJobManager.submit] - a background job was submitted : id=350 uuid=aa541475-1a1f-40e1-816c-835799465af5 title=null
INFO  [Test worker][2023-05-01T15:04:53,396] [com.indeed.proctor.webapp.jobs.BackgroundJobManager.submit] - a background job was submitted : id=351 uuid=efb49ebd-19b8-4d3f-bd7c-0e1d677b25bc title=null
INFO  [Test worker][2023-05-01T15:04:53,396] [com.indeed.proctor.webapp.jobs.BackgroundJobManager.submit] - a background job was submitted : id=352 uuid=657a2973-3038-4417-8cb5-d31cdd01a028 title=null
INFO  [Test worker][2023-05-01T15:04:53,396] [com.indeed.proctor.webapp.jobs.BackgroundJobManager.submit] - a background job was submitted : id=353 uuid=53d91173-9fe0-419b-8657-e6ba41d65bf3 title=null
INFO  [Test worker][2023-05-01T15:04:53,397] [com.indeed.proctor.webapp.jobs.BackgroundJobManager.submit] - a background job was submitted : id=354 uuid=2302cb0c-9066-4a23-b18a-9e583ff5d31f title=null
INFO  [Test worker][2023-05-01T15:04:53,397] [com.indeed.proctor.webapp.jobs.BackgroundJobManager.submit] - a background job was submitted : id=355 uuid=f70a01ea-42e2-4d32-a5a4-8a109a28cb8a title=null
INFO  [Test worker][2023-05-01T15:04:53,397] [com.indeed.proctor.webapp.jobs.BackgroundJobManager.submit] - a background job was submitted : id=356 uuid=d00e1a28-fee6-486a-84b7-106cae5bd573 title=null
INFO  [Test worker][2023-05-01T15:04:53,397] [com.indeed.proctor.webapp.jobs.BackgroundJobManager.submit] - a background job was submitted : id=357 uuid=20730093-23e5-4ff8-ba21-7606a0bb180c title=null
INFO  [Test worker][2023-05-01T15:04:53,398] [com.indeed.proctor.webapp.jobs.BackgroundJobManager.submit] - a background job was submitted : id=358 uuid=5d691ed1-36c7-4b2e-ac85-5044f23985f7 title=null
INFO  [Test worker][2023-05-01T15:04:53,398] [com.indeed.proctor.webapp.jobs.BackgroundJobManager.submit] - a background job was submitted : id=359 uuid=a5ae553c-a4ab-4c70-9b62-fec7b00b6326 title=null
INFO  [Test worker][2023-05-01T15:04:53,398] [com.indeed.proctor.webapp.jobs.BackgroundJobManager.submit] - a background job was submitted : id=360 uuid=d10809fc-0ec3-4eeb-b944-f391b2419ba1 title=null
INFO  [Test worker][2023-05-01T15:04:53,398] [com.indeed.proctor.webapp.jobs.BackgroundJobManager.submit] - a background job was submitted : id=361 uuid=419a8a09-09cb-4fc1-891e-e1b5bc0e15e5 title=null
INFO  [Test worker][2023-05-01T15:04:53,398] [com.indeed.proctor.webapp.jobs.BackgroundJobManager.submit] - a background job was submitted : id=362 uuid=3d09319d-91f1-4ebe-a116-87b275dac4c0 title=null
INFO  [Test worker][2023-05-01T15:04:53,399] [com.indeed.proctor.webapp.jobs.BackgroundJobManager.submit] - a background job was submitted : id=363 uuid=9bab9363-45a2-4d4c-8508-1a64df3b0ee3 title=null
INFO  [Test worker][2023-05-01T15:04:53,399] [com.indeed.proctor.webapp.jobs.BackgroundJobManager.submit] - a background job was submitted : id=364 uuid=351c5c82-a61a-4388-8bdf-bf8c67f678df title=null
INFO  [Test worker][2023-05-01T15:04:53,399] [com.indeed.proctor.webapp.jobs.BackgroundJobManager.submit] - a background job was submitted : id=365 uuid=99f03750-45d4-4802-9f09-1ade374dace8 title=null
INFO  [Test worker][2023-05-01T15:04:53,399] [com.indeed.proctor.webapp.jobs.BackgroundJobManager.submit] - a background job was submitted : id=366 uuid=0cef7940-1e30-4bf3-a0b2-d55626747d00 title=null
INFO  [Test worker][2023-05-01T15:04:53,399] [com.indeed.proctor.webapp.jobs.BackgroundJobManager.submit] - a background job was submitted : id=367 uuid=609bd841-96ca-4fce-bdb7-31d7ef4afd16 title=null
INFO  [Test worker][2023-05-01T15:04:53,400] [com.indeed.proctor.webapp.jobs.BackgroundJobManager.submit] - a background job was submitted : id=368 uuid=204d4c1c-a4d4-4a64-86a7-58515c99150a title=null
INFO  [Test worker][2023-05-01T15:04:53,400] [com.indeed.proctor.webapp.jobs.BackgroundJobManager.submit] - a background job was submitted : id=369 uuid=5caef799-4ca5-4bd1-90e6-a7b5c2eb210b title=null
INFO  [Test worker][2023-05-01T15:04:53,400] [com.indeed.proctor.webapp.jobs.BackgroundJobManager.submit] - a background job was submitted : id=370 uuid=bc75e913-73b1-479c-9351-0af344e1340b title=null
INFO  [Test worker][2023-05-01T15:04:53,400] [com.indeed.proctor.webapp.jobs.BackgroundJobManager.submit] - a background job was submitted : id=371 uuid=ee8daa19-aaf8-4044-a4f3-dbdfde397975 title=null
INFO  [Test worker][2023-05-01T15:04:53,400] [com.indeed.proctor.webapp.jobs.BackgroundJobManager.submit] - a background job was submitted : id=372 uuid=6e0a1f40-4fcb-4cba-93e2-c421eabb97b9 title=null
INFO  [Test worker][2023-05-01T15:04:53,401] [com.indeed.proctor.webapp.jobs.BackgroundJobManager.submit] - a background job was submitted : id=373 uuid=acca4f35-c4c1-40c5-96f0-f24d86105039 title=null
INFO  [Test worker][2023-05-01T15:04:53,401] [com.indeed.proctor.webapp.jobs.BackgroundJobManager.submit] - a background job was submitted : id=374 uuid=42268e79-6542-4448-97f3-6150d69c4529 title=null
INFO  [Test worker][2023-05-01T15:04:53,401] [com.indeed.proctor.webapp.jobs.BackgroundJobManager.submit] - a background job was submitted : id=375 uuid=329f1740-1780-42a0-b311-aafce2e0f17d title=null
INFO  [Test worker][2023-05-01T15:04:53,401] [com.indeed.proctor.webapp.jobs.BackgroundJobManager.submit] - a background job was submitted : id=376 uuid=a597081b-9c7e-4fa1-970f-0704b75d3473 title=null
INFO  [Test worker][2023-05-01T15:04:53,402] [com.indeed.proctor.webapp.jobs.BackgroundJobManager.submit] - a background job was submitted : id=377 uuid=acfea66f-7f89-4e58-b6cb-e89d1741931d title=null
INFO  [Test worker][2023-05-01T15:04:53,402] [com.indeed.proctor.webapp.jobs.BackgroundJobManager.submit] - a background job was submitted : id=378 uuid=a5cb7adb-54d4-4916-b215-c4b26d6475c7 title=null
INFO  [Test worker][2023-05-01T15:04:53,402] [com.indeed.proctor.webapp.jobs.BackgroundJobManager.submit] - a background job was submitted : id=379 uuid=b47160a9-9c7b-4f5b-b9d1-122eddfd7981 title=null
INFO  [Test worker][2023-05-01T15:04:53,402] [com.indeed.proctor.webapp.jobs.BackgroundJobManager.submit] - a background job was submitted : id=380 uuid=55b57a2f-e670-4475-8119-b65857f28c4b title=null
INFO  [Test worker][2023-05-01T15:04:53,403] [com.indeed.proctor.webapp.jobs.BackgroundJobManager.submit] - a background job was submitted : id=381 uuid=70946bba-aba8-40bd-92c3-2a36fc9bb1d4 title=null
INFO  [Test worker][2023-05-01T15:04:53,403] [com.indeed.proctor.webapp.jobs.BackgroundJobManager.submit] - a background job was submitted : id=382 uuid=e234f71f-6667-4d28-9da9-3ab43c3d2db9 title=null
INFO  [Test worker][2023-05-01T15:04:53,403] [com.indeed.proctor.webapp.jobs.BackgroundJobManager.submit] - a background job was submitted : id=383 uuid=ff0cb3cd-5fc7-4eae-a163-176a219d3990 title=null
INFO  [Test worker][2023-05-01T15:04:53,403] [com.indeed.proctor.webapp.jobs.BackgroundJobManager.submit] - a background job was submitted : id=384 uuid=c2eb3538-b243-432e-a9fc-b8f53a925aa5 title=null
INFO  [Test worker][2023-05-01T15:04:53,403] [com.indeed.proctor.webapp.jobs.BackgroundJobManager.submit] - a background job was submitted : id=385 uuid=cd0c70f8-0eb8-44f3-8743-b68eaca0e75e title=null
INFO  [Test worker][2023-05-01T15:04:53,404] [com.indeed.proctor.webapp.jobs.BackgroundJobManager.submit] - a background job was submitted : id=386 uuid=a27b29cd-5bf3-40b1-bab0-d2a990f14eca title=null
INFO  [Test worker][2023-05-01T15:04:53,404] [com.indeed.proctor.webapp.jobs.BackgroundJobManager.submit] - a background job was submitted : id=387 uuid=5cb38181-4a7e-46e7-a19d-cc83778ac537 title=null
INFO  [Test worker][2023-05-01T15:04:53,404] [com.indeed.proctor.webapp.jobs.BackgroundJobManager.submit] - a background job was submitted : id=388 uuid=d1063881-f397-4581-8ea2-c2b45edc43ea title=null
INFO  [Test worker][2023-05-01T15:04:53,404] [com.indeed.proctor.webapp.jobs.BackgroundJobManager.submit] - a background job was submitted : id=389 uuid=d9d00c98-9ba2-4b83-8ec8-89005c2f9aa1 title=null
INFO  [Test worker][2023-05-01T15:04:53,404] [com.indeed.proctor.webapp.jobs.BackgroundJobManager.submit] - a background job was submitted : id=390 uuid=9b40a3fc-0cd3-41b6-804a-ce6c434c42b3 title=null
INFO  [Test worker][2023-05-01T15:04:53,405] [com.indeed.proctor.webapp.jobs.BackgroundJobManager.submit] - a background job was submitted : id=391 uuid=ee526b85-9f07-4dc5-9d3d-317ce7d6286b title=null
INFO  [Test worker][2023-05-01T15:04:53,405] [com.indeed.proctor.webapp.jobs.BackgroundJobManager.submit] - a background job was submitted : id=392 uuid=952d8b42-c8e8-4159-96ad-c8a0491e7f80 title=null
INFO  [Test worker][2023-05-01T15:04:53,405] [com.indeed.proctor.webapp.jobs.BackgroundJobManager.submit] - a background job was submitted : id=393 uuid=bb985567-cc0f-446d-94a4-264eab24307c title=null
INFO  [Test worker][2023-05-01T15:04:53,405] [com.indeed.proctor.webapp.jobs.BackgroundJobManager.submit] - a background job was submitted : id=394 uuid=78007d50-16c0-4a5d-a43e-b55d1fd1262d title=null
INFO  [Test worker][2023-05-01T15:04:53,405] [com.indeed.proctor.webapp.jobs.BackgroundJobManager.submit] - a background job was submitted : id=395 uuid=fe3bf685-d7d1-42d8-8bd9-a65f366e144a title=null
INFO  [Test worker][2023-05-01T15:04:53,405] [com.indeed.proctor.webapp.jobs.BackgroundJobManager.submit] - a background job was submitted : id=396 uuid=76de3cb0-f805-4c60-b810-a6988fc16ca3 title=null
INFO  [Test worker][2023-05-01T15:04:53,406] [com.indeed.proctor.webapp.jobs.BackgroundJobManager.submit] - a background job was submitted : id=397 uuid=dce9d33e-6a23-4786-9d25-0d14e0640c00 title=null
INFO  [Test worker][2023-05-01T15:04:53,406] [com.indeed.proctor.webapp.jobs.BackgroundJobManager.submit] - a background job was submitted : id=398 uuid=c0176021-990a-4c80-8d29-349a0e53ec5d title=null
INFO  [Test worker][2023-05-01T15:04:53,406] [com.indeed.proctor.webapp.jobs.BackgroundJobManager.submit] - a background job was submitted : id=399 uuid=001a9dc7-54c7-4245-86a3-5e8932ab5d50 title=null
INFO  [Test worker][2023-05-01T15:04:53,406] [com.indeed.proctor.webapp.jobs.BackgroundJobManager.submit] - a background job was submitted : id=400 uuid=cc2ab968-383f-4871-9eb9-9807d3405c81 title=null
INFO  [Test worker][2023-05-01T15:04:53,406] [com.indeed.proctor.webapp.jobs.BackgroundJobManager.submit] - a background job was submitted : id=401 uuid=25d1c398-9410-4c26-9e88-5097889cd802 title=null
INFO  [Test worker][2023-05-01T15:04:53,406] [com.indeed.proctor.webapp.jobs.BackgroundJobManager.submit] - a background job was submitted : id=402 uuid=054038e2-14eb-4feb-affa-4e0ef4753786 title=null
INFO  [Test worker][2023-05-01T15:04:53,407] [com.indeed.proctor.webapp.jobs.BackgroundJobManager.submit] - a background job was submitted : id=403 uuid=4ff19847-f0a0-4a85-b878-a2a83b3d150b title=null
INFO  [Test worker][2023-05-01T15:04:53,407] [com.indeed.proctor.webapp.jobs.BackgroundJobManager.submit] - a background job was submitted : id=404 uuid=5572b29d-9cd3-4224-94ff-d68f1155337c title=null
INFO  [Test worker][2023-05-01T15:04:53,407] [com.indeed.proctor.webapp.jobs.BackgroundJobManager.submit] - a background job was submitted : id=405 uuid=fdf6e332-5f6f-428e-815f-217343465f52 title=null
INFO  [Test worker][2023-05-01T15:04:53,407] [com.indeed.proctor.webapp.jobs.BackgroundJobManager.submit] - a background job was submitted : id=406 uuid=903bb169-91e3-4df1-85b9-f3010372c740 title=null
INFO  [Test worker][2023-05-01T15:04:53,407] [com.indeed.proctor.webapp.jobs.BackgroundJobManager.submit] - a background job was submitted : id=407 uuid=7e901a93-6e58-4066-908d-f7c45b48f60e title=null
INFO  [Test worker][2023-05-01T15:04:53,408] [com.indeed.proctor.webapp.jobs.BackgroundJobManager.submit] - a background job was submitted : id=408 uuid=7f882fff-bb26-4b7e-aa02-3b85541ea2c2 title=null
INFO  [Test worker][2023-05-01T15:04:53,408] [com.indeed.proctor.webapp.jobs.BackgroundJobManager.submit] - a background job was submitted : id=409 uuid=5def9122-2cf8-4d1a-b0b5-bb289bbfcefc title=null
INFO  [Test worker][2023-05-01T15:04:53,408] [com.indeed.proctor.webapp.jobs.BackgroundJobManager.submit] - a background job was submitted : id=410 uuid=90bfd084-8f4c-4593-b57f-4de4bc4a50f6 title=null
INFO  [Test worker][2023-05-01T15:04:53,408] [com.indeed.proctor.webapp.jobs.BackgroundJobManager.submit] - a background job was submitted : id=411 uuid=9f295870-ba4d-481a-ab8e-bb37fd79854c title=null
INFO  [Test worker][2023-05-01T15:04:53,408] [com.indeed.proctor.webapp.jobs.BackgroundJobManager.submit] - a background job was submitted : id=412 uuid=d256291b-11d9-4cf6-b886-0f2be8a23e95 title=null
INFO  [Test worker][2023-05-01T15:04:53,408] [com.indeed.proctor.webapp.jobs.BackgroundJobManager.submit] - a background job was submitted : id=413 uuid=1887846d-17a0-45ba-9a48-e59ac1e5c330 title=null
INFO  [Test worker][2023-05-01T15:04:53,409] [com.indeed.proctor.webapp.jobs.BackgroundJobManager.submit] - a background job was submitted : id=414 uuid=64631261-3d13-48e2-9ea2-096d44746e8b title=null
INFO  [Test worker][2023-05-01T15:04:53,409] [com.indeed.proctor.webapp.jobs.BackgroundJobManager.submit] - a background job was submitted : id=415 uuid=3642ac29-8fdc-4e8c-91be-77eeeda68e92 title=null
INFO  [Test worker][2023-05-01T15:04:53,409] [com.indeed.proctor.webapp.jobs.BackgroundJobManager.submit] - a background job was submitted : id=416 uuid=79957a24-8088-40d2-8bda-23d4d677b063 title=null
INFO  [Test worker][2023-05-01T15:04:53,409] [com.indeed.proctor.webapp.jobs.BackgroundJobManager.submit] - a background job was submitted : id=417 uuid=1e47d88c-8957-429d-b6ca-72755c1f2667 title=null
INFO  [Test worker][2023-05-01T15:04:53,409] [com.indeed.proctor.webapp.jobs.BackgroundJobManager.submit] - a background job was submitted : id=418 uuid=81c5d37a-129d-4a26-88f1-6f800334771d title=null
INFO  [Test worker][2023-05-01T15:04:53,409] [com.indeed.proctor.webapp.jobs.BackgroundJobManager.submit] - a background job was submitted : id=419 uuid=3eb60b8e-be67-413e-a5da-f371f57efe24 title=null
INFO  [Test worker][2023-05-01T15:04:53,410] [com.indeed.proctor.webapp.jobs.BackgroundJobManager.submit] - a background job was submitted : id=420 uuid=9280547c-4405-42cc-a1f4-95986de563c0 title=null
INFO  [Test worker][2023-05-01T15:04:53,410] [com.indeed.proctor.webapp.jobs.BackgroundJobManager.submit] - a background job was submitted : id=421 uuid=d2570153-d285-4737-a35b-9fb25f9bce2c title=null
INFO  [Test worker][2023-05-01T15:04:53,410] [com.indeed.proctor.webapp.jobs.BackgroundJobManager.submit] - a background job was submitted : id=422 uuid=c5c57ae4-64e6-4d9b-aee3-d53859b2cd1a title=null
INFO  [Test worker][2023-05-01T15:04:53,410] [com.indeed.proctor.webapp.jobs.BackgroundJobManager.submit] - a background job was submitted : id=423 uuid=9c347951-b459-4cb3-b93c-e2fcbcba8d64 title=null
INFO  [Test worker][2023-05-01T15:04:53,410] [com.indeed.proctor.webapp.jobs.BackgroundJobManager.submit] - a background job was submitted : id=424 uuid=5ff6c6bc-576d-4fad-b6cd-91c002fe9f4c title=null
INFO  [Test worker][2023-05-01T15:04:53,411] [com.indeed.proctor.webapp.jobs.BackgroundJobManager.submit] - a background job was submitted : id=425 uuid=6445615d-0d41-4272-9403-047ab77c9ff4 title=null
INFO  [Test worker][2023-05-01T15:04:53,411] [com.indeed.proctor.webapp.jobs.BackgroundJobManager.submit] - a background job was submitted : id=426 uuid=9ec71ff4-256c-4ac1-b1e2-3bfb2010dd6e title=null
INFO  [Test worker][2023-05-01T15:04:53,411] [com.indeed.proctor.webapp.jobs.BackgroundJobManager.submit] - a background job was submitted : id=427 uuid=ac04044e-edf3-44e5-b5f9-be1ccede4346 title=null
INFO  [Test worker][2023-05-01T15:04:53,411] [com.indeed.proctor.webapp.jobs.BackgroundJobManager.submit] - a background job was submitted : id=428 uuid=fdda5684-65db-4561-8997-520d44435a69 title=null
INFO  [Test worker][2023-05-01T15:04:53,411] [com.indeed.proctor.webapp.jobs.BackgroundJobManager.submit] - a background job was submitted : id=429 uuid=9b559122-9f45-4e2e-a818-b8a1a6068882 title=null
INFO  [Test worker][2023-05-01T15:04:53,412] [com.indeed.proctor.webapp.jobs.BackgroundJobManager.submit] - a background job was submitted : id=430 uuid=0970d1e5-695b-45ea-a066-0c959fb9557e title=null
INFO  [Test worker][2023-05-01T15:04:53,412] [com.indeed.proctor.webapp.jobs.BackgroundJobManager.submit] - a background job was submitted : id=431 uuid=96546538-9309-4547-87c3-ad11d1618e1a title=null
INFO  [Test worker][2023-05-01T15:04:53,412] [com.indeed.proctor.webapp.jobs.BackgroundJobManager.submit] - a background job was submitted : id=432 uuid=37565852-cc61-47cd-b26b-13470ee31a10 title=null
INFO  [Test worker][2023-05-01T15:04:53,412] [com.indeed.proctor.webapp.jobs.BackgroundJobManager.submit] - a background job was submitted : id=433 uuid=a0788ce0-dbc9-499a-a37c-4bde30e1c31b title=null
INFO  [Test worker][2023-05-01T15:04:53,413] [com.indeed.proctor.webapp.jobs.BackgroundJobManager.submit] - a background job was submitted : id=434 uuid=e0cdb4da-669b-4b6f-b976-b36655e7640b title=null
INFO  [Test worker][2023-05-01T15:04:53,413] [com.indeed.proctor.webapp.jobs.BackgroundJobManager.submit] - a background job was submitted : id=435 uuid=828122af-74be-4b9c-816d-bede6a4e3b42 title=null
INFO  [Test worker][2023-05-01T15:04:53,413] [com.indeed.proctor.webapp.jobs.BackgroundJobManager.submit] - a background job was submitted : id=436 uuid=76adb8cc-612a-4f91-a68d-6077520c1983 title=null
INFO  [Test worker][2023-05-01T15:04:53,413] [com.indeed.proctor.webapp.jobs.BackgroundJobManager.submit] - a background job was submitted : id=437 uuid=0582aa48-a84b-401c-a8b7-3d1580621596 title=null
INFO  [Test worker][2023-05-01T15:04:53,414] [com.indeed.proctor.webapp.jobs.BackgroundJobManager.submit] - a background job was submitted : id=438 uuid=910f2d92-d5b3-48d3-9c4d-a935ccb54a7b title=null
INFO  [Test worker][2023-05-01T15:04:53,414] [com.indeed.proctor.webapp.jobs.BackgroundJobManager.submit] - a background job was submitted : id=439 uuid=e5b488db-1260-4180-99c8-b9efd4a5f103 title=null
INFO  [Test worker][2023-05-01T15:04:53,414] [com.indeed.proctor.webapp.jobs.BackgroundJobManager.submit] - a background job was submitted : id=440 uuid=ee793952-ba9c-4814-bf9f-2c61dfbd4629 title=null
INFO  [Test worker][2023-05-01T15:04:53,414] [com.indeed.proctor.webapp.jobs.BackgroundJobManager.submit] - a background job was submitted : id=441 uuid=01feea4e-a09d-4e6f-9b17-0ebc453beddb title=null
INFO  [Test worker][2023-05-01T15:04:53,414] [com.indeed.proctor.webapp.jobs.BackgroundJobManager.submit] - a background job was submitted : id=442 uuid=4d3a035c-8ae8-4d12-a5ee-3de44645db7e title=null
INFO  [Test worker][2023-05-01T15:04:53,415] [com.indeed.proctor.webapp.jobs.BackgroundJobManager.submit] - a background job was submitted : id=443 uuid=bffd34be-fe7a-42ba-930d-ddae6cfba801 title=null
INFO  [Test worker][2023-05-01T15:04:53,415] [com.indeed.proctor.webapp.jobs.BackgroundJobManager.submit] - a background job was submitted : id=444 uuid=57b85999-e44c-48f2-acc9-1c600b8997cc title=null
INFO  [Test worker][2023-05-01T15:04:53,415] [com.indeed.proctor.webapp.jobs.BackgroundJobManager.submit] - a background job was submitted : id=445 uuid=dfa1141c-6e8a-4c1e-a3f8-ededb25b4e1e title=null
INFO  [Test worker][2023-05-01T15:04:53,415] [com.indeed.proctor.webapp.jobs.BackgroundJobManager.submit] - a background job was submitted : id=446 uuid=c8687b26-10aa-4851-a0d2-2678462cd383 title=null
INFO  [Test worker][2023-05-01T15:04:53,415] [com.indeed.proctor.webapp.jobs.BackgroundJobManager.submit] - a background job was submitted : id=447 uuid=0b92a498-9603-48b6-852a-bd3a34b52b90 title=null
INFO  [Test worker][2023-05-01T15:04:53,415] [com.indeed.proctor.webapp.jobs.BackgroundJobManager.submit] - a background job was submitted : id=448 uuid=f912cffe-469f-499a-9ce3-43a98affdfb4 title=null
INFO  [Test worker][2023-05-01T15:04:53,416] [com.indeed.proctor.webapp.jobs.BackgroundJobManager.submit] - a background job was submitted : id=449 uuid=6b4d87e9-f3f5-4f6f-83b3-6fb490b78ce5 title=null
INFO  [Test worker][2023-05-01T15:04:53,416] [com.indeed.proctor.webapp.jobs.BackgroundJobManager.submit] - a background job was submitted : id=450 uuid=beb17f5e-501d-480b-81f4-2f06e369d465 title=null
INFO  [Test worker][2023-05-01T15:04:53,416] [com.indeed.proctor.webapp.jobs.BackgroundJobManager.submit] - a background job was submitted : id=451 uuid=426784a9-27b9-4c2b-a57f-0bcdcebbff01 title=null
INFO  [Test worker][2023-05-01T15:04:53,416] [com.indeed.proctor.webapp.jobs.BackgroundJobManager.submit] - a background job was submitted : id=452 uuid=c60ef6ea-664c-4433-b2cd-d7d02a459f2b title=null
INFO  [Test worker][2023-05-01T15:04:53,416] [com.indeed.proctor.webapp.jobs.BackgroundJobManager.submit] - a background job was submitted : id=453 uuid=c446ad13-ba64-44a4-a159-ec5ed154abac title=null
INFO  [Test worker][2023-05-01T15:04:53,417] [com.indeed.proctor.webapp.jobs.BackgroundJobManager.submit] - a background job was submitted : id=454 uuid=93272815-fae0-41b8-baf1-87cae108c70f title=null
INFO  [Test worker][2023-05-01T15:04:53,417] [com.indeed.proctor.webapp.jobs.BackgroundJobManager.submit] - a background job was submitted : id=455 uuid=5b381ba1-9f32-4f0c-a35d-c25b7e3c0fa3 title=null
INFO  [Test worker][2023-05-01T15:04:53,417] [com.indeed.proctor.webapp.jobs.BackgroundJobManager.submit] - a background job was submitted : id=456 uuid=8cf5b36a-98de-4264-85cc-d78c1f0c5831 title=null
INFO  [Test worker][2023-05-01T15:04:53,417] [com.indeed.proctor.webapp.jobs.BackgroundJobManager.submit] - a background job was submitted : id=457 uuid=accd5985-483e-4dc8-a963-e964c2ad7038 title=null
INFO  [Test worker][2023-05-01T15:04:53,417] [com.indeed.proctor.webapp.jobs.BackgroundJobManager.submit] - a background job was submitted : id=458 uuid=4fd6b17f-094a-4886-ab32-519daff23dbb title=null
INFO  [Test worker][2023-05-01T15:04:53,418] [com.indeed.proctor.webapp.jobs.BackgroundJobManager.submit] - a background job was submitted : id=459 uuid=2d2ee654-b57a-4658-a7b1-ca0e831ddc23 title=null
INFO  [Test worker][2023-05-01T15:04:53,418] [com.indeed.proctor.webapp.jobs.BackgroundJobManager.submit] - a background job was submitted : id=460 uuid=155ce9ed-3311-4999-b5f5-6ff225bec914 title=null
INFO  [Test worker][2023-05-01T15:04:53,418] [com.indeed.proctor.webapp.jobs.BackgroundJobManager.submit] - a background job was submitted : id=461 uuid=4a0c8ba9-71f5-4bd9-be79-19db05411f66 title=null
INFO  [Test worker][2023-05-01T15:04:53,418] [com.indeed.proctor.webapp.jobs.BackgroundJobManager.submit] - a background job was submitted : id=462 uuid=0f026b5a-3fa0-470a-90f1-daff6618a67f title=null
INFO  [Test worker][2023-05-01T15:04:53,418] [com.indeed.proctor.webapp.jobs.BackgroundJobManager.submit] - a background job was submitted : id=463 uuid=11903fd0-b8c5-45d6-96be-c6b8a3df957d title=null
INFO  [Test worker][2023-05-01T15:04:53,419] [com.indeed.proctor.webapp.jobs.BackgroundJobManager.submit] - a background job was submitted : id=464 uuid=31599ba2-eaa0-4666-98d3-bc104995f757 title=null
INFO  [Test worker][2023-05-01T15:04:53,419] [com.indeed.proctor.webapp.jobs.BackgroundJobManager.submit] - a background job was submitted : id=465 uuid=0b140686-9992-4abd-9a7a-e60934e7153e title=null
INFO  [Test worker][2023-05-01T15:04:53,419] [com.indeed.proctor.webapp.jobs.BackgroundJobManager.submit] - a background job was submitted : id=466 uuid=beae59bc-02c5-4e80-8e06-a6ad64eb53b9 title=null
INFO  [Test worker][2023-05-01T15:04:53,419] [com.indeed.proctor.webapp.jobs.BackgroundJobManager.submit] - a background job was submitted : id=467 uuid=a4030022-c011-41cb-bcdb-13fe88214c8c title=null
INFO  [Test worker][2023-05-01T15:04:53,419] [com.indeed.proctor.webapp.jobs.BackgroundJobManager.submit] - a background job was submitted : id=468 uuid=65e7bca9-c22a-4227-9ac0-eba7e33eeca8 title=null
INFO  [Test worker][2023-05-01T15:04:53,419] [com.indeed.proctor.webapp.jobs.BackgroundJobManager.submit] - a background job was submitted : id=469 uuid=a627cd37-ef78-4dd9-9349-3d6884111bcc title=null
INFO  [Test worker][2023-05-01T15:04:53,420] [com.indeed.proctor.webapp.jobs.BackgroundJobManager.submit] - a background job was submitted : id=470 uuid=88b904da-dc24-48fa-850b-9a237b9f288d title=null
INFO  [Test worker][2023-05-01T15:04:53,420] [com.indeed.proctor.webapp.jobs.BackgroundJobManager.submit] - a background job was submitted : id=471 uuid=d50b12fb-f412-4470-ae94-fb58daf3dfee title=null
INFO  [Test worker][2023-05-01T15:04:53,420] [com.indeed.proctor.webapp.jobs.BackgroundJobManager.submit] - a background job was submitted : id=472 uuid=0b5c51ce-797f-4abf-970a-676feb9dedc1 title=null
INFO  [Test worker][2023-05-01T15:04:53,420] [com.indeed.proctor.webapp.jobs.BackgroundJobManager.submit] - a background job was submitted : id=473 uuid=aebbf200-5944-489c-b955-1e5520770a3c title=null
INFO  [Test worker][2023-05-01T15:04:53,420] [com.indeed.proctor.webapp.jobs.BackgroundJobManager.submit] - a background job was submitted : id=474 uuid=55658510-29e6-49cd-865e-726be0cef7ab title=null
INFO  [Test worker][2023-05-01T15:04:53,421] [com.indeed.proctor.webapp.jobs.BackgroundJobManager.submit] - a background job was submitted : id=475 uuid=1bb7fe28-0a02-41de-9022-2d98c600ac2d title=null
INFO  [Test worker][2023-05-01T15:04:53,421] [com.indeed.proctor.webapp.jobs.BackgroundJobManager.submit] - a background job was submitted : id=476 uuid=0ef8b364-1c7d-44e9-887a-f7b0a89017c6 title=null
INFO  [Test worker][2023-05-01T15:04:53,421] [com.indeed.proctor.webapp.jobs.BackgroundJobManager.submit] - a background job was submitted : id=477 uuid=4f7081e7-ba9e-4443-9f76-c9f1484654f6 title=null
INFO  [Test worker][2023-05-01T15:04:53,421] [com.indeed.proctor.webapp.jobs.BackgroundJobManager.submit] - a background job was submitted : id=478 uuid=251517df-5f9d-45a6-8cfb-e33bf00d2048 title=null
INFO  [Test worker][2023-05-01T15:04:53,422] [com.indeed.proctor.webapp.jobs.BackgroundJobManager.submit] - a background job was submitted : id=479 uuid=982aa6f2-ff53-458b-b117-e1173ef4e77a title=null
INFO  [Test worker][2023-05-01T15:04:53,422] [com.indeed.proctor.webapp.jobs.BackgroundJobManager.submit] - a background job was submitted : id=480 uuid=cd34a265-27fb-43dd-8fe7-1a9a761fe683 title=null
INFO  [Test worker][2023-05-01T15:04:53,422] [com.indeed.proctor.webapp.jobs.BackgroundJobManager.submit] - a background job was submitted : id=481 uuid=7483be82-81e5-4a69-b442-198cab88f889 title=null
INFO  [Test worker][2023-05-01T15:04:53,422] [com.indeed.proctor.webapp.jobs.BackgroundJobManager.submit] - a background job was submitted : id=482 uuid=4f99b175-9e29-4466-8a82-b37627835ec0 title=null
INFO  [Test worker][2023-05-01T15:04:53,422] [com.indeed.proctor.webapp.jobs.BackgroundJobManager.submit] - a background job was submitted : id=483 uuid=e81488af-d0ff-4c2b-9c2a-377de986d651 title=null
INFO  [Test worker][2023-05-01T15:04:53,422] [com.indeed.proctor.webapp.jobs.BackgroundJobManager.submit] - a background job was submitted : id=484 uuid=ac6c0930-407a-409f-945a-057539d948ed title=null
INFO  [Test worker][2023-05-01T15:04:53,423] [com.indeed.proctor.webapp.jobs.BackgroundJobManager.submit] - a background job was submitted : id=485 uuid=f29fc14c-a756-4e80-8db2-9b251c773c10 title=null
INFO  [Test worker][2023-05-01T15:04:53,423] [com.indeed.proctor.webapp.jobs.BackgroundJobManager.submit] - a background job was submitted : id=486 uuid=8ddde9a1-9303-4622-8766-c792cdbb582d title=null
INFO  [Test worker][2023-05-01T15:04:53,423] [com.indeed.proctor.webapp.jobs.BackgroundJobManager.submit] - a background job was submitted : id=487 uuid=3d3ea62c-40a9-424a-9313-98e3b0eaeb3e title=null
INFO  [Test worker][2023-05-01T15:04:53,424] [com.indeed.proctor.webapp.jobs.BackgroundJobManager.submit] - a background job was submitted : id=488 uuid=1fed4a2a-6a67-4992-912d-4f35aae6fe71 title=null
INFO  [Test worker][2023-05-01T15:04:53,424] [com.indeed.proctor.webapp.jobs.BackgroundJobManager.submit] - a background job was submitted : id=489 uuid=b37ce68f-ff24-4508-b0ba-5b4aeb335679 title=null
INFO  [Test worker][2023-05-01T15:04:53,424] [com.indeed.proctor.webapp.jobs.BackgroundJobManager.submit] - a background job was submitted : id=490 uuid=b54ed2dc-5cec-4564-aa38-aa91d6786969 title=null
INFO  [Test worker][2023-05-01T15:04:53,424] [com.indeed.proctor.webapp.jobs.BackgroundJobManager.submit] - a background job was submitted : id=491 uuid=76fe6267-6d36-4df6-8839-47422d856dc8 title=null
INFO  [Test worker][2023-05-01T15:04:53,425] [com.indeed.proctor.webapp.jobs.BackgroundJobManager.submit] - a background job was submitted : id=492 uuid=4266d789-19da-4bdd-beb8-d027ec761aa5 title=null
INFO  [Test worker][2023-05-01T15:04:53,425] [com.indeed.proctor.webapp.jobs.BackgroundJobManager.submit] - a background job was submitted : id=493 uuid=853c7a47-0bf7-4717-b4c1-b313b3d96faa title=null
INFO  [Test worker][2023-05-01T15:04:53,425] [com.indeed.proctor.webapp.jobs.BackgroundJobManager.submit] - a background job was submitted : id=494 uuid=0551bcbf-f384-4c1a-9277-a5168a14a39d title=null
INFO  [Test worker][2023-05-01T15:04:53,425] [com.indeed.proctor.webapp.jobs.BackgroundJobManager.submit] - a background job was submitted : id=495 uuid=b11db35a-462e-4745-b372-61deccb40e38 title=null
INFO  [Test worker][2023-05-01T15:04:53,425] [com.indeed.proctor.webapp.jobs.BackgroundJobManager.submit] - a background job was submitted : id=496 uuid=0416cc08-b83e-427c-b2d3-9ac626887d72 title=null
INFO  [Test worker][2023-05-01T15:04:53,426] [com.indeed.proctor.webapp.jobs.BackgroundJobManager.submit] - a background job was submitted : id=497 uuid=ab34d7fb-a52d-42d7-92dc-3ae91bc4f001 title=null
INFO  [Test worker][2023-05-01T15:04:53,426] [com.indeed.proctor.webapp.jobs.BackgroundJobManager.submit] - a background job was submitted : id=498 uuid=ffed1268-a999-42a3-ba1f-4b9d51eb5809 title=null
INFO  [Test worker][2023-05-01T15:04:53,426] [com.indeed.proctor.webapp.jobs.BackgroundJobManager.submit] - a background job was submitted : id=499 uuid=26724726-f179-4ac8-95d5-e66445e0daa5 title=null
INFO  [Test worker][2023-05-01T15:04:53,426] [com.indeed.proctor.webapp.jobs.BackgroundJobManager.submit] - a background job was submitted : id=500 uuid=66ff3ad0-ae18-4f07-967b-0bcd865aa68a title=null
INFO  [Test worker][2023-05-01T15:04:53,427] [com.indeed.proctor.webapp.jobs.BackgroundJobManager.submit] - a background job was submitted : id=501 uuid=eb681389-8596-4fc9-986e-1fdc31d48ef0 title=null
INFO  [Test worker][2023-05-01T15:04:53,427] [com.indeed.proctor.webapp.jobs.BackgroundJobManager.submit] - a background job was submitted : id=502 uuid=e1be3dc4-46b9-4287-81e2-ece86e061971 title=null
INFO  [Test worker][2023-05-01T15:04:53,427] [com.indeed.proctor.webapp.jobs.BackgroundJobManager.submit] - a background job was submitted : id=503 uuid=797d1698-0ff4-42fd-bd1f-752d04f5b7cc title=null
INFO  [Test worker][2023-05-01T15:04:53,427] [com.indeed.proctor.webapp.jobs.BackgroundJobManager.submit] - a background job was submitted : id=504 uuid=3a756840-1775-45a2-8cf3-2bc99b037d06 title=null
INFO  [Test worker][2023-05-01T15:04:53,427] [com.indeed.proctor.webapp.jobs.BackgroundJobManager.submit] - a background job was submitted : id=505 uuid=ced237de-9a08-43d6-b7cf-98b23c7ace1d title=null
INFO  [Test worker][2023-05-01T15:04:53,428] [com.indeed.proctor.webapp.jobs.BackgroundJobManager.submit] - a background job was submitted : id=506 uuid=9d6ca432-39c1-4bb2-b21c-14aeb3c6c12c title=null
INFO  [Test worker][2023-05-01T15:04:53,428] [com.indeed.proctor.webapp.jobs.BackgroundJobManager.submit] - a background job was submitted : id=507 uuid=dc4803c4-6b9c-456a-8760-8e3c2aaa0937 title=null
INFO  [Test worker][2023-05-01T15:04:53,428] [com.indeed.proctor.webapp.jobs.BackgroundJobManager.submit] - a background job was submitted : id=508 uuid=2b7913b9-2f32-4b05-833c-70ec8a98e17d title=null
INFO  [Test worker][2023-05-01T15:04:53,428] [com.indeed.proctor.webapp.jobs.BackgroundJobManager.submit] - a background job was submitted : id=509 uuid=30b9accd-4737-449a-a99d-742d781aabb2 title=null
INFO  [Test worker][2023-05-01T15:04:53,428] [com.indeed.proctor.webapp.jobs.BackgroundJobManager.submit] - a background job was submitted : id=510 uuid=f73b0b87-0a39-431b-9742-c5097ca09673 title=null
INFO  [Test worker][2023-05-01T15:04:53,428] [com.indeed.proctor.webapp.jobs.BackgroundJobManager.submit] - a background job was submitted : id=511 uuid=da2a6a89-9785-4115-a83b-b3e6da49cce1 title=null
INFO  [Test worker][2023-05-01T15:04:53,429] [com.indeed.proctor.webapp.jobs.BackgroundJobManager.submit] - a background job was submitted : id=512 uuid=12b88006-2a3d-4b9d-bd4e-0cb6ba2c3b4f title=null
INFO  [Test worker][2023-05-01T15:04:53,429] [com.indeed.proctor.webapp.jobs.BackgroundJobManager.submit] - a background job was submitted : id=513 uuid=ee5fa910-96d5-4341-ac89-60aaa8ac61cc title=null
INFO  [Test worker][2023-05-01T15:04:53,429] [com.indeed.proctor.webapp.jobs.BackgroundJobManager.submit] - a background job was submitted : id=514 uuid=5c3b8b7f-3cc2-40a5-a293-f18c7c2329bb title=null
INFO  [Test worker][2023-05-01T15:04:53,429] [com.indeed.proctor.webapp.jobs.BackgroundJobManager.submit] - a background job was submitted : id=515 uuid=1444b220-9f47-490c-860d-25c92e9a8a6a title=null
INFO  [Test worker][2023-05-01T15:04:53,430] [com.indeed.proctor.webapp.jobs.BackgroundJobManager.submit] - a background job was submitted : id=516 uuid=5b7196be-4ec0-486b-b0c5-341c7edb2398 title=null
INFO  [Test worker][2023-05-01T15:04:53,430] [com.indeed.proctor.webapp.jobs.BackgroundJobManager.submit] - a background job was submitted : id=517 uuid=e5ec186b-e6fe-4f39-b2eb-a7dd5bc351db title=null
INFO  [Test worker][2023-05-01T15:04:53,430] [com.indeed.proctor.webapp.jobs.BackgroundJobManager.submit] - a background job was submitted : id=518 uuid=fe529054-10f5-48bb-ae7b-bc18638eb344 title=null
INFO  [Test worker][2023-05-01T15:04:53,430] [com.indeed.proctor.webapp.jobs.BackgroundJobManager.submit] - a background job was submitted : id=519 uuid=adba7bcf-cb6e-439f-96fe-e8eb2fe4d8ac title=null
INFO  [Test worker][2023-05-01T15:04:53,431] [com.indeed.proctor.webapp.jobs.BackgroundJobManager.submit] - a background job was submitted : id=520 uuid=8fa84dd5-07dc-4cea-b134-d5eb97690f85 title=null
INFO  [Test worker][2023-05-01T15:04:53,431] [com.indeed.proctor.webapp.jobs.BackgroundJobManager.submit] - a background job was submitted : id=521 uuid=f265e36e-990b-473b-9249-7fd8b6e17f27 title=null
INFO  [Test worker][2023-05-01T15:04:53,431] [com.indeed.proctor.webapp.jobs.BackgroundJobManager.submit] - a background job was submitted : id=522 uuid=2ecb91f6-4aae-4a17-869d-ccd45fe1880b title=null
INFO  [Test worker][2023-05-01T15:04:53,431] [com.indeed.proctor.webapp.jobs.BackgroundJobManager.submit] - a background job was submitted : id=523 uuid=75cd51ac-d78b-48e4-b2d5-a82dc723c6da title=null
INFO  [Test worker][2023-05-01T15:04:53,431] [com.indeed.proctor.webapp.jobs.BackgroundJobManager.submit] - a background job was submitted : id=524 uuid=711b0129-1ede-4e7a-a9e2-9a7893705def title=null
INFO  [Test worker][2023-05-01T15:04:53,431] [com.indeed.proctor.webapp.jobs.BackgroundJobManager.submit] - a background job was submitted : id=525 uuid=4a417c33-8b4d-4b3c-a3ec-649031bcd810 title=null
INFO  [Test worker][2023-05-01T15:04:53,432] [com.indeed.proctor.webapp.jobs.BackgroundJobManager.submit] - a background job was submitted : id=526 uuid=acc5724d-275d-446a-b12b-67eb2b764623 title=null
INFO  [Test worker][2023-05-01T15:04:53,432] [com.indeed.proctor.webapp.jobs.BackgroundJobManager.submit] - a background job was submitted : id=527 uuid=d9ff481e-907c-4d0d-bdb5-43cec9b0919c title=null
INFO  [Test worker][2023-05-01T15:04:53,432] [com.indeed.proctor.webapp.jobs.BackgroundJobManager.submit] - a background job was submitted : id=528 uuid=568f370b-f151-485e-b55e-0a64c43b8d20 title=null
INFO  [Test worker][2023-05-01T15:04:53,432] [com.indeed.proctor.webapp.jobs.BackgroundJobManager.submit] - a background job was submitted : id=529 uuid=4869cf99-a902-457c-92c9-8771ebb615d1 title=null
INFO  [Test worker][2023-05-01T15:04:53,432] [com.indeed.proctor.webapp.jobs.BackgroundJobManager.submit] - a background job was submitted : id=530 uuid=2dbd7500-38d3-4a9d-958e-cb26673ce12d title=null
INFO  [Test worker][2023-05-01T15:04:53,433] [com.indeed.proctor.webapp.jobs.BackgroundJobManager.submit] - a background job was submitted : id=531 uuid=115aedad-cd9f-470a-ba48-6e2d94865853 title=null
INFO  [Test worker][2023-05-01T15:04:53,433] [com.indeed.proctor.webapp.jobs.BackgroundJobManager.submit] - a background job was submitted : id=532 uuid=7055690b-2cfb-4d3e-9fe6-06d921d80e03 title=null
INFO  [Test worker][2023-05-01T15:04:53,433] [com.indeed.proctor.webapp.jobs.BackgroundJobManager.submit] - a background job was submitted : id=533 uuid=8e3a0b70-9dea-4469-a4a2-99b1404d6469 title=null
INFO  [Test worker][2023-05-01T15:04:53,433] [com.indeed.proctor.webapp.jobs.BackgroundJobManager.submit] - a background job was submitted : id=534 uuid=2f10c597-65cf-4a0f-ad49-ab53dfa8066a title=null
INFO  [Test worker][2023-05-01T15:04:53,433] [com.indeed.proctor.webapp.jobs.BackgroundJobManager.submit] - a background job was submitted : id=535 uuid=9eff2620-54a2-4d3c-8f23-81f9bdc0af30 title=null
INFO  [Test worker][2023-05-01T15:04:53,433] [com.indeed.proctor.webapp.jobs.BackgroundJobManager.submit] - a background job was submitted : id=536 uuid=77db52a5-98f2-418f-bfec-3ca328eab91b title=null
INFO  [Test worker][2023-05-01T15:04:53,434] [com.indeed.proctor.webapp.jobs.BackgroundJobManager.submit] - a background job was submitted : id=537 uuid=e3cff12c-2bf9-40cb-b00a-3366e6763d7a title=null
INFO  [Test worker][2023-05-01T15:04:53,434] [com.indeed.proctor.webapp.jobs.BackgroundJobManager.submit] - a background job was submitted : id=538 uuid=b613ce58-6ca6-4ae0-81e0-06093916e29e title=null
INFO  [Test worker][2023-05-01T15:04:53,434] [com.indeed.proctor.webapp.jobs.BackgroundJobManager.submit] - a background job was submitted : id=539 uuid=4214c0de-08da-44cd-97f7-0eb596da6071 title=null
INFO  [Test worker][2023-05-01T15:04:53,434] [com.indeed.proctor.webapp.jobs.BackgroundJobManager.submit] - a background job was submitted : id=540 uuid=57f8435b-7c7b-4fb3-8d62-bec3f6112dc7 title=null
INFO  [Test worker][2023-05-01T15:04:53,434] [com.indeed.proctor.webapp.jobs.BackgroundJobManager.submit] - a background job was submitted : id=541 uuid=3db95a81-ef78-4296-9d7e-b7c02cba131b title=null
INFO  [Test worker][2023-05-01T15:04:53,434] [com.indeed.proctor.webapp.jobs.BackgroundJobManager.submit] - a background job was submitted : id=542 uuid=af89ea18-5bdc-4dcb-9724-62d3b0b1cef3 title=null
INFO  [Test worker][2023-05-01T15:04:53,435] [com.indeed.proctor.webapp.jobs.BackgroundJobManager.submit] - a background job was submitted : id=543 uuid=189d4b8f-0dcd-4e89-9a4d-f45365ba1585 title=null
INFO  [Test worker][2023-05-01T15:04:53,435] [com.indeed.proctor.webapp.jobs.BackgroundJobManager.submit] - a background job was submitted : id=544 uuid=967e3c66-06fe-4c4c-a6f4-7e84e1370f60 title=null
INFO  [Test worker][2023-05-01T15:04:53,435] [com.indeed.proctor.webapp.jobs.BackgroundJobManager.submit] - a background job was submitted : id=545 uuid=152de6b4-9d67-4ee8-913a-65926b790171 title=null
INFO  [Test worker][2023-05-01T15:04:53,435] [com.indeed.proctor.webapp.jobs.BackgroundJobManager.submit] - a background job was submitted : id=546 uuid=96a6246a-21fd-46b3-a419-22ad1edb43ff title=null
INFO  [Test worker][2023-05-01T15:04:53,435] [com.indeed.proctor.webapp.jobs.BackgroundJobManager.submit] - a background job was submitted : id=547 uuid=bd41316d-835c-4f4b-9c59-c97657fdf541 title=null
INFO  [Test worker][2023-05-01T15:04:53,435] [com.indeed.proctor.webapp.jobs.BackgroundJobManager.submit] - a background job was submitted : id=548 uuid=94243e6b-d05c-42ba-a44d-bf7e3462e529 title=null
INFO  [Test worker][2023-05-01T15:04:53,436] [com.indeed.proctor.webapp.jobs.BackgroundJobManager.submit] - a background job was submitted : id=549 uuid=350e3309-f8a3-4e28-ae79-173328a6cf02 title=null
INFO  [Test worker][2023-05-01T15:04:53,436] [com.indeed.proctor.webapp.jobs.BackgroundJobManager.submit] - a background job was submitted : id=550 uuid=d3f742eb-afa7-411c-a732-25a425222502 title=null
INFO  [Test worker][2023-05-01T15:04:53,436] [com.indeed.proctor.webapp.jobs.BackgroundJobManager.submit] - a background job was submitted : id=551 uuid=d4d27818-c079-4745-a3ff-837f4d1cf967 title=null
INFO  [Test worker][2023-05-01T15:04:53,436] [com.indeed.proctor.webapp.jobs.BackgroundJobManager.submit] - a background job was submitted : id=552 uuid=aa15a356-81de-433c-b65c-a3bfdfc1560b title=null
INFO  [Test worker][2023-05-01T15:04:53,436] [com.indeed.proctor.webapp.jobs.BackgroundJobManager.submit] - a background job was submitted : id=553 uuid=0b613c03-fc64-4011-9601-1871bc3ecb70 title=null
INFO  [Test worker][2023-05-01T15:04:53,436] [com.indeed.proctor.webapp.jobs.BackgroundJobManager.submit] - a background job was submitted : id=554 uuid=d5779a49-b819-46a3-9e8e-78f88309fdf1 title=null
INFO  [Test worker][2023-05-01T15:04:53,437] [com.indeed.proctor.webapp.jobs.BackgroundJobManager.submit] - a background job was submitted : id=555 uuid=ba4ab7f7-8d81-4b76-b94c-5c7c8893a8a9 title=null
INFO  [Test worker][2023-05-01T15:04:53,437] [com.indeed.proctor.webapp.jobs.BackgroundJobManager.submit] - a background job was submitted : id=556 uuid=9ba7ec31-dc5d-416a-9849-74480c40dc8e title=null
INFO  [Test worker][2023-05-01T15:04:53,437] [com.indeed.proctor.webapp.jobs.BackgroundJobManager.submit] - a background job was submitted : id=557 uuid=e1c6a77c-c35f-49ae-ab6e-b690a253315a title=null
INFO  [Test worker][2023-05-01T15:04:53,437] [com.indeed.proctor.webapp.jobs.BackgroundJobManager.submit] - a background job was submitted : id=558 uuid=44ded7c6-fd6b-4eb4-ab29-b3ff7a44038b title=null
INFO  [Test worker][2023-05-01T15:04:53,437] [com.indeed.proctor.webapp.jobs.BackgroundJobManager.submit] - a background job was submitted : id=559 uuid=0124020d-2468-4f2a-8544-fb4d3fa510e4 title=null
INFO  [Test worker][2023-05-01T15:04:53,438] [com.indeed.proctor.webapp.jobs.BackgroundJobManager.submit] - a background job was submitted : id=560 uuid=6152e8f8-3707-483f-a9d0-7d661ba0e792 title=null
INFO  [Test worker][2023-05-01T15:04:53,438] [com.indeed.proctor.webapp.jobs.BackgroundJobManager.submit] - a background job was submitted : id=561 uuid=1c50f120-184f-48d0-b87c-7be8861bc5e2 title=null
INFO  [Test worker][2023-05-01T15:04:53,438] [com.indeed.proctor.webapp.jobs.BackgroundJobManager.submit] - a background job was submitted : id=562 uuid=f65258d4-3bc4-44ba-9ed4-54baa94ff916 title=null
INFO  [Test worker][2023-05-01T15:04:53,438] [com.indeed.proctor.webapp.jobs.BackgroundJobManager.submit] - a background job was submitted : id=563 uuid=547b3ecc-9490-4c3e-a216-1eff70b32387 title=null
INFO  [Test worker][2023-05-01T15:04:53,438] [com.indeed.proctor.webapp.jobs.BackgroundJobManager.submit] - a background job was submitted : id=564 uuid=7e50d544-e476-4376-9ce2-8715fab96422 title=null
INFO  [Test worker][2023-05-01T15:04:53,439] [com.indeed.proctor.webapp.jobs.BackgroundJobManager.submit] - a background job was submitted : id=565 uuid=c7f4d815-e9b2-4b4c-b077-3c33b9a8e912 title=null
INFO  [Test worker][2023-05-01T15:04:53,439] [com.indeed.proctor.webapp.jobs.BackgroundJobManager.submit] - a background job was submitted : id=566 uuid=42397ba8-3123-4a7b-af0e-920d19dc760a title=null
INFO  [Test worker][2023-05-01T15:04:53,439] [com.indeed.proctor.webapp.jobs.BackgroundJobManager.submit] - a background job was submitted : id=567 uuid=2936e3c6-1ef7-4aa9-99b7-de6d40eceaa9 title=null
INFO  [Test worker][2023-05-01T15:04:53,439] [com.indeed.proctor.webapp.jobs.BackgroundJobManager.submit] - a background job was submitted : id=568 uuid=041a977f-e368-4d38-a79b-04c13c881889 title=null
INFO  [Test worker][2023-05-01T15:04:53,439] [com.indeed.proctor.webapp.jobs.BackgroundJobManager.submit] - a background job was submitted : id=569 uuid=9d989281-012c-41f4-98bf-cab44eceed17 title=null
INFO  [Test worker][2023-05-01T15:04:53,440] [com.indeed.proctor.webapp.jobs.BackgroundJobManager.submit] - a background job was submitted : id=570 uuid=44ba48da-74af-4309-82c8-5a192ce887e5 title=null
INFO  [Test worker][2023-05-01T15:04:53,440] [com.indeed.proctor.webapp.jobs.BackgroundJobManager.submit] - a background job was submitted : id=571 uuid=c90572ea-fc89-497d-8a69-0dde824841b8 title=null
INFO  [Test worker][2023-05-01T15:04:53,440] [com.indeed.proctor.webapp.jobs.BackgroundJobManager.submit] - a background job was submitted : id=572 uuid=8bcc36b2-096d-4fb6-a5f3-147643fa171d title=null
INFO  [Test worker][2023-05-01T15:04:53,440] [com.indeed.proctor.webapp.jobs.BackgroundJobManager.submit] - a background job was submitted : id=573 uuid=e7832126-df10-414a-8434-f12ff4a9f7fe title=null
INFO  [Test worker][2023-05-01T15:04:53,440] [com.indeed.proctor.webapp.jobs.BackgroundJobManager.submit] - a background job was submitted : id=574 uuid=66326c42-6fc4-4300-b4b0-dfb5ce1a3f52 title=null
INFO  [Test worker][2023-05-01T15:04:53,441] [com.indeed.proctor.webapp.jobs.BackgroundJobManager.submit] - a background job was submitted : id=575 uuid=f0adc411-db2b-4b7f-8b6a-a1080b820dd3 title=null
INFO  [Test worker][2023-05-01T15:04:53,441] [com.indeed.proctor.webapp.jobs.BackgroundJobManager.submit] - a background job was submitted : id=576 uuid=724ad3f3-0b31-4326-b51f-5beb438d1847 title=null
INFO  [Test worker][2023-05-01T15:04:53,441] [com.indeed.proctor.webapp.jobs.BackgroundJobManager.submit] - a background job was submitted : id=577 uuid=0b2ac41d-72d6-4561-a6fa-7fbec648fb7d title=null
INFO  [Test worker][2023-05-01T15:04:53,441] [com.indeed.proctor.webapp.jobs.BackgroundJobManager.submit] - a background job was submitted : id=578 uuid=540eb1c5-097c-4c7a-8483-32b61827b33b title=null
INFO  [Test worker][2023-05-01T15:04:53,441] [com.indeed.proctor.webapp.jobs.BackgroundJobManager.submit] - a background job was submitted : id=579 uuid=0c751617-19b4-4015-a72e-0e193b7ba480 title=null
INFO  [Test worker][2023-05-01T15:04:53,441] [com.indeed.proctor.webapp.jobs.BackgroundJobManager.submit] - a background job was submitted : id=580 uuid=792deae4-71c0-4d5b-8ba5-277c8d7ebda3 title=null
INFO  [Test worker][2023-05-01T15:04:53,442] [com.indeed.proctor.webapp.jobs.BackgroundJobManager.submit] - a background job was submitted : id=581 uuid=137b8767-c27d-4a9c-b3f1-fc395b805552 title=null
INFO  [Test worker][2023-05-01T15:04:53,442] [com.indeed.proctor.webapp.jobs.BackgroundJobManager.submit] - a background job was submitted : id=582 uuid=53b9ab85-5559-46bb-90b6-0d84a20fde2f title=null
INFO  [Test worker][2023-05-01T15:04:53,442] [com.indeed.proctor.webapp.jobs.BackgroundJobManager.submit] - a background job was submitted : id=583 uuid=10a20bd9-056b-469f-8919-5e676ec80cbd title=null
INFO  [Test worker][2023-05-01T15:04:53,442] [com.indeed.proctor.webapp.jobs.BackgroundJobManager.submit] - a background job was submitted : id=584 uuid=bee56475-1b1c-43ab-a23c-25fd33e9f918 title=null
INFO  [Test worker][2023-05-01T15:04:53,442] [com.indeed.proctor.webapp.jobs.BackgroundJobManager.submit] - a background job was submitted : id=585 uuid=63a8ad82-fbec-4502-9b37-35490094b585 title=null
INFO  [Test worker][2023-05-01T15:04:53,442] [com.indeed.proctor.webapp.jobs.BackgroundJobManager.submit] - a background job was submitted : id=586 uuid=c99b8c59-d905-4149-96f1-ea77092149e9 title=null
INFO  [Test worker][2023-05-01T15:04:53,443] [com.indeed.proctor.webapp.jobs.BackgroundJobManager.submit] - a background job was submitted : id=587 uuid=b25b6eff-51b1-4822-9b77-88a009a8f0a4 title=null
INFO  [Test worker][2023-05-01T15:04:53,443] [com.indeed.proctor.webapp.jobs.BackgroundJobManager.submit] - a background job was submitted : id=588 uuid=36c82bb3-07dc-4b6a-991f-265b83411b6c title=null
INFO  [Test worker][2023-05-01T15:04:53,443] [com.indeed.proctor.webapp.jobs.BackgroundJobManager.submit] - a background job was submitted : id=589 uuid=b0444966-64a2-42d3-8657-9d1a9a0d9558 title=null
INFO  [Test worker][2023-05-01T15:04:53,443] [com.indeed.proctor.webapp.jobs.BackgroundJobManager.submit] - a background job was submitted : id=590 uuid=921c31ff-860c-4067-bb1d-cc60c935d7ce title=null
INFO  [Test worker][2023-05-01T15:04:53,443] [com.indeed.proctor.webapp.jobs.BackgroundJobManager.submit] - a background job was submitted : id=591 uuid=106af7f3-4b55-461d-85d0-c497ee03f135 title=null
INFO  [Test worker][2023-05-01T15:04:53,443] [com.indeed.proctor.webapp.jobs.BackgroundJobManager.submit] - a background job was submitted : id=592 uuid=38853659-0c7f-45a5-ae31-fd663f191578 title=null
INFO  [Test worker][2023-05-01T15:04:53,444] [com.indeed.proctor.webapp.jobs.BackgroundJobManager.submit] - a background job was submitted : id=593 uuid=d4868f6b-9c0e-4690-b11d-9afdd99748c0 title=null
INFO  [Test worker][2023-05-01T15:04:53,444] [com.indeed.proctor.webapp.jobs.BackgroundJobManager.submit] - a background job was submitted : id=594 uuid=99e8bdfd-9ac1-4ae1-a113-5544d2011ec4 title=null
INFO  [Test worker][2023-05-01T15:04:53,444] [com.indeed.proctor.webapp.jobs.BackgroundJobManager.submit] - a background job was submitted : id=595 uuid=256b05f1-4366-44db-8fb9-3aa930479a1a title=null
INFO  [Test worker][2023-05-01T15:04:53,444] [com.indeed.proctor.webapp.jobs.BackgroundJobManager.submit] - a background job was submitted : id=596 uuid=6d894ed8-79f3-4c9e-beae-545a32fa6911 title=null
INFO  [Test worker][2023-05-01T15:04:53,444] [com.indeed.proctor.webapp.jobs.BackgroundJobManager.submit] - a background job was submitted : id=597 uuid=fda5dee8-10c8-4083-809e-e0faf219e0be title=null
INFO  [Test worker][2023-05-01T15:04:53,444] [com.indeed.proctor.webapp.jobs.BackgroundJobManager.submit] - a background job was submitted : id=598 uuid=095e8c3f-0a53-485f-8356-6d7b97795ebc title=null
INFO  [Test worker][2023-05-01T15:04:53,445] [com.indeed.proctor.webapp.jobs.BackgroundJobManager.submit] - a background job was submitted : id=599 uuid=248ddea7-6803-4141-b5d8-ca172be2ce89 title=null
INFO  [Test worker][2023-05-01T15:04:53,445] [com.indeed.proctor.webapp.jobs.BackgroundJobManager.submit] - a background job was submitted : id=600 uuid=bf668ce3-7cfb-4bfd-b190-36fcb564f587 title=null
INFO  [Test worker][2023-05-01T15:04:53,445] [com.indeed.proctor.webapp.jobs.BackgroundJobManager.submit] - a background job was submitted : id=601 uuid=51b4005c-0c94-42bb-8d01-ac14e1d6165f title=null
INFO  [Test worker][2023-05-01T15:04:53,445] [com.indeed.proctor.webapp.jobs.BackgroundJobManager.submit] - a background job was submitted : id=602 uuid=e11427ca-8d02-40f5-b366-580a533c8e25 title=null
INFO  [Test worker][2023-05-01T15:04:53,445] [com.indeed.proctor.webapp.jobs.BackgroundJobManager.submit] - a background job was submitted : id=603 uuid=683f5295-5dc9-4a54-bdea-7ab97fe303e5 title=null
INFO  [Test worker][2023-05-01T15:04:53,445] [com.indeed.proctor.webapp.jobs.BackgroundJobManager.submit] - a background job was submitted : id=604 uuid=febf10ea-7d4f-409a-bddd-66f91ed48234 title=null
INFO  [Test worker][2023-05-01T15:04:53,446] [com.indeed.proctor.webapp.jobs.BackgroundJobManager.submit] - a background job was submitted : id=605 uuid=6d4a156d-f53a-48a8-af1c-233b7ea90fe0 title=null
INFO  [Test worker][2023-05-01T15:04:53,446] [com.indeed.proctor.webapp.jobs.BackgroundJobManager.submit] - a background job was submitted : id=606 uuid=bfa511e3-f3f9-400c-80a5-93647a26a3f7 title=null
INFO  [Test worker][2023-05-01T15:04:53,446] [com.indeed.proctor.webapp.jobs.BackgroundJobManager.submit] - a background job was submitted : id=607 uuid=54ad7583-69b5-41ad-a30f-41dbeedf10e5 title=null
INFO  [Test worker][2023-05-01T15:04:53,446] [com.indeed.proctor.webapp.jobs.BackgroundJobManager.submit] - a background job was submitted : id=608 uuid=f2e7e650-6641-4fcd-a2b4-5a72b1dd1ecf title=null
INFO  [Test worker][2023-05-01T15:04:53,446] [com.indeed.proctor.webapp.jobs.BackgroundJobManager.submit] - a background job was submitted : id=609 uuid=20a6cc21-52f4-4bc3-9ce8-b7753b9207ff title=null
INFO  [Test worker][2023-05-01T15:04:53,446] [com.indeed.proctor.webapp.jobs.BackgroundJobManager.submit] - a background job was submitted : id=610 uuid=02072ae6-821e-42f1-bcda-3200750368e9 title=null
INFO  [Test worker][2023-05-01T15:04:53,447] [com.indeed.proctor.webapp.jobs.BackgroundJobManager.submit] - a background job was submitted : id=611 uuid=ac68ef2e-1187-4fe4-abe5-ea06c034c587 title=null
INFO  [Test worker][2023-05-01T15:04:53,447] [com.indeed.proctor.webapp.jobs.BackgroundJobManager.submit] - a background job was submitted : id=612 uuid=4b38a65f-d22c-4c03-b686-21c72a05d40f title=null
INFO  [Test worker][2023-05-01T15:04:53,447] [com.indeed.proctor.webapp.jobs.BackgroundJobManager.submit] - a background job was submitted : id=613 uuid=ea4f2d02-919f-43e8-806f-fae45e0af4f6 title=null
INFO  [Test worker][2023-05-01T15:04:53,447] [com.indeed.proctor.webapp.jobs.BackgroundJobManager.submit] - a background job was submitted : id=614 uuid=2c0c58de-7316-4f35-992e-ece9b21afee5 title=null
INFO  [Test worker][2023-05-01T15:04:53,447] [com.indeed.proctor.webapp.jobs.BackgroundJobManager.submit] - a background job was submitted : id=615 uuid=178095f4-1e46-44d8-a956-cc50e7ff2fa4 title=null
INFO  [Test worker][2023-05-01T15:04:53,448] [com.indeed.proctor.webapp.jobs.BackgroundJobManager.submit] - a background job was submitted : id=616 uuid=e99663d8-23eb-45c3-ac49-d2cc8958b49d title=null
INFO  [Test worker][2023-05-01T15:04:53,448] [com.indeed.proctor.webapp.jobs.BackgroundJobManager.submit] - a background job was submitted : id=617 uuid=02513172-bb99-4cfb-99e2-3f675973eeb8 title=null
INFO  [Test worker][2023-05-01T15:04:53,448] [com.indeed.proctor.webapp.jobs.BackgroundJobManager.submit] - a background job was submitted : id=618 uuid=f03ccbf6-8186-4a84-bf80-88a7d9a6ff72 title=null
INFO  [Test worker][2023-05-01T15:04:53,448] [com.indeed.proctor.webapp.jobs.BackgroundJobManager.submit] - a background job was submitted : id=619 uuid=65e75f72-3196-42ed-8f63-da20040b4aed title=null
INFO  [Test worker][2023-05-01T15:04:53,448] [com.indeed.proctor.webapp.jobs.BackgroundJobManager.submit] - a background job was submitted : id=620 uuid=6906302c-a54a-4ea6-b72f-2f3e08b7e05d title=null
INFO  [Test worker][2023-05-01T15:04:53,448] [com.indeed.proctor.webapp.jobs.BackgroundJobManager.submit] - a background job was submitted : id=621 uuid=0025b785-3780-4b15-992e-577771cdf157 title=null
INFO  [Test worker][2023-05-01T15:04:53,449] [com.indeed.proctor.webapp.jobs.BackgroundJobManager.submit] - a background job was submitted : id=622 uuid=79e47836-28d9-481a-b583-059d6c48721e title=null
INFO  [Test worker][2023-05-01T15:04:53,449] [com.indeed.proctor.webapp.jobs.BackgroundJobManager.submit] - a background job was submitted : id=623 uuid=63a771ed-a93f-49f3-8f2c-e9f74270b136 title=null
INFO  [Test worker][2023-05-01T15:04:53,449] [com.indeed.proctor.webapp.jobs.BackgroundJobManager.submit] - a background job was submitted : id=624 uuid=c2aa833b-abef-43ca-a051-9f36848de397 title=null
INFO  [Test worker][2023-05-01T15:04:53,449] [com.indeed.proctor.webapp.jobs.BackgroundJobManager.submit] - a background job was submitted : id=625 uuid=5f11dbc5-6607-43fe-b894-bda6ceeaf9a3 title=null
INFO  [Test worker][2023-05-01T15:04:53,449] [com.indeed.proctor.webapp.jobs.BackgroundJobManager.submit] - a background job was submitted : id=626 uuid=33d02487-dfc9-4251-a900-336f079dcf62 title=null
INFO  [Test worker][2023-05-01T15:04:53,450] [com.indeed.proctor.webapp.jobs.BackgroundJobManager.submit] - a background job was submitted : id=627 uuid=18380fa0-e3f4-4a2b-bedc-2638e0e6bc78 title=null
INFO  [Test worker][2023-05-01T15:04:53,450] [com.indeed.proctor.webapp.jobs.BackgroundJobManager.submit] - a background job was submitted : id=628 uuid=3e44e889-ecb4-4f8c-ba65-1603ba5ee614 title=null
INFO  [Test worker][2023-05-01T15:04:53,450] [com.indeed.proctor.webapp.jobs.BackgroundJobManager.submit] - a background job was submitted : id=629 uuid=f1098a84-211d-403f-bcd7-6263dd90e867 title=null
INFO  [Test worker][2023-05-01T15:04:53,450] [com.indeed.proctor.webapp.jobs.BackgroundJobManager.submit] - a background job was submitted : id=630 uuid=4442c3c6-22ec-4084-b291-96cf2dc5c8c5 title=null
INFO  [Test worker][2023-05-01T15:04:53,450] [com.indeed.proctor.webapp.jobs.BackgroundJobManager.submit] - a background job was submitted : id=631 uuid=e4784bbf-f923-430d-a62f-144e82a7c2ca title=null
INFO  [Test worker][2023-05-01T15:04:53,450] [com.indeed.proctor.webapp.jobs.BackgroundJobManager.submit] - a background job was submitted : id=632 uuid=60669870-c4ad-4497-96a4-7a0a97191f94 title=null
INFO  [Test worker][2023-05-01T15:04:53,451] [com.indeed.proctor.webapp.jobs.BackgroundJobManager.submit] - a background job was submitted : id=633 uuid=fc9cfa69-be5b-4661-9395-455c50502b22 title=null
INFO  [Test worker][2023-05-01T15:04:53,451] [com.indeed.proctor.webapp.jobs.BackgroundJobManager.submit] - a background job was submitted : id=634 uuid=d849e15d-979c-41a7-8c81-75c2fca89192 title=null
INFO  [Test worker][2023-05-01T15:04:53,451] [com.indeed.proctor.webapp.jobs.BackgroundJobManager.submit] - a background job was submitted : id=635 uuid=01a9a866-d66c-490d-ae2e-96a537626555 title=null
INFO  [Test worker][2023-05-01T15:04:53,451] [com.indeed.proctor.webapp.jobs.BackgroundJobManager.submit] - a background job was submitted : id=636 uuid=11d59ff7-2e78-4197-a0b5-a31247fffda1 title=null
INFO  [Test worker][2023-05-01T15:04:53,451] [com.indeed.proctor.webapp.jobs.BackgroundJobManager.submit] - a background job was submitted : id=637 uuid=3d9504f2-9e93-4144-8111-0a4aa417c6ea title=null
INFO  [Test worker][2023-05-01T15:04:53,452] [com.indeed.proctor.webapp.jobs.BackgroundJobManager.submit] - a background job was submitted : id=638 uuid=ca46b139-fe79-4d5f-93dc-3a0256edb768 title=null
INFO  [Test worker][2023-05-01T15:04:53,452] [com.indeed.proctor.webapp.jobs.BackgroundJobManager.submit] - a background job was submitted : id=639 uuid=70c6d999-015a-4dab-a27f-67f3f8e7e0a8 title=null
INFO  [Test worker][2023-05-01T15:04:53,452] [com.indeed.proctor.webapp.jobs.BackgroundJobManager.submit] - a background job was submitted : id=640 uuid=308b059c-c671-4438-82ff-7d4d450ef307 title=null
INFO  [Test worker][2023-05-01T15:04:53,452] [com.indeed.proctor.webapp.jobs.BackgroundJobManager.submit] - a background job was submitted : id=641 uuid=84e878bf-aaf4-474e-a9d0-a4f39fcea5cb title=null
INFO  [Test worker][2023-05-01T15:04:53,452] [com.indeed.proctor.webapp.jobs.BackgroundJobManager.submit] - a background job was submitted : id=642 uuid=873ffb95-c36b-4e87-beda-e83fe2adeee2 title=null
INFO  [Test worker][2023-05-01T15:04:53,453] [com.indeed.proctor.webapp.jobs.BackgroundJobManager.submit] - a background job was submitted : id=643 uuid=fee9233f-1c76-44b1-9810-bbed2e9f50d8 title=null
INFO  [Test worker][2023-05-01T15:04:53,453] [com.indeed.proctor.webapp.jobs.BackgroundJobManager.submit] - a background job was submitted : id=644 uuid=733dd70b-618c-4438-825a-86cf9c648ff9 title=null
INFO  [Test worker][2023-05-01T15:04:53,453] [com.indeed.proctor.webapp.jobs.BackgroundJobManager.submit] - a background job was submitted : id=645 uuid=c91986e1-2247-4ce6-b0b6-8f00a9debc98 title=null
INFO  [Test worker][2023-05-01T15:04:53,453] [com.indeed.proctor.webapp.jobs.BackgroundJobManager.submit] - a background job was submitted : id=646 uuid=171ef1b8-9d4d-4341-9358-11a871ce7c02 title=null
INFO  [Test worker][2023-05-01T15:04:53,453] [com.indeed.proctor.webapp.jobs.BackgroundJobManager.submit] - a background job was submitted : id=647 uuid=afa985e9-fc53-4746-90db-b7371dfc3ea4 title=null
INFO  [Test worker][2023-05-01T15:04:53,454] [com.indeed.proctor.webapp.jobs.BackgroundJobManager.submit] - a background job was submitted : id=648 uuid=a6fb80aa-2fd6-453b-8ec0-dffe23678185 title=null
INFO  [Test worker][2023-05-01T15:04:53,454] [com.indeed.proctor.webapp.jobs.BackgroundJobManager.submit] - a background job was submitted : id=649 uuid=ec8e80e7-9089-4986-9748-5ac06ec35d64 title=null
INFO  [Test worker][2023-05-01T15:04:53,454] [com.indeed.proctor.webapp.jobs.BackgroundJobManager.submit] - a background job was submitted : id=650 uuid=0ec5a414-ca1e-49a0-bf2a-37af137b98ac title=null
INFO  [Test worker][2023-05-01T15:04:53,454] [com.indeed.proctor.webapp.jobs.BackgroundJobManager.submit] - a background job was submitted : id=651 uuid=79e691fc-b5e6-49e3-b963-6fa867bb031c title=null
INFO  [Test worker][2023-05-01T15:04:53,454] [com.indeed.proctor.webapp.jobs.BackgroundJobManager.submit] - a background job was submitted : id=652 uuid=9916961a-b0bc-48d4-ba22-ab212665de37 title=null
INFO  [Test worker][2023-05-01T15:04:53,455] [com.indeed.proctor.webapp.jobs.BackgroundJobManager.submit] - a background job was submitted : id=653 uuid=be304aaf-208b-4dc1-8250-10d782bd4dc7 title=null
INFO  [Test worker][2023-05-01T15:04:53,455] [com.indeed.proctor.webapp.jobs.BackgroundJobManager.submit] - a background job was submitted : id=654 uuid=2b7e95f4-e0d5-4cf1-a12b-be88fe02c96c title=null
INFO  [Test worker][2023-05-01T15:04:53,455] [com.indeed.proctor.webapp.jobs.BackgroundJobManager.submit] - a background job was submitted : id=655 uuid=8e9611e9-d625-476b-a191-6f84db3d23e1 title=null
INFO  [Test worker][2023-05-01T15:04:53,455] [com.indeed.proctor.webapp.jobs.BackgroundJobManager.submit] - a background job was submitted : id=656 uuid=87493edf-7142-4584-9dc0-e65e9d7e723a title=null
INFO  [Test worker][2023-05-01T15:04:53,455] [com.indeed.proctor.webapp.jobs.BackgroundJobManager.submit] - a background job was submitted : id=657 uuid=1482a301-43d5-49e7-a72b-d34b354ed71c title=null
INFO  [Test worker][2023-05-01T15:04:53,456] [com.indeed.proctor.webapp.jobs.BackgroundJobManager.submit] - a background job was submitted : id=658 uuid=e768bdda-6df3-403c-94fd-3e80b6d0c6a0 title=null
INFO  [Test worker][2023-05-01T15:04:53,456] [com.indeed.proctor.webapp.jobs.BackgroundJobManager.submit] - a background job was submitted : id=659 uuid=24b8d0e6-11c8-4015-82b8-c096e6615eac title=null
INFO  [Test worker][2023-05-01T15:04:53,456] [com.indeed.proctor.webapp.jobs.BackgroundJobManager.submit] - a background job was submitted : id=660 uuid=bb798c90-e8d8-4ef2-9bcb-7fef29ad0dab title=null
INFO  [Test worker][2023-05-01T15:04:53,456] [com.indeed.proctor.webapp.jobs.BackgroundJobManager.submit] - a background job was submitted : id=661 uuid=08d4231e-4097-473e-8247-9adc79cc56f8 title=null
INFO  [Test worker][2023-05-01T15:04:53,456] [com.indeed.proctor.webapp.jobs.BackgroundJobManager.submit] - a background job was submitted : id=662 uuid=2d67a3e0-5f40-45d0-8937-9529b8b679fc title=null
INFO  [Test worker][2023-05-01T15:04:53,456] [com.indeed.proctor.webapp.jobs.BackgroundJobManager.submit] - a background job was submitted : id=663 uuid=a8fc0952-aa7f-4392-9927-ef3b00ddc620 title=null
INFO  [Test worker][2023-05-01T15:04:53,457] [com.indeed.proctor.webapp.jobs.BackgroundJobManager.submit] - a background job was submitted : id=664 uuid=f72ccc78-b4f5-487b-a67a-ce9ffecea967 title=null
INFO  [Test worker][2023-05-01T15:04:53,457] [com.indeed.proctor.webapp.jobs.BackgroundJobManager.submit] - a background job was submitted : id=665 uuid=fe47429e-f4cc-4f95-8140-098c5454d639 title=null
INFO  [Test worker][2023-05-01T15:04:53,457] [com.indeed.proctor.webapp.jobs.BackgroundJobManager.submit] - a background job was submitted : id=666 uuid=26d21cce-a74b-4f7f-aea8-67ae5604a04a title=null
INFO  [Test worker][2023-05-01T15:04:53,457] [com.indeed.proctor.webapp.jobs.BackgroundJobManager.submit] - a background job was submitted : id=667 uuid=39b9d86c-087f-4af5-b264-c9811fb8ba63 title=null
INFO  [Test worker][2023-05-01T15:04:53,457] [com.indeed.proctor.webapp.jobs.BackgroundJobManager.submit] - a background job was submitted : id=668 uuid=667cd5f3-560d-4d5f-8110-85aaa5021689 title=null
INFO  [Test worker][2023-05-01T15:04:53,458] [com.indeed.proctor.webapp.jobs.BackgroundJobManager.submit] - a background job was submitted : id=669 uuid=fccd8971-e670-400d-9a8f-91b4f2edc43e title=null
INFO  [Test worker][2023-05-01T15:04:53,458] [com.indeed.proctor.webapp.jobs.BackgroundJobManager.submit] - a background job was submitted : id=670 uuid=eed3a9fa-d553-4b10-9bd0-121154054e09 title=null
INFO  [Test worker][2023-05-01T15:04:53,458] [com.indeed.proctor.webapp.jobs.BackgroundJobManager.submit] - a background job was submitted : id=671 uuid=e5d9dfc7-fc5f-428f-b848-3e12ea3db14f title=null
INFO  [Test worker][2023-05-01T15:04:53,458] [com.indeed.proctor.webapp.jobs.BackgroundJobManager.submit] - a background job was submitted : id=672 uuid=12fc0d4b-9219-4347-be64-2b709843ada7 title=null
INFO  [Test worker][2023-05-01T15:04:53,458] [com.indeed.proctor.webapp.jobs.BackgroundJobManager.submit] - a background job was submitted : id=673 uuid=456e99a9-0ccc-4695-bcb7-6be4c6f7e56c title=null
INFO  [Test worker][2023-05-01T15:04:53,458] [com.indeed.proctor.webapp.jobs.BackgroundJobManager.submit] - a background job was submitted : id=674 uuid=d53b96cd-8214-4836-90cd-f6ff0127f1fa title=null
INFO  [Test worker][2023-05-01T15:04:53,459] [com.indeed.proctor.webapp.jobs.BackgroundJobManager.submit] - a background job was submitted : id=675 uuid=6631b44e-72aa-4949-b6fd-0040ca075706 title=null
INFO  [Test worker][2023-05-01T15:04:53,459] [com.indeed.proctor.webapp.jobs.BackgroundJobManager.submit] - a background job was submitted : id=676 uuid=da00055d-2c64-470d-a55f-3881d0f642f4 title=null
INFO  [Test worker][2023-05-01T15:04:53,459] [com.indeed.proctor.webapp.jobs.BackgroundJobManager.submit] - a background job was submitted : id=677 uuid=3a035815-75ff-47ad-8d4d-31f4abed6563 title=null
INFO  [Test worker][2023-05-01T15:04:53,459] [com.indeed.proctor.webapp.jobs.BackgroundJobManager.submit] - a background job was submitted : id=678 uuid=8b59b471-1abd-46f8-a379-ac6670939b64 title=null
INFO  [Test worker][2023-05-01T15:04:53,459] [com.indeed.proctor.webapp.jobs.BackgroundJobManager.submit] - a background job was submitted : id=679 uuid=07031a32-7ce1-4879-abff-11c32722a76d title=null
INFO  [Test worker][2023-05-01T15:04:53,459] [com.indeed.proctor.webapp.jobs.BackgroundJobManager.submit] - a background job was submitted : id=680 uuid=8306b538-4dd8-4065-b927-66d586642c3b title=null
INFO  [Test worker][2023-05-01T15:04:53,460] [com.indeed.proctor.webapp.jobs.BackgroundJobManager.submit] - a background job was submitted : id=681 uuid=f0a96266-cc10-4045-96c8-3e3357a84e40 title=null
INFO  [Test worker][2023-05-01T15:04:53,460] [com.indeed.proctor.webapp.jobs.BackgroundJobManager.submit] - a background job was submitted : id=682 uuid=b472c99c-42f6-4d5d-b286-82f968f296c6 title=null
INFO  [Test worker][2023-05-01T15:04:53,460] [com.indeed.proctor.webapp.jobs.BackgroundJobManager.submit] - a background job was submitted : id=683 uuid=cffd59f9-345f-40a9-860b-54ddf0639d98 title=null
INFO  [Test worker][2023-05-01T15:04:53,460] [com.indeed.proctor.webapp.jobs.BackgroundJobManager.submit] - a background job was submitted : id=684 uuid=9694edd4-cf18-4b23-be4b-de3fba0d6db5 title=null
INFO  [Test worker][2023-05-01T15:04:53,460] [com.indeed.proctor.webapp.jobs.BackgroundJobManager.submit] - a background job was submitted : id=685 uuid=3f1a4b78-a8dd-45f6-9f7b-b55d7f0d216b title=null
INFO  [Test worker][2023-05-01T15:04:53,461] [com.indeed.proctor.webapp.jobs.BackgroundJobManager.submit] - a background job was submitted : id=686 uuid=f0a52100-3268-4693-8110-df065e0cbf90 title=null
INFO  [Test worker][2023-05-01T15:04:53,461] [com.indeed.proctor.webapp.jobs.BackgroundJobManager.submit] - a background job was submitted : id=687 uuid=c4a2e6ac-f1c8-48fb-b4f7-aecb77ebd08f title=null
INFO  [Test worker][2023-05-01T15:04:53,461] [com.indeed.proctor.webapp.jobs.BackgroundJobManager.submit] - a background job was submitted : id=688 uuid=b7334832-343f-4303-9685-d5d2a6eaeab9 title=null
INFO  [Test worker][2023-05-01T15:04:53,461] [com.indeed.proctor.webapp.jobs.BackgroundJobManager.submit] - a background job was submitted : id=689 uuid=9abb0629-b232-4834-802b-1c66c46d6f6a title=null
INFO  [Test worker][2023-05-01T15:04:53,461] [com.indeed.proctor.webapp.jobs.BackgroundJobManager.submit] - a background job was submitted : id=690 uuid=4301be66-108f-4493-9abd-a1610874eb0f title=null
INFO  [Test worker][2023-05-01T15:04:53,461] [com.indeed.proctor.webapp.jobs.BackgroundJobManager.submit] - a background job was submitted : id=691 uuid=67fcab17-ff26-44df-85a6-4f0ef83a23ac title=null
INFO  [Test worker][2023-05-01T15:04:53,462] [com.indeed.proctor.webapp.jobs.BackgroundJobManager.submit] - a background job was submitted : id=692 uuid=47ffe4e4-b905-451d-83dd-2aea061a152a title=null
INFO  [Test worker][2023-05-01T15:04:53,462] [com.indeed.proctor.webapp.jobs.BackgroundJobManager.submit] - a background job was submitted : id=693 uuid=56ff1745-84fa-4948-ab87-15040509c8ea title=null
INFO  [Test worker][2023-05-01T15:04:53,462] [com.indeed.proctor.webapp.jobs.BackgroundJobManager.submit] - a background job was submitted : id=694 uuid=658e3596-ac04-45ff-bbc3-783aadf932d8 title=null
INFO  [Test worker][2023-05-01T15:04:53,462] [com.indeed.proctor.webapp.jobs.BackgroundJobManager.submit] - a background job was submitted : id=695 uuid=ea2c102d-6735-4d55-93c8-4a1e3b3799e0 title=null
INFO  [Test worker][2023-05-01T15:04:53,462] [com.indeed.proctor.webapp.jobs.BackgroundJobManager.submit] - a background job was submitted : id=696 uuid=1f622b4f-5eef-4c1b-b9b1-d5a440fb7da1 title=null
INFO  [Test worker][2023-05-01T15:04:53,463] [com.indeed.proctor.webapp.jobs.BackgroundJobManager.submit] - a background job was submitted : id=697 uuid=08ab54aa-d249-4422-ae12-9dce8dc82250 title=null
INFO  [Test worker][2023-05-01T15:04:53,463] [com.indeed.proctor.webapp.jobs.BackgroundJobManager.submit] - a background job was submitted : id=698 uuid=e28ae912-230b-4b1f-821c-6b97dcd09000 title=null
INFO  [Test worker][2023-05-01T15:04:53,463] [com.indeed.proctor.webapp.jobs.BackgroundJobManager.submit] - a background job was submitted : id=699 uuid=a54afa7c-c436-41c9-b448-e1033d9bc708 title=null
INFO  [Test worker][2023-05-01T15:04:53,463] [com.indeed.proctor.webapp.jobs.BackgroundJobManager.submit] - a background job was submitted : id=700 uuid=41d492f3-98a8-46a6-ad6f-f4b1e422f959 title=null
INFO  [Test worker][2023-05-01T15:04:53,463] [com.indeed.proctor.webapp.jobs.BackgroundJobManager.submit] - a background job was submitted : id=701 uuid=634d36a0-99d7-469d-8fa2-56135b81a412 title=null
INFO  [Test worker][2023-05-01T15:04:53,464] [com.indeed.proctor.webapp.jobs.BackgroundJobManager.submit] - a background job was submitted : id=702 uuid=290140ae-bb1b-47cc-b4fb-8a5cf8079f03 title=null
INFO  [Test worker][2023-05-01T15:04:53,464] [com.indeed.proctor.webapp.jobs.BackgroundJobManager.submit] - a background job was submitted : id=703 uuid=31c04c87-e056-4f76-b3d6-6de2401733fa title=null
INFO  [Test worker][2023-05-01T15:04:53,464] [com.indeed.proctor.webapp.jobs.BackgroundJobManager.submit] - a background job was submitted : id=704 uuid=914ca798-efc5-4fd4-895e-fc82536f8344 title=null
INFO  [Test worker][2023-05-01T15:04:53,464] [com.indeed.proctor.webapp.jobs.BackgroundJobManager.submit] - a background job was submitted : id=705 uuid=9f9882a3-071e-474d-a083-7edd34494cde title=null
INFO  [Test worker][2023-05-01T15:04:53,464] [com.indeed.proctor.webapp.jobs.BackgroundJobManager.submit] - a background job was submitted : id=706 uuid=de620551-bca4-4b4b-958d-d759cbb0e931 title=null
INFO  [Test worker][2023-05-01T15:04:53,464] [com.indeed.proctor.webapp.jobs.BackgroundJobManager.submit] - a background job was submitted : id=707 uuid=621126f7-8640-4ca5-829f-b40040a07b60 title=null
INFO  [Test worker][2023-05-01T15:04:53,465] [com.indeed.proctor.webapp.jobs.BackgroundJobManager.submit] - a background job was submitted : id=708 uuid=9d942197-69fd-4889-8932-de7c32d2d718 title=null
INFO  [Test worker][2023-05-01T15:04:53,465] [com.indeed.proctor.webapp.jobs.BackgroundJobManager.submit] - a background job was submitted : id=709 uuid=7dd7fa6e-6f91-4266-94dd-50a123e0ad7b title=null
INFO  [Test worker][2023-05-01T15:04:53,465] [com.indeed.proctor.webapp.jobs.BackgroundJobManager.submit] - a background job was submitted : id=710 uuid=f8124bb0-9f9e-4053-9c80-81135a95ad8c title=null
INFO  [Test worker][2023-05-01T15:04:53,465] [com.indeed.proctor.webapp.jobs.BackgroundJobManager.submit] - a background job was submitted : id=711 uuid=f65b9e59-3fa8-471e-8491-347c45834dd5 title=null
INFO  [Test worker][2023-05-01T15:04:53,465] [com.indeed.proctor.webapp.jobs.BackgroundJobManager.submit] - a background job was submitted : id=712 uuid=b218f872-b83b-4801-9cac-8a9ad31692f2 title=null
INFO  [Test worker][2023-05-01T15:04:53,465] [com.indeed.proctor.webapp.jobs.BackgroundJobManager.submit] - a background job was submitted : id=713 uuid=b6628b84-6867-4871-beb8-a32adfcded16 title=null
INFO  [Test worker][2023-05-01T15:04:53,466] [com.indeed.proctor.webapp.jobs.BackgroundJobManager.submit] - a background job was submitted : id=714 uuid=6aa44b9f-2583-44f5-b7dd-f59ab136835c title=null
INFO  [Test worker][2023-05-01T15:04:53,466] [com.indeed.proctor.webapp.jobs.BackgroundJobManager.submit] - a background job was submitted : id=715 uuid=e3ba6278-588d-465d-b62e-705bdebfd625 title=null
INFO  [Test worker][2023-05-01T15:04:53,466] [com.indeed.proctor.webapp.jobs.BackgroundJobManager.submit] - a background job was submitted : id=716 uuid=3ae0e83a-9929-4a7f-8cf5-c1d4f9825ec4 title=null
INFO  [Test worker][2023-05-01T15:04:53,466] [com.indeed.proctor.webapp.jobs.BackgroundJobManager.submit] - a background job was submitted : id=717 uuid=77fa7ae3-12d7-4519-9bf0-32072b133203 title=null
INFO  [Test worker][2023-05-01T15:04:53,466] [com.indeed.proctor.webapp.jobs.BackgroundJobManager.submit] - a background job was submitted : id=718 uuid=ba2380f3-e5b6-43eb-9925-0e7f73d751db title=null
INFO  [Test worker][2023-05-01T15:04:53,467] [com.indeed.proctor.webapp.jobs.BackgroundJobManager.submit] - a background job was submitted : id=719 uuid=1d4ece41-d839-47fb-9ef5-54749c1e3952 title=null
INFO  [Test worker][2023-05-01T15:04:53,467] [com.indeed.proctor.webapp.jobs.BackgroundJobManager.submit] - a background job was submitted : id=720 uuid=f3196f2e-757b-4c6e-be0e-ca215d6b7b4f title=null
INFO  [Test worker][2023-05-01T15:04:53,467] [com.indeed.proctor.webapp.jobs.BackgroundJobManager.submit] - a background job was submitted : id=721 uuid=b18f726c-cb30-4e89-b798-04291f8a88e9 title=null
INFO  [Test worker][2023-05-01T15:04:53,467] [com.indeed.proctor.webapp.jobs.BackgroundJobManager.submit] - a background job was submitted : id=722 uuid=0cf497d9-af01-4a77-8472-8d45644b5f7b title=null
INFO  [Test worker][2023-05-01T15:04:53,467] [com.indeed.proctor.webapp.jobs.BackgroundJobManager.submit] - a background job was submitted : id=723 uuid=56cf92ab-7c48-4b31-8786-2569089aa64a title=null
INFO  [Test worker][2023-05-01T15:04:53,467] [com.indeed.proctor.webapp.jobs.BackgroundJobManager.submit] - a background job was submitted : id=724 uuid=bfe48796-501e-40ad-b322-45218cb5aa3e title=null
INFO  [Test worker][2023-05-01T15:04:53,468] [com.indeed.proctor.webapp.jobs.BackgroundJobManager.submit] - a background job was submitted : id=725 uuid=93d01dbc-0cb8-4e1a-81d7-d3e5e5f44abe title=null
INFO  [Test worker][2023-05-01T15:04:53,468] [com.indeed.proctor.webapp.jobs.BackgroundJobManager.submit] - a background job was submitted : id=726 uuid=720cea86-2139-48ee-9c5a-52e64935033b title=null
INFO  [Test worker][2023-05-01T15:04:53,468] [com.indeed.proctor.webapp.jobs.BackgroundJobManager.submit] - a background job was submitted : id=727 uuid=280098c4-cf7e-45db-ab66-ca692f8efd9f title=null
INFO  [Test worker][2023-05-01T15:04:53,468] [com.indeed.proctor.webapp.jobs.BackgroundJobManager.submit] - a background job was submitted : id=728 uuid=637b043e-aa75-47e0-a83e-21f07009aeaf title=null
INFO  [Test worker][2023-05-01T15:04:53,468] [com.indeed.proctor.webapp.jobs.BackgroundJobManager.submit] - a background job was submitted : id=729 uuid=62cceb21-957c-4078-8335-4e1a4e09a1dc title=null
INFO  [Test worker][2023-05-01T15:04:53,469] [com.indeed.proctor.webapp.jobs.BackgroundJobManager.submit] - a background job was submitted : id=730 uuid=f60e7007-1028-42f5-b695-b7f4c9177419 title=null
INFO  [Test worker][2023-05-01T15:04:53,469] [com.indeed.proctor.webapp.jobs.BackgroundJobManager.submit] - a background job was submitted : id=731 uuid=0839ea83-ecc9-46a9-ae45-98b4c18d87f7 title=null
INFO  [Test worker][2023-05-01T15:04:53,469] [com.indeed.proctor.webapp.jobs.BackgroundJobManager.submit] - a background job was submitted : id=732 uuid=510192c9-003e-4d9b-bc52-bb874360adf5 title=null
INFO  [Test worker][2023-05-01T15:04:53,469] [com.indeed.proctor.webapp.jobs.BackgroundJobManager.submit] - a background job was submitted : id=733 uuid=45a5226c-d4c4-4ed2-b579-18c8f4c71576 title=null
INFO  [Test worker][2023-05-01T15:04:53,469] [com.indeed.proctor.webapp.jobs.BackgroundJobManager.submit] - a background job was submitted : id=734 uuid=7f93062e-2a4b-40cd-b7e8-545e84825fe9 title=null
INFO  [Test worker][2023-05-01T15:04:53,470] [com.indeed.proctor.webapp.jobs.BackgroundJobManager.submit] - a background job was submitted : id=735 uuid=530f9190-c3e6-40b5-ae31-a15b955e6a73 title=null
INFO  [Test worker][2023-05-01T15:04:53,470] [com.indeed.proctor.webapp.jobs.BackgroundJobManager.submit] - a background job was submitted : id=736 uuid=da688c9a-6b6c-4cff-b768-da5ce4695a4c title=null
INFO  [Test worker][2023-05-01T15:04:53,470] [com.indeed.proctor.webapp.jobs.BackgroundJobManager.submit] - a background job was submitted : id=737 uuid=a4d79072-e98c-4624-9964-9349b5048c35 title=null
INFO  [Test worker][2023-05-01T15:04:53,470] [com.indeed.proctor.webapp.jobs.BackgroundJobManager.submit] - a background job was submitted : id=738 uuid=7a78c3a3-91c3-4304-be1b-e585600140d9 title=null
INFO  [Test worker][2023-05-01T15:04:53,470] [com.indeed.proctor.webapp.jobs.BackgroundJobManager.submit] - a background job was submitted : id=739 uuid=fc0554f0-12b9-4040-b10e-a3b85ab6f382 title=null
INFO  [Test worker][2023-05-01T15:04:53,470] [com.indeed.proctor.webapp.jobs.BackgroundJobManager.submit] - a background job was submitted : id=740 uuid=3af9be4b-b973-42e8-9bc4-0084ff3f7ef8 title=null
INFO  [Test worker][2023-05-01T15:04:53,471] [com.indeed.proctor.webapp.jobs.BackgroundJobManager.submit] - a background job was submitted : id=741 uuid=c79290a6-541f-46bc-acd8-5e804c7432c4 title=null
INFO  [Test worker][2023-05-01T15:04:53,471] [com.indeed.proctor.webapp.jobs.BackgroundJobManager.submit] - a background job was submitted : id=742 uuid=99e0c1c1-e371-46b4-bd20-7ee024b5ad86 title=null
INFO  [Test worker][2023-05-01T15:04:53,471] [com.indeed.proctor.webapp.jobs.BackgroundJobManager.submit] - a background job was submitted : id=743 uuid=6c000791-77c5-40d7-a153-6cd659de432d title=null
INFO  [Test worker][2023-05-01T15:04:53,471] [com.indeed.proctor.webapp.jobs.BackgroundJobManager.submit] - a background job was submitted : id=744 uuid=e6be59a3-c4ce-4806-9423-d0d5a7bc1747 title=null
INFO  [Test worker][2023-05-01T15:04:53,471] [com.indeed.proctor.webapp.jobs.BackgroundJobManager.submit] - a background job was submitted : id=745 uuid=2a82c21d-f2d6-4be1-89cb-41d3ccdc7e5a title=null
INFO  [Test worker][2023-05-01T15:04:53,472] [com.indeed.proctor.webapp.jobs.BackgroundJobManager.submit] - a background job was submitted : id=746 uuid=2b202f3f-e935-4fb2-b376-e6dc74b5b8aa title=null
INFO  [Test worker][2023-05-01T15:04:53,472] [com.indeed.proctor.webapp.jobs.BackgroundJobManager.submit] - a background job was submitted : id=747 uuid=00964391-4860-447d-b4f7-97c754eb97e1 title=null
INFO  [Test worker][2023-05-01T15:04:53,472] [com.indeed.proctor.webapp.jobs.BackgroundJobManager.submit] - a background job was submitted : id=748 uuid=d4315756-8154-4d34-84c5-60c65009a0d4 title=null
INFO  [Test worker][2023-05-01T15:04:53,472] [com.indeed.proctor.webapp.jobs.BackgroundJobManager.submit] - a background job was submitted : id=749 uuid=0d249a80-4932-4be9-90c4-8c496111bde4 title=null
INFO  [Test worker][2023-05-01T15:04:53,472] [com.indeed.proctor.webapp.jobs.BackgroundJobManager.submit] - a background job was submitted : id=750 uuid=7401d978-00b6-4ec6-9237-4c65bec60330 title=null
INFO  [Test worker][2023-05-01T15:04:53,472] [com.indeed.proctor.webapp.jobs.BackgroundJobManager.submit] - a background job was submitted : id=751 uuid=5bc02e03-883e-4268-b9af-3ef58631f8e5 title=null
INFO  [Test worker][2023-05-01T15:04:53,473] [com.indeed.proctor.webapp.jobs.BackgroundJobManager.submit] - a background job was submitted : id=752 uuid=c2ebca8b-ff8d-44ea-81ea-39de514fb379 title=null
INFO  [Test worker][2023-05-01T15:04:53,473] [com.indeed.proctor.webapp.jobs.BackgroundJobManager.submit] - a background job was submitted : id=753 uuid=da02cfe2-7fd2-4c33-9c4f-305fbba17a2a title=null
INFO  [Test worker][2023-05-01T15:04:53,473] [com.indeed.proctor.webapp.jobs.BackgroundJobManager.submit] - a background job was submitted : id=754 uuid=ab71eb5e-0dc7-47b3-9129-3cba8416324f title=null
INFO  [Test worker][2023-05-01T15:04:53,473] [com.indeed.proctor.webapp.jobs.BackgroundJobManager.submit] - a background job was submitted : id=755 uuid=ff7068a7-2d68-4d47-8e4c-3e0bed141a13 title=null
INFO  [Test worker][2023-05-01T15:04:53,473] [com.indeed.proctor.webapp.jobs.BackgroundJobManager.submit] - a background job was submitted : id=756 uuid=923e473c-616f-4a65-b5d3-38d93a4db1df title=null
INFO  [Test worker][2023-05-01T15:04:53,473] [com.indeed.proctor.webapp.jobs.BackgroundJobManager.submit] - a background job was submitted : id=757 uuid=b79ad29f-e81d-43ff-b37e-2ef8e123944e title=null
INFO  [Test worker][2023-05-01T15:04:53,474] [com.indeed.proctor.webapp.jobs.BackgroundJobManager.submit] - a background job was submitted : id=758 uuid=6c27c93c-604f-4b29-9ff7-18577c1f4adf title=null
INFO  [Test worker][2023-05-01T15:04:53,474] [com.indeed.proctor.webapp.jobs.BackgroundJobManager.submit] - a background job was submitted : id=759 uuid=05bff939-a1a9-4620-a963-0042215b7435 title=null
INFO  [Test worker][2023-05-01T15:04:53,474] [com.indeed.proctor.webapp.jobs.BackgroundJobManager.submit] - a background job was submitted : id=760 uuid=20b34d5e-be14-4360-97fc-224c6fcb7ce0 title=null
INFO  [Test worker][2023-05-01T15:04:53,474] [com.indeed.proctor.webapp.jobs.BackgroundJobManager.submit] - a background job was submitted : id=761 uuid=3f89da99-98ef-42b6-8144-19c76f839e21 title=null
INFO  [Test worker][2023-05-01T15:04:53,474] [com.indeed.proctor.webapp.jobs.BackgroundJobManager.submit] - a background job was submitted : id=762 uuid=7e0be141-8602-4551-9ed4-bc700a064c7d title=null
INFO  [Test worker][2023-05-01T15:04:53,474] [com.indeed.proctor.webapp.jobs.BackgroundJobManager.submit] - a background job was submitted : id=763 uuid=66f6eaa6-2b8a-466d-b4fe-5bd0c297aa9f title=null
INFO  [Test worker][2023-05-01T15:04:53,475] [com.indeed.proctor.webapp.jobs.BackgroundJobManager.submit] - a background job was submitted : id=764 uuid=369db88f-4aa6-43ff-8fd9-f039533deb90 title=null
INFO  [Test worker][2023-05-01T15:04:53,475] [com.indeed.proctor.webapp.jobs.BackgroundJobManager.submit] - a background job was submitted : id=765 uuid=781611d9-0e26-4104-9c6b-d120b7324de9 title=null
INFO  [Test worker][2023-05-01T15:04:53,475] [com.indeed.proctor.webapp.jobs.BackgroundJobManager.submit] - a background job was submitted : id=766 uuid=d75e8256-d36e-44cd-b950-30c1f5b04ebc title=null
INFO  [Test worker][2023-05-01T15:04:53,475] [com.indeed.proctor.webapp.jobs.BackgroundJobManager.submit] - a background job was submitted : id=767 uuid=059b4726-83ee-4873-a0b1-137481d7f135 title=null
INFO  [Test worker][2023-05-01T15:04:53,475] [com.indeed.proctor.webapp.jobs.BackgroundJobManager.submit] - a background job was submitted : id=768 uuid=ec8895a3-8160-4d3d-91ba-ac841a56c739 title=null
INFO  [Test worker][2023-05-01T15:04:53,476] [com.indeed.proctor.webapp.jobs.BackgroundJobManager.submit] - a background job was submitted : id=769 uuid=4ea7905b-b381-4608-9a69-5fb4c5e904f0 title=null
INFO  [Test worker][2023-05-01T15:04:53,476] [com.indeed.proctor.webapp.jobs.BackgroundJobManager.submit] - a background job was submitted : id=770 uuid=2e5dd3d1-501a-4989-a1ef-0a99ffe5f2a3 title=null
INFO  [Test worker][2023-05-01T15:04:53,476] [com.indeed.proctor.webapp.jobs.BackgroundJobManager.submit] - a background job was submitted : id=771 uuid=6dc388a9-4214-4471-a9ef-7bc3ec37838d title=null
INFO  [Test worker][2023-05-01T15:04:53,476] [com.indeed.proctor.webapp.jobs.BackgroundJobManager.submit] - a background job was submitted : id=772 uuid=558cf9bf-5a0f-4b0f-a58f-8d3fb5f59c14 title=null
INFO  [Test worker][2023-05-01T15:04:53,476] [com.indeed.proctor.webapp.jobs.BackgroundJobManager.submit] - a background job was submitted : id=773 uuid=bd69fff6-272b-4c47-aea4-06ce86a6ebe7 title=null
INFO  [Test worker][2023-05-01T15:04:53,476] [com.indeed.proctor.webapp.jobs.BackgroundJobManager.submit] - a background job was submitted : id=774 uuid=f50cf22f-744d-4ab0-bba4-5813183fc5bc title=null
INFO  [Test worker][2023-05-01T15:04:53,476] [com.indeed.proctor.webapp.jobs.BackgroundJobManager.submit] - a background job was submitted : id=775 uuid=bc4166ae-effa-4671-9bd7-2594300c7cc9 title=null
INFO  [Test worker][2023-05-01T15:04:53,477] [com.indeed.proctor.webapp.jobs.BackgroundJobManager.submit] - a background job was submitted : id=776 uuid=a2a28109-a58b-4472-b99b-ef04cf31987c title=null
INFO  [Test worker][2023-05-01T15:04:53,477] [com.indeed.proctor.webapp.jobs.BackgroundJobManager.submit] - a background job was submitted : id=777 uuid=cdf745df-ae5b-4f60-8724-cd9c4ad8bf8a title=null
INFO  [Test worker][2023-05-01T15:04:53,477] [com.indeed.proctor.webapp.jobs.BackgroundJobManager.submit] - a background job was submitted : id=778 uuid=c15cad79-411e-438b-be9f-5fef10343695 title=null
INFO  [Test worker][2023-05-01T15:04:53,477] [com.indeed.proctor.webapp.jobs.BackgroundJobManager.submit] - a background job was submitted : id=779 uuid=4dda692b-5eff-4fdb-ab6d-ef7d07cbb666 title=null
INFO  [Test worker][2023-05-01T15:04:53,477] [com.indeed.proctor.webapp.jobs.BackgroundJobManager.submit] - a background job was submitted : id=780 uuid=370a3e3c-8dd9-4837-9891-cb1b2b80628f title=null
INFO  [Test worker][2023-05-01T15:04:53,477] [com.indeed.proctor.webapp.jobs.BackgroundJobManager.submit] - a background job was submitted : id=781 uuid=804c6579-b62f-4d77-a074-d6af03b20f58 title=null
INFO  [Test worker][2023-05-01T15:04:53,477] [com.indeed.proctor.webapp.jobs.BackgroundJobManager.submit] - a background job was submitted : id=782 uuid=77c740a5-5644-467d-9eed-1c75614872d9 title=null
INFO  [Test worker][2023-05-01T15:04:53,478] [com.indeed.proctor.webapp.jobs.BackgroundJobManager.submit] - a background job was submitted : id=783 uuid=8595bf1d-5807-4ab4-b41d-282f9ccadc8a title=null
INFO  [Test worker][2023-05-01T15:04:53,478] [com.indeed.proctor.webapp.jobs.BackgroundJobManager.submit] - a background job was submitted : id=784 uuid=0ad14ea2-4f61-4f56-88a4-d9dc281a6882 title=null
INFO  [Test worker][2023-05-01T15:04:53,478] [com.indeed.proctor.webapp.jobs.BackgroundJobManager.submit] - a background job was submitted : id=785 uuid=949b6b35-8125-432a-90ae-91470ea4abc1 title=null
INFO  [Test worker][2023-05-01T15:04:53,478] [com.indeed.proctor.webapp.jobs.BackgroundJobManager.submit] - a background job was submitted : id=786 uuid=5f5fc903-7ac8-4b51-adf5-aa2551eced10 title=null
INFO  [Test worker][2023-05-01T15:04:53,478] [com.indeed.proctor.webapp.jobs.BackgroundJobManager.submit] - a background job was submitted : id=787 uuid=f9f3c820-062d-4d52-8db2-385d730afe24 title=null
INFO  [Test worker][2023-05-01T15:04:53,478] [com.indeed.proctor.webapp.jobs.BackgroundJobManager.submit] - a background job was submitted : id=788 uuid=3baee695-772d-4498-a287-29bf6199ce51 title=null
INFO  [Test worker][2023-05-01T15:04:53,479] [com.indeed.proctor.webapp.jobs.BackgroundJobManager.submit] - a background job was submitted : id=789 uuid=de1d3c7f-4117-4fef-9bdc-b1167b578493 title=null
INFO  [Test worker][2023-05-01T15:04:53,479] [com.indeed.proctor.webapp.jobs.BackgroundJobManager.submit] - a background job was submitted : id=790 uuid=51135974-df13-4dea-b202-294a7208c49f title=null
INFO  [Test worker][2023-05-01T15:04:53,479] [com.indeed.proctor.webapp.jobs.BackgroundJobManager.submit] - a background job was submitted : id=791 uuid=2b8e53f8-3017-491f-b908-c7c7e1af0bfe title=null
INFO  [Test worker][2023-05-01T15:04:53,479] [com.indeed.proctor.webapp.jobs.BackgroundJobManager.submit] - a background job was submitted : id=792 uuid=811dbcc5-0ead-440a-9087-a53ead72fc7b title=null
INFO  [Test worker][2023-05-01T15:04:53,479] [com.indeed.proctor.webapp.jobs.BackgroundJobManager.submit] - a background job was submitted : id=793 uuid=4ae28146-6578-4bed-a3e5-cb7b5db3e52d title=null
INFO  [Test worker][2023-05-01T15:04:53,479] [com.indeed.proctor.webapp.jobs.BackgroundJobManager.submit] - a background job was submitted : id=794 uuid=40f53fa8-50f7-4974-b885-24646258d416 title=null
INFO  [Test worker][2023-05-01T15:04:53,479] [com.indeed.proctor.webapp.jobs.BackgroundJobManager.submit] - a background job was submitted : id=795 uuid=5451db5f-3254-4659-a251-05a96cb2d8c5 title=null
INFO  [Test worker][2023-05-01T15:04:53,480] [com.indeed.proctor.webapp.jobs.BackgroundJobManager.submit] - a background job was submitted : id=796 uuid=45a62679-d6dc-4586-9ded-c58444fb97f5 title=null
INFO  [Test worker][2023-05-01T15:04:53,480] [com.indeed.proctor.webapp.jobs.BackgroundJobManager.submit] - a background job was submitted : id=797 uuid=662259c9-3531-45f9-aee0-056dbc140c75 title=null
INFO  [Test worker][2023-05-01T15:04:53,480] [com.indeed.proctor.webapp.jobs.BackgroundJobManager.submit] - a background job was submitted : id=798 uuid=2a6aa999-2c7e-4847-9c32-183b348a949b title=null
INFO  [Test worker][2023-05-01T15:04:53,480] [com.indeed.proctor.webapp.jobs.BackgroundJobManager.submit] - a background job was submitted : id=799 uuid=392c996c-6fa7-45db-817c-29c9aba80d2d title=null
INFO  [Test worker][2023-05-01T15:04:53,480] [com.indeed.proctor.webapp.jobs.BackgroundJobManager.submit] - a background job was submitted : id=800 uuid=3fa84e6f-970a-49ab-8be6-a945350dcd86 title=null
INFO  [Test worker][2023-05-01T15:04:53,480] [com.indeed.proctor.webapp.jobs.BackgroundJobManager.submit] - a background job was submitted : id=801 uuid=84cbbade-95a8-464a-b649-6dc298c51112 title=null
INFO  [Test worker][2023-05-01T15:04:53,480] [com.indeed.proctor.webapp.jobs.BackgroundJobManager.submit] - a background job was submitted : id=802 uuid=27f58df8-e9c3-4b70-983d-f6a398fb9ff7 title=null
INFO  [Test worker][2023-05-01T15:04:53,480] [com.indeed.proctor.webapp.jobs.BackgroundJobManager.submit] - a background job was submitted : id=803 uuid=9b7c6efe-fca8-41b8-9aad-777042e6f689 title=null
INFO  [Test worker][2023-05-01T15:04:53,481] [com.indeed.proctor.webapp.jobs.BackgroundJobManager.submit] - a background job was submitted : id=804 uuid=23701eca-e503-4580-82c9-193566809232 title=null
INFO  [Test worker][2023-05-01T15:04:53,481] [com.indeed.proctor.webapp.jobs.BackgroundJobManager.submit] - a background job was submitted : id=805 uuid=ff61e2f9-b523-4e1a-a32e-9caff9a755c9 title=null
INFO  [Test worker][2023-05-01T15:04:53,481] [com.indeed.proctor.webapp.jobs.BackgroundJobManager.submit] - a background job was submitted : id=806 uuid=a54b9cce-d29f-4725-9fb5-a63041f9563d title=null
INFO  [Test worker][2023-05-01T15:04:53,481] [com.indeed.proctor.webapp.jobs.BackgroundJobManager.submit] - a background job was submitted : id=807 uuid=98a40791-13a8-40d2-8414-b965b6f94724 title=null
INFO  [Test worker][2023-05-01T15:04:53,481] [com.indeed.proctor.webapp.jobs.BackgroundJobManager.submit] - a background job was submitted : id=808 uuid=0b885e8f-03a5-419c-b67f-40896ea25a80 title=null
INFO  [Test worker][2023-05-01T15:04:53,481] [com.indeed.proctor.webapp.jobs.BackgroundJobManager.submit] - a background job was submitted : id=809 uuid=6671a60c-f797-4020-9320-e1c7fc4fe938 title=null
INFO  [Test worker][2023-05-01T15:04:53,482] [com.indeed.proctor.webapp.jobs.BackgroundJobManager.submit] - a background job was submitted : id=810 uuid=e1912c8e-314b-4623-b67c-98d4524cee8c title=null
INFO  [Test worker][2023-05-01T15:04:53,482] [com.indeed.proctor.webapp.jobs.BackgroundJobManager.submit] - a background job was submitted : id=811 uuid=0874cba7-a15b-435e-b208-be87c70e7a77 title=null
INFO  [Test worker][2023-05-01T15:04:53,482] [com.indeed.proctor.webapp.jobs.BackgroundJobManager.submit] - a background job was submitted : id=812 uuid=f3851793-9de5-4d6e-8e4b-eadec200f7bc title=null
INFO  [Test worker][2023-05-01T15:04:53,482] [com.indeed.proctor.webapp.jobs.BackgroundJobManager.submit] - a background job was submitted : id=813 uuid=1ac733ca-57ec-4490-8dba-cb896bfa1478 title=null
INFO  [Test worker][2023-05-01T15:04:53,482] [com.indeed.proctor.webapp.jobs.BackgroundJobManager.submit] - a background job was submitted : id=814 uuid=30a41f45-48b9-4e52-881e-d8a0801ff3b7 title=null
INFO  [Test worker][2023-05-01T15:04:53,482] [com.indeed.proctor.webapp.jobs.BackgroundJobManager.submit] - a background job was submitted : id=815 uuid=fa102072-006e-44e1-9a15-807e3a836e41 title=null
INFO  [Test worker][2023-05-01T15:04:53,483] [com.indeed.proctor.webapp.jobs.BackgroundJobManager.submit] - a background job was submitted : id=816 uuid=562b4cdd-31e7-4e56-80f6-2be1c65dff01 title=null
INFO  [Test worker][2023-05-01T15:04:53,483] [com.indeed.proctor.webapp.jobs.BackgroundJobManager.submit] - a background job was submitted : id=817 uuid=124c6e4d-5bbe-4684-9be4-6d7f6bb3d072 title=null
INFO  [Test worker][2023-05-01T15:04:53,483] [com.indeed.proctor.webapp.jobs.BackgroundJobManager.submit] - a background job was submitted : id=818 uuid=79df944b-0476-4cee-b19b-b10c2ebe0b56 title=null
INFO  [Test worker][2023-05-01T15:04:53,483] [com.indeed.proctor.webapp.jobs.BackgroundJobManager.submit] - a background job was submitted : id=819 uuid=7fea7546-fddb-4fc1-b3df-99851f1012a0 title=null
INFO  [Test worker][2023-05-01T15:04:53,483] [com.indeed.proctor.webapp.jobs.BackgroundJobManager.submit] - a background job was submitted : id=820 uuid=b29fc67c-3783-4e5a-ab05-96895a8ac13f title=null
INFO  [Test worker][2023-05-01T15:04:53,483] [com.indeed.proctor.webapp.jobs.BackgroundJobManager.submit] - a background job was submitted : id=821 uuid=ef423364-78b6-4f35-8eae-e2f65ee17490 title=null
INFO  [Test worker][2023-05-01T15:04:53,484] [com.indeed.proctor.webapp.jobs.BackgroundJobManager.submit] - a background job was submitted : id=822 uuid=5ea81184-97ae-4d7f-9e43-0229e4a83369 title=null
INFO  [Test worker][2023-05-01T15:04:53,484] [com.indeed.proctor.webapp.jobs.BackgroundJobManager.submit] - a background job was submitted : id=823 uuid=5c18743e-2965-47a9-8f00-9499f1d82dc9 title=null
INFO  [Test worker][2023-05-01T15:04:53,484] [com.indeed.proctor.webapp.jobs.BackgroundJobManager.submit] - a background job was submitted : id=824 uuid=5b8566e3-2c8e-4203-b7be-d02212ea92ab title=null
INFO  [Test worker][2023-05-01T15:04:53,484] [com.indeed.proctor.webapp.jobs.BackgroundJobManager.submit] - a background job was submitted : id=825 uuid=c4440421-4d80-4116-b9ed-f488bb966da0 title=null
INFO  [Test worker][2023-05-01T15:04:53,484] [com.indeed.proctor.webapp.jobs.BackgroundJobManager.submit] - a background job was submitted : id=826 uuid=461d436d-1970-4861-8cb5-109697e509b5 title=null
INFO  [Test worker][2023-05-01T15:04:53,484] [com.indeed.proctor.webapp.jobs.BackgroundJobManager.submit] - a background job was submitted : id=827 uuid=b8330806-d680-4915-a323-22a445893603 title=null
INFO  [Test worker][2023-05-01T15:04:53,484] [com.indeed.proctor.webapp.jobs.BackgroundJobManager.submit] - a background job was submitted : id=828 uuid=d2b2c78f-611d-4b9f-8f10-bd41e7919808 title=null
INFO  [Test worker][2023-05-01T15:04:53,485] [com.indeed.proctor.webapp.jobs.BackgroundJobManager.submit] - a background job was submitted : id=829 uuid=090c5ab6-ebb5-4405-bc2c-45b43ea1a019 title=null
INFO  [Test worker][2023-05-01T15:04:53,485] [com.indeed.proctor.webapp.jobs.BackgroundJobManager.submit] - a background job was submitted : id=830 uuid=81459a4b-d7f8-48f5-af0a-93e810e0d581 title=null
INFO  [Test worker][2023-05-01T15:04:53,485] [com.indeed.proctor.webapp.jobs.BackgroundJobManager.submit] - a background job was submitted : id=831 uuid=1d1d794f-b1ff-408e-9cc9-18181936b647 title=null
INFO  [Test worker][2023-05-01T15:04:53,485] [com.indeed.proctor.webapp.jobs.BackgroundJobManager.submit] - a background job was submitted : id=832 uuid=43a75180-e772-4513-ae51-8e22cce38643 title=null
INFO  [Test worker][2023-05-01T15:04:53,485] [com.indeed.proctor.webapp.jobs.BackgroundJobManager.submit] - a background job was submitted : id=833 uuid=afa3c3b7-623c-4e4d-9ab5-b7fe0c6f3822 title=null
INFO  [Test worker][2023-05-01T15:04:53,485] [com.indeed.proctor.webapp.jobs.BackgroundJobManager.submit] - a background job was submitted : id=834 uuid=4fa34e63-54fc-4912-8983-202660db2f61 title=null
INFO  [Test worker][2023-05-01T15:04:53,485] [com.indeed.proctor.webapp.jobs.BackgroundJobManager.submit] - a background job was submitted : id=835 uuid=d2e987ff-94a7-4ddd-b15e-ee862cc9ff6b title=null
INFO  [Test worker][2023-05-01T15:04:53,486] [com.indeed.proctor.webapp.jobs.BackgroundJobManager.submit] - a background job was submitted : id=836 uuid=3ebb144c-e951-4fa2-9ea5-83cf26a7e9f4 title=null
INFO  [Test worker][2023-05-01T15:04:53,486] [com.indeed.proctor.webapp.jobs.BackgroundJobManager.submit] - a background job was submitted : id=837 uuid=8bad1e6b-d20b-48b3-8438-0d7774435f93 title=null
INFO  [Test worker][2023-05-01T15:04:53,486] [com.indeed.proctor.webapp.jobs.BackgroundJobManager.submit] - a background job was submitted : id=838 uuid=0f24d1b5-8135-4070-a5c1-c0307389800e title=null
INFO  [Test worker][2023-05-01T15:04:53,486] [com.indeed.proctor.webapp.jobs.BackgroundJobManager.submit] - a background job was submitted : id=839 uuid=33d36c19-8291-432a-be06-a02094b3e929 title=null
INFO  [Test worker][2023-05-01T15:04:53,486] [com.indeed.proctor.webapp.jobs.BackgroundJobManager.submit] - a background job was submitted : id=840 uuid=4f6345f8-863f-4054-b687-2a5651d18a67 title=null
INFO  [Test worker][2023-05-01T15:04:53,486] [com.indeed.proctor.webapp.jobs.BackgroundJobManager.submit] - a background job was submitted : id=841 uuid=51527ac8-aa8f-43c3-bbd4-8dec2893b8d5 title=null
INFO  [Test worker][2023-05-01T15:04:53,487] [com.indeed.proctor.webapp.jobs.BackgroundJobManager.submit] - a background job was submitted : id=842 uuid=3c4ac5f5-a20f-413f-8e3f-5893a8446eef title=null
INFO  [Test worker][2023-05-01T15:04:53,487] [com.indeed.proctor.webapp.jobs.BackgroundJobManager.submit] - a background job was submitted : id=843 uuid=9c741e40-8001-4500-9ef2-6e37fc6780a2 title=null
INFO  [Test worker][2023-05-01T15:04:53,487] [com.indeed.proctor.webapp.jobs.BackgroundJobManager.submit] - a background job was submitted : id=844 uuid=5c50da21-a931-4a18-bb69-d54806532055 title=null
INFO  [Test worker][2023-05-01T15:04:53,487] [com.indeed.proctor.webapp.jobs.BackgroundJobManager.submit] - a background job was submitted : id=845 uuid=a6530afd-079d-4dda-aee2-fbbc92bce24c title=null
INFO  [Test worker][2023-05-01T15:04:53,487] [com.indeed.proctor.webapp.jobs.BackgroundJobManager.submit] - a background job was submitted : id=846 uuid=fa71ee22-86a6-41cb-96eb-4c7a07ca3587 title=null
INFO  [Test worker][2023-05-01T15:04:53,487] [com.indeed.proctor.webapp.jobs.BackgroundJobManager.submit] - a background job was submitted : id=847 uuid=d6b819bf-1d51-455b-864b-b05695ddf925 title=null
INFO  [Test worker][2023-05-01T15:04:53,487] [com.indeed.proctor.webapp.jobs.BackgroundJobManager.submit] - a background job was submitted : id=848 uuid=e305a33e-1632-42f7-828f-fdc5948d1fdd title=null
INFO  [Test worker][2023-05-01T15:04:53,488] [com.indeed.proctor.webapp.jobs.BackgroundJobManager.submit] - a background job was submitted : id=849 uuid=5d798ff6-5005-4cdc-9de2-d0adda34f0ab title=null
INFO  [Test worker][2023-05-01T15:04:53,488] [com.indeed.proctor.webapp.jobs.BackgroundJobManager.submit] - a background job was submitted : id=850 uuid=20c58cf3-4418-4357-b3fd-dd46c4ac934b title=null
INFO  [Test worker][2023-05-01T15:04:53,488] [com.indeed.proctor.webapp.jobs.BackgroundJobManager.submit] - a background job was submitted : id=851 uuid=454bc133-979e-4452-a3e0-67d61dfec981 title=null
INFO  [Test worker][2023-05-01T15:04:53,488] [com.indeed.proctor.webapp.jobs.BackgroundJobManager.submit] - a background job was submitted : id=852 uuid=ba7b9d8d-16a8-4b39-aebd-2f3102f8fd83 title=null
INFO  [Test worker][2023-05-01T15:04:53,488] [com.indeed.proctor.webapp.jobs.BackgroundJobManager.submit] - a background job was submitted : id=853 uuid=9e3c2c96-7f03-40cb-8805-01a919edbeb8 title=null
INFO  [Test worker][2023-05-01T15:04:53,488] [com.indeed.proctor.webapp.jobs.BackgroundJobManager.submit] - a background job was submitted : id=854 uuid=74abf140-7408-4f98-ae3f-b5851f983602 title=null
INFO  [Test worker][2023-05-01T15:04:53,488] [com.indeed.proctor.webapp.jobs.BackgroundJobManager.submit] - a background job was submitted : id=855 uuid=df53a1dd-a645-41ea-b22f-08100615c34c title=null
INFO  [Test worker][2023-05-01T15:04:53,489] [com.indeed.proctor.webapp.jobs.BackgroundJobManager.submit] - a background job was submitted : id=856 uuid=47e2a837-8d3a-4842-bec3-fd06a81d6953 title=null
INFO  [Test worker][2023-05-01T15:04:53,489] [com.indeed.proctor.webapp.jobs.BackgroundJobManager.submit] - a background job was submitted : id=857 uuid=e624e9e7-df32-4baa-a9b7-6e0e37857676 title=null
INFO  [Test worker][2023-05-01T15:04:53,489] [com.indeed.proctor.webapp.jobs.BackgroundJobManager.submit] - a background job was submitted : id=858 uuid=bb56c516-c682-4ef6-9a5a-8c3d01e79dfb title=null
INFO  [Test worker][2023-05-01T15:04:53,489] [com.indeed.proctor.webapp.jobs.BackgroundJobManager.submit] - a background job was submitted : id=859 uuid=68ed080c-356f-485c-bb7a-48ec2ba1fb16 title=null
INFO  [Test worker][2023-05-01T15:04:53,489] [com.indeed.proctor.webapp.jobs.BackgroundJobManager.submit] - a background job was submitted : id=860 uuid=c5b04c14-cf1c-4aa6-8115-bbd45567dae2 title=null
INFO  [Test worker][2023-05-01T15:04:53,489] [com.indeed.proctor.webapp.jobs.BackgroundJobManager.submit] - a background job was submitted : id=861 uuid=c4f53632-6a29-43b0-9fa5-94c4d3eda9a1 title=null
INFO  [Test worker][2023-05-01T15:04:53,489] [com.indeed.proctor.webapp.jobs.BackgroundJobManager.submit] - a background job was submitted : id=862 uuid=d93ef0a0-d84f-466c-b078-056081f4995f title=null
INFO  [Test worker][2023-05-01T15:04:53,490] [com.indeed.proctor.webapp.jobs.BackgroundJobManager.submit] - a background job was submitted : id=863 uuid=d0a2346b-253d-427e-a191-78455e12b813 title=null
INFO  [Test worker][2023-05-01T15:04:53,490] [com.indeed.proctor.webapp.jobs.BackgroundJobManager.submit] - a background job was submitted : id=864 uuid=262dfef6-5907-4ca5-996e-d759e016b48a title=null
INFO  [Test worker][2023-05-01T15:04:53,490] [com.indeed.proctor.webapp.jobs.BackgroundJobManager.submit] - a background job was submitted : id=865 uuid=505a542f-9847-411e-8b9b-efc6b0e649bc title=null
INFO  [Test worker][2023-05-01T15:04:53,490] [com.indeed.proctor.webapp.jobs.BackgroundJobManager.submit] - a background job was submitted : id=866 uuid=25164a0a-227e-40a7-810d-cf00453a5654 title=null
INFO  [Test worker][2023-05-01T15:04:53,490] [com.indeed.proctor.webapp.jobs.BackgroundJobManager.submit] - a background job was submitted : id=867 uuid=7c8ce246-ccfc-4166-b4c0-f30bd4eee2cc title=null
INFO  [Test worker][2023-05-01T15:04:53,490] [com.indeed.proctor.webapp.jobs.BackgroundJobManager.submit] - a background job was submitted : id=868 uuid=c932d1a6-6b87-4d58-945b-ed9b0b725982 title=null
INFO  [Test worker][2023-05-01T15:04:53,490] [com.indeed.proctor.webapp.jobs.BackgroundJobManager.submit] - a background job was submitted : id=869 uuid=22352125-4569-4342-9892-0f84d36353e8 title=null
INFO  [Test worker][2023-05-01T15:04:53,491] [com.indeed.proctor.webapp.jobs.BackgroundJobManager.submit] - a background job was submitted : id=870 uuid=63053485-f20f-4211-9149-b1c37f797112 title=null
INFO  [Test worker][2023-05-01T15:04:53,491] [com.indeed.proctor.webapp.jobs.BackgroundJobManager.submit] - a background job was submitted : id=871 uuid=057192b2-4cb4-45db-8462-fdd203a0c38b title=null
INFO  [Test worker][2023-05-01T15:04:53,491] [com.indeed.proctor.webapp.jobs.BackgroundJobManager.submit] - a background job was submitted : id=872 uuid=fe9effbf-fa8d-4ff5-852c-dc43a5d5064b title=null
INFO  [Test worker][2023-05-01T15:04:53,491] [com.indeed.proctor.webapp.jobs.BackgroundJobManager.submit] - a background job was submitted : id=873 uuid=3096ce27-7e03-444d-b7d9-aa1b542ab5c6 title=null
INFO  [Test worker][2023-05-01T15:04:53,491] [com.indeed.proctor.webapp.jobs.BackgroundJobManager.submit] - a background job was submitted : id=874 uuid=04a3506e-a311-4106-bd30-7517122cfcdb title=null
INFO  [Test worker][2023-05-01T15:04:53,491] [com.indeed.proctor.webapp.jobs.BackgroundJobManager.submit] - a background job was submitted : id=875 uuid=d5f17098-b990-4521-9198-81213815fdbf title=null
INFO  [Test worker][2023-05-01T15:04:53,492] [com.indeed.proctor.webapp.jobs.BackgroundJobManager.submit] - a background job was submitted : id=876 uuid=7e2b78b1-5baa-4d0e-9ea5-357832e6c93c title=null
INFO  [Test worker][2023-05-01T15:04:53,492] [com.indeed.proctor.webapp.jobs.BackgroundJobManager.submit] - a background job was submitted : id=877 uuid=c7ca27e5-dc63-4e84-9b0e-2292d1bcf6fc title=null
INFO  [Test worker][2023-05-01T15:04:53,492] [com.indeed.proctor.webapp.jobs.BackgroundJobManager.submit] - a background job was submitted : id=878 uuid=6eaedca2-58f6-4f0b-b749-1154906582c1 title=null
INFO  [Test worker][2023-05-01T15:04:53,492] [com.indeed.proctor.webapp.jobs.BackgroundJobManager.submit] - a background job was submitted : id=879 uuid=8e60800e-7d94-4b92-bd14-4521b26c4d0f title=null
INFO  [Test worker][2023-05-01T15:04:53,492] [com.indeed.proctor.webapp.jobs.BackgroundJobManager.submit] - a background job was submitted : id=880 uuid=ef3a541f-8fe4-4104-9330-d882a1e77285 title=null
INFO  [Test worker][2023-05-01T15:04:53,492] [com.indeed.proctor.webapp.jobs.BackgroundJobManager.submit] - a background job was submitted : id=881 uuid=196c86b3-608e-4d3b-a7de-ca1da509bae6 title=null
INFO  [Test worker][2023-05-01T15:04:53,493] [com.indeed.proctor.webapp.jobs.BackgroundJobManager.submit] - a background job was submitted : id=882 uuid=2621820b-fbf9-4b47-a226-6afe6f915a7e title=null
INFO  [Test worker][2023-05-01T15:04:53,493] [com.indeed.proctor.webapp.jobs.BackgroundJobManager.submit] - a background job was submitted : id=883 uuid=21d72d7e-9ebf-450f-b127-f60e8127e6f2 title=null
INFO  [Test worker][2023-05-01T15:04:53,493] [com.indeed.proctor.webapp.jobs.BackgroundJobManager.submit] - a background job was submitted : id=884 uuid=b165eb9b-55cc-4744-acd0-d35780d22d04 title=null
INFO  [Test worker][2023-05-01T15:04:53,493] [com.indeed.proctor.webapp.jobs.BackgroundJobManager.submit] - a background job was submitted : id=885 uuid=43c8a2e9-2b40-4202-a281-99f673f77b36 title=null
INFO  [Test worker][2023-05-01T15:04:53,493] [com.indeed.proctor.webapp.jobs.BackgroundJobManager.submit] - a background job was submitted : id=886 uuid=aa544395-62c8-4bd9-93b7-6705c599ce73 title=null
INFO  [Test worker][2023-05-01T15:04:53,494] [com.indeed.proctor.webapp.jobs.BackgroundJobManager.submit] - a background job was submitted : id=887 uuid=86932b83-9089-4eb3-94bd-81bcd635841b title=null
INFO  [Test worker][2023-05-01T15:04:53,494] [com.indeed.proctor.webapp.jobs.BackgroundJobManager.submit] - a background job was submitted : id=888 uuid=6084ef3b-76a1-45e9-8f76-8d1bdfb57baf title=null
INFO  [Test worker][2023-05-01T15:04:53,494] [com.indeed.proctor.webapp.jobs.BackgroundJobManager.submit] - a background job was submitted : id=889 uuid=f5655b9b-172f-463a-aded-1637aa9f49cf title=null
INFO  [Test worker][2023-05-01T15:04:53,494] [com.indeed.proctor.webapp.jobs.BackgroundJobManager.submit] - a background job was submitted : id=890 uuid=37f7871f-ed44-485a-b692-f56d3a90aa47 title=null
INFO  [Test worker][2023-05-01T15:04:53,494] [com.indeed.proctor.webapp.jobs.BackgroundJobManager.submit] - a background job was submitted : id=891 uuid=d7ec5574-bbe6-4651-866f-862b4b77190c title=null
INFO  [Test worker][2023-05-01T15:04:53,494] [com.indeed.proctor.webapp.jobs.BackgroundJobManager.submit] - a background job was submitted : id=892 uuid=0c5e6c4f-1073-4d3b-9561-56206310e22e title=null
INFO  [Test worker][2023-05-01T15:04:53,494] [com.indeed.proctor.webapp.jobs.BackgroundJobManager.submit] - a background job was submitted : id=893 uuid=8cd61063-7560-4730-86d5-1dbdf9107771 title=null
INFO  [Test worker][2023-05-01T15:04:53,495] [com.indeed.proctor.webapp.jobs.BackgroundJobManager.submit] - a background job was submitted : id=894 uuid=5739b547-06d2-482d-a869-aaad2b6395fb title=null
INFO  [Test worker][2023-05-01T15:04:53,495] [com.indeed.proctor.webapp.jobs.BackgroundJobManager.submit] - a background job was submitted : id=895 uuid=b49a86f5-aec4-4194-9f0a-3779542dfaf7 title=null
INFO  [Test worker][2023-05-01T15:04:53,495] [com.indeed.proctor.webapp.jobs.BackgroundJobManager.submit] - a background job was submitted : id=896 uuid=84c0ded5-0f1e-431b-9469-9016dd526e9b title=null
INFO  [Test worker][2023-05-01T15:04:53,495] [com.indeed.proctor.webapp.jobs.BackgroundJobManager.submit] - a background job was submitted : id=897 uuid=c39c0719-ad2b-40e7-babd-e8fa900645b9 title=null
INFO  [Test worker][2023-05-01T15:04:53,495] [com.indeed.proctor.webapp.jobs.BackgroundJobManager.submit] - a background job was submitted : id=898 uuid=d5b38ae5-0f74-4810-8414-c769e86a8492 title=null
INFO  [Test worker][2023-05-01T15:04:53,495] [com.indeed.proctor.webapp.jobs.BackgroundJobManager.submit] - a background job was submitted : id=899 uuid=ba407935-0c28-4829-82a2-5bfa43045d55 title=null
INFO  [Test worker][2023-05-01T15:04:53,495] [com.indeed.proctor.webapp.jobs.BackgroundJobManager.submit] - a background job was submitted : id=900 uuid=3c47b13f-b44d-4d9e-8c7f-97f98fa58a34 title=null
INFO  [Test worker][2023-05-01T15:04:53,496] [com.indeed.proctor.webapp.jobs.BackgroundJobManager.submit] - a background job was submitted : id=901 uuid=02854d83-6176-4f08-9159-d118ae0ce823 title=null
INFO  [Test worker][2023-05-01T15:04:53,496] [com.indeed.proctor.webapp.jobs.BackgroundJobManager.submit] - a background job was submitted : id=902 uuid=e6ae2d3f-d611-492c-b894-d19b7db00fc9 title=null
INFO  [Test worker][2023-05-01T15:04:53,496] [com.indeed.proctor.webapp.jobs.BackgroundJobManager.submit] - a background job was submitted : id=903 uuid=f81cd6a8-3fda-4c56-8c33-bc49893bf297 title=null
INFO  [Test worker][2023-05-01T15:04:53,496] [com.indeed.proctor.webapp.jobs.BackgroundJobManager.submit] - a background job was submitted : id=904 uuid=520978cd-00c3-4731-a1c7-67201b865cde title=null
INFO  [Test worker][2023-05-01T15:04:53,496] [com.indeed.proctor.webapp.jobs.BackgroundJobManager.submit] - a background job was submitted : id=905 uuid=456df58f-fecd-44f2-aa2e-42b91d9e402b title=null
INFO  [Test worker][2023-05-01T15:04:53,496] [com.indeed.proctor.webapp.jobs.BackgroundJobManager.submit] - a background job was submitted : id=906 uuid=e3d76e03-4afe-443a-a00c-4e38a9ad3ef4 title=null
INFO  [Test worker][2023-05-01T15:04:53,496] [com.indeed.proctor.webapp.jobs.BackgroundJobManager.submit] - a background job was submitted : id=907 uuid=b84a59b4-1671-46e7-bbc5-8f55bb922dfe title=null
INFO  [Test worker][2023-05-01T15:04:53,497] [com.indeed.proctor.webapp.jobs.BackgroundJobManager.submit] - a background job was submitted : id=908 uuid=a5bb1903-ee52-4134-b01f-0089935a0be6 title=null
INFO  [Test worker][2023-05-01T15:04:53,497] [com.indeed.proctor.webapp.jobs.BackgroundJobManager.submit] - a background job was submitted : id=909 uuid=aa03ae0c-5bb2-4c90-81c2-0b2b44260797 title=null
INFO  [Test worker][2023-05-01T15:04:53,497] [com.indeed.proctor.webapp.jobs.BackgroundJobManager.submit] - a background job was submitted : id=910 uuid=3f4f8da0-d135-47c3-a45c-151edb035ee6 title=null
INFO  [Test worker][2023-05-01T15:04:53,497] [com.indeed.proctor.webapp.jobs.BackgroundJobManager.submit] - a background job was submitted : id=911 uuid=dd9c6077-0ea3-4b03-bd01-f19e27f9a736 title=null
INFO  [Test worker][2023-05-01T15:04:53,497] [com.indeed.proctor.webapp.jobs.BackgroundJobManager.submit] - a background job was submitted : id=912 uuid=2113ce9c-81ed-45aa-b020-537e4855ea1f title=null
INFO  [Test worker][2023-05-01T15:04:53,497] [com.indeed.proctor.webapp.jobs.BackgroundJobManager.submit] - a background job was submitted : id=913 uuid=aaea7e3d-3216-4855-9cd1-26ad2088de34 title=null
INFO  [Test worker][2023-05-01T15:04:53,497] [com.indeed.proctor.webapp.jobs.BackgroundJobManager.submit] - a background job was submitted : id=914 uuid=97d9bc8b-87b9-4757-ab65-67b956003357 title=null
INFO  [Test worker][2023-05-01T15:04:53,498] [com.indeed.proctor.webapp.jobs.BackgroundJobManager.submit] - a background job was submitted : id=915 uuid=60a54b74-226e-4c22-83d5-72f522668423 title=null
INFO  [Test worker][2023-05-01T15:04:53,498] [com.indeed.proctor.webapp.jobs.BackgroundJobManager.submit] - a background job was submitted : id=916 uuid=85f515a2-61f7-4dd1-972e-c9addca3b744 title=null
INFO  [Test worker][2023-05-01T15:04:53,498] [com.indeed.proctor.webapp.jobs.BackgroundJobManager.submit] - a background job was submitted : id=917 uuid=4523681e-abd7-4932-97a3-5c147db3e3f1 title=null
INFO  [Test worker][2023-05-01T15:04:53,498] [com.indeed.proctor.webapp.jobs.BackgroundJobManager.submit] - a background job was submitted : id=918 uuid=0c818eb2-cd1c-4300-b639-17af506d04f3 title=null
INFO  [Test worker][2023-05-01T15:04:53,498] [com.indeed.proctor.webapp.jobs.BackgroundJobManager.submit] - a background job was submitted : id=919 uuid=117a675e-8923-44e0-b78c-9d0b74f086be title=null
INFO  [Test worker][2023-05-01T15:04:53,498] [com.indeed.proctor.webapp.jobs.BackgroundJobManager.submit] - a background job was submitted : id=920 uuid=7d2a0c78-9693-470f-87ae-4daef98865aa title=null
INFO  [Test worker][2023-05-01T15:04:53,499] [com.indeed.proctor.webapp.jobs.BackgroundJobManager.submit] - a background job was submitted : id=921 uuid=745cc66a-63c0-44fd-bbb1-d84477ac7bd1 title=null
INFO  [Test worker][2023-05-01T15:04:53,499] [com.indeed.proctor.webapp.jobs.BackgroundJobManager.submit] - a background job was submitted : id=922 uuid=58ae4353-7fdb-4a82-a730-84c6a1e1e1e0 title=null
INFO  [Test worker][2023-05-01T15:04:53,499] [com.indeed.proctor.webapp.jobs.BackgroundJobManager.submit] - a background job was submitted : id=923 uuid=76097438-7f81-4027-8bd4-52f331512d16 title=null
INFO  [Test worker][2023-05-01T15:04:53,499] [com.indeed.proctor.webapp.jobs.BackgroundJobManager.submit] - a background job was submitted : id=924 uuid=e5aa2684-a064-41c7-b79e-efec2048c473 title=null
INFO  [Test worker][2023-05-01T15:04:53,499] [com.indeed.proctor.webapp.jobs.BackgroundJobManager.submit] - a background job was submitted : id=925 uuid=ffab774b-62d9-4a13-82d1-f12fab35f2e8 title=null
INFO  [Test worker][2023-05-01T15:04:53,499] [com.indeed.proctor.webapp.jobs.BackgroundJobManager.submit] - a background job was submitted : id=926 uuid=6121fe7a-1c4a-48bc-bb65-36fb7fbf75d1 title=null
INFO  [Test worker][2023-05-01T15:04:53,499] [com.indeed.proctor.webapp.jobs.BackgroundJobManager.submit] - a background job was submitted : id=927 uuid=baa857a2-ede1-4073-b5c9-2311274922c2 title=null
INFO  [Test worker][2023-05-01T15:04:53,499] [com.indeed.proctor.webapp.jobs.BackgroundJobManager.submit] - a background job was submitted : id=928 uuid=33f3999d-29e6-4e0f-ba3d-f7841db4305e title=null
INFO  [Test worker][2023-05-01T15:04:53,500] [com.indeed.proctor.webapp.jobs.BackgroundJobManager.submit] - a background job was submitted : id=929 uuid=973f2511-6a3f-4f26-8f69-302ef3a8f30c title=null
INFO  [Test worker][2023-05-01T15:04:53,500] [com.indeed.proctor.webapp.jobs.BackgroundJobManager.submit] - a background job was submitted : id=930 uuid=3f5ff6ff-938a-47ac-b031-7f92d0913cb0 title=null
INFO  [Test worker][2023-05-01T15:04:53,500] [com.indeed.proctor.webapp.jobs.BackgroundJobManager.submit] - a background job was submitted : id=931 uuid=ebd07ab2-2a67-4b36-9360-76dba68dbb16 title=null
INFO  [Test worker][2023-05-01T15:04:53,500] [com.indeed.proctor.webapp.jobs.BackgroundJobManager.submit] - a background job was submitted : id=932 uuid=53888032-b2fd-4ceb-9e0b-6c0ddac5b150 title=null
INFO  [Test worker][2023-05-01T15:04:53,500] [com.indeed.proctor.webapp.jobs.BackgroundJobManager.submit] - a background job was submitted : id=933 uuid=bd4cdfc4-e473-4a7d-a39e-d4f956f9cdbc title=null
INFO  [Test worker][2023-05-01T15:04:53,500] [com.indeed.proctor.webapp.jobs.BackgroundJobManager.submit] - a background job was submitted : id=934 uuid=d3a5b0fe-3ecc-4602-ac19-c43ccb90bdc7 title=null
INFO  [Test worker][2023-05-01T15:04:53,500] [com.indeed.proctor.webapp.jobs.BackgroundJobManager.submit] - a background job was submitted : id=935 uuid=a302303d-cb97-4009-9572-336b0ba53151 title=null
INFO  [Test worker][2023-05-01T15:04:53,501] [com.indeed.proctor.webapp.jobs.BackgroundJobManager.submit] - a background job was submitted : id=936 uuid=9cb84234-f97e-4e3e-be7f-c2a4060286b7 title=null
INFO  [Test worker][2023-05-01T15:04:53,501] [com.indeed.proctor.webapp.jobs.BackgroundJobManager.submit] - a background job was submitted : id=937 uuid=f3c24a09-b3cf-47dc-b4e2-3e762b6be6ee title=null
INFO  [Test worker][2023-05-01T15:04:53,501] [com.indeed.proctor.webapp.jobs.BackgroundJobManager.submit] - a background job was submitted : id=938 uuid=d322afd5-38fe-4f14-81e4-5e2ce6cafe94 title=null
INFO  [Test worker][2023-05-01T15:04:53,501] [com.indeed.proctor.webapp.jobs.BackgroundJobManager.submit] - a background job was submitted : id=939 uuid=994627c2-1ac3-48fe-b98e-61225dcaab36 title=null
INFO  [Test worker][2023-05-01T15:04:53,501] [com.indeed.proctor.webapp.jobs.BackgroundJobManager.submit] - a background job was submitted : id=940 uuid=88780105-8846-4ccd-ba41-8720fd5c488b title=null
INFO  [Test worker][2023-05-01T15:04:53,502] [com.indeed.proctor.webapp.jobs.BackgroundJobManager.submit] - a background job was submitted : id=941 uuid=6755fc1c-badc-4ea2-a60b-a169fd7987cd title=null
INFO  [Test worker][2023-05-01T15:04:53,502] [com.indeed.proctor.webapp.jobs.BackgroundJobManager.submit] - a background job was submitted : id=942 uuid=cd0e007b-c988-46bf-b05a-a86599574a03 title=null
INFO  [Test worker][2023-05-01T15:04:53,502] [com.indeed.proctor.webapp.jobs.BackgroundJobManager.submit] - a background job was submitted : id=943 uuid=0ebdaa6b-9483-47db-bee5-ec0983dea81c title=null
INFO  [Test worker][2023-05-01T15:04:53,502] [com.indeed.proctor.webapp.jobs.BackgroundJobManager.submit] - a background job was submitted : id=944 uuid=d5770aae-1ff7-432e-80a5-3a9f4ce155da title=null
INFO  [Test worker][2023-05-01T15:04:53,502] [com.indeed.proctor.webapp.jobs.BackgroundJobManager.submit] - a background job was submitted : id=945 uuid=368af58a-a950-4280-b528-4e55b23de595 title=null
INFO  [Test worker][2023-05-01T15:04:53,502] [com.indeed.proctor.webapp.jobs.BackgroundJobManager.submit] - a background job was submitted : id=946 uuid=c55a8d6e-dfc5-46f1-95a4-ac77ed7289b5 title=null
INFO  [Test worker][2023-05-01T15:04:53,503] [com.indeed.proctor.webapp.jobs.BackgroundJobManager.submit] - a background job was submitted : id=947 uuid=eef83653-0440-4246-a9cf-cc0fd601c2bb title=null
INFO  [Test worker][2023-05-01T15:04:53,503] [com.indeed.proctor.webapp.jobs.BackgroundJobManager.submit] - a background job was submitted : id=948 uuid=9eadf284-a324-4197-acc9-5378a16d495a title=null
INFO  [Test worker][2023-05-01T15:04:53,503] [com.indeed.proctor.webapp.jobs.BackgroundJobManager.submit] - a background job was submitted : id=949 uuid=dc9d8d5a-63f2-47da-92ea-be645e2b6070 title=null
INFO  [Test worker][2023-05-01T15:04:53,503] [com.indeed.proctor.webapp.jobs.BackgroundJobManager.submit] - a background job was submitted : id=950 uuid=77c180cf-af40-4eaf-bcf9-722ce7436885 title=null
INFO  [Test worker][2023-05-01T15:04:53,503] [com.indeed.proctor.webapp.jobs.BackgroundJobManager.submit] - a background job was submitted : id=951 uuid=5b7b9cb8-809a-4323-96c1-0c4c1205bded title=null
INFO  [Test worker][2023-05-01T15:04:53,503] [com.indeed.proctor.webapp.jobs.BackgroundJobManager.submit] - a background job was submitted : id=952 uuid=6b552adf-fd8d-49f5-a784-962b3b79269a title=null
INFO  [Test worker][2023-05-01T15:04:53,503] [com.indeed.proctor.webapp.jobs.BackgroundJobManager.submit] - a background job was submitted : id=953 uuid=e7ff71da-84e4-4d4e-bc05-ac1e2bb7b148 title=null
INFO  [Test worker][2023-05-01T15:04:53,504] [com.indeed.proctor.webapp.jobs.BackgroundJobManager.submit] - a background job was submitted : id=954 uuid=e78b6d7c-bc63-4136-9546-596373d36def title=null
INFO  [Test worker][2023-05-01T15:04:53,504] [com.indeed.proctor.webapp.jobs.BackgroundJobManager.submit] - a background job was submitted : id=955 uuid=5c47422b-b95e-4c52-8312-d78913fa247f title=null
INFO  [Test worker][2023-05-01T15:04:53,504] [com.indeed.proctor.webapp.jobs.BackgroundJobManager.submit] - a background job was submitted : id=956 uuid=034b1ed6-1801-4406-a664-e457611ea776 title=null
INFO  [Test worker][2023-05-01T15:04:53,504] [com.indeed.proctor.webapp.jobs.BackgroundJobManager.submit] - a background job was submitted : id=957 uuid=9ba92973-0dcc-48c1-9f4c-c51d11deeace title=null
INFO  [Test worker][2023-05-01T15:04:53,504] [com.indeed.proctor.webapp.jobs.BackgroundJobManager.submit] - a background job was submitted : id=958 uuid=25aa3883-18e2-4f54-b4ba-4da2f5214e16 title=null
INFO  [Test worker][2023-05-01T15:04:53,504] [com.indeed.proctor.webapp.jobs.BackgroundJobManager.submit] - a background job was submitted : id=959 uuid=1285e18c-1515-4274-863e-9afe8a71270e title=null
INFO  [Test worker][2023-05-01T15:04:53,504] [com.indeed.proctor.webapp.jobs.BackgroundJobManager.submit] - a background job was submitted : id=960 uuid=ef8ae702-2419-49dd-a8fd-7fef6bcdfe96 title=null
INFO  [Test worker][2023-05-01T15:04:53,505] [com.indeed.proctor.webapp.jobs.BackgroundJobManager.submit] - a background job was submitted : id=961 uuid=a0c78f87-fa44-45f2-8a7d-64cee9a7980c title=null
INFO  [Test worker][2023-05-01T15:04:53,505] [com.indeed.proctor.webapp.jobs.BackgroundJobManager.submit] - a background job was submitted : id=962 uuid=c39da21e-0144-465a-a0a2-0db859950d27 title=null
INFO  [Test worker][2023-05-01T15:04:53,505] [com.indeed.proctor.webapp.jobs.BackgroundJobManager.submit] - a background job was submitted : id=963 uuid=d8df0f73-33e6-4636-aa97-b4a30136850a title=null
INFO  [Test worker][2023-05-01T15:04:53,505] [com.indeed.proctor.webapp.jobs.BackgroundJobManager.submit] - a background job was submitted : id=964 uuid=295f479d-2b0e-428a-996d-26b6c7961a8f title=null
INFO  [Test worker][2023-05-01T15:04:53,505] [com.indeed.proctor.webapp.jobs.BackgroundJobManager.submit] - a background job was submitted : id=965 uuid=53174a8e-4f16-482b-9138-af7751cbb429 title=null
INFO  [Test worker][2023-05-01T15:04:53,505] [com.indeed.proctor.webapp.jobs.BackgroundJobManager.submit] - a background job was submitted : id=966 uuid=44170b4e-9f92-468d-9c83-6ffadc9d5f0c title=null
INFO  [Test worker][2023-05-01T15:04:53,506] [com.indeed.proctor.webapp.jobs.BackgroundJobManager.submit] - a background job was submitted : id=967 uuid=7ef3ff33-4074-4f89-a6d9-d940d47964c6 title=null
INFO  [Test worker][2023-05-01T15:04:53,506] [com.indeed.proctor.webapp.jobs.BackgroundJobManager.submit] - a background job was submitted : id=968 uuid=87899d1a-722f-4971-9fd8-71d020ac2573 title=null
INFO  [Test worker][2023-05-01T15:04:53,506] [com.indeed.proctor.webapp.jobs.BackgroundJobManager.submit] - a background job was submitted : id=969 uuid=8d2f3d4e-91ab-4b3e-bc8d-7f1150bdea7d title=null
INFO  [Test worker][2023-05-01T15:04:53,506] [com.indeed.proctor.webapp.jobs.BackgroundJobManager.submit] - a background job was submitted : id=970 uuid=7ddd7cf3-e465-49ea-9bba-5d76d5ee8a17 title=null
INFO  [Test worker][2023-05-01T15:04:53,506] [com.indeed.proctor.webapp.jobs.BackgroundJobManager.submit] - a background job was submitted : id=971 uuid=702f08da-f531-45eb-aed9-d0988e7904ee title=null
INFO  [Test worker][2023-05-01T15:04:53,506] [com.indeed.proctor.webapp.jobs.BackgroundJobManager.submit] - a background job was submitted : id=972 uuid=2a3133c0-c9a2-4dd7-8f96-6a15b24b0a60 title=null
INFO  [Test worker][2023-05-01T15:04:53,506] [com.indeed.proctor.webapp.jobs.BackgroundJobManager.submit] - a background job was submitted : id=973 uuid=ea3feae6-9203-4c84-9d56-14abccaa439f title=null
INFO  [Test worker][2023-05-01T15:04:53,507] [com.indeed.proctor.webapp.jobs.BackgroundJobManager.submit] - a background job was submitted : id=974 uuid=29303f96-a8b1-4361-a33f-8690a4feb571 title=null
INFO  [Test worker][2023-05-01T15:04:53,507] [com.indeed.proctor.webapp.jobs.BackgroundJobManager.submit] - a background job was submitted : id=975 uuid=28e172e9-902a-47b8-9c58-cc17fbfc0e5f title=null
INFO  [Test worker][2023-05-01T15:04:53,507] [com.indeed.proctor.webapp.jobs.BackgroundJobManager.submit] - a background job was submitted : id=976 uuid=a2dfd079-cd74-4c58-b56f-2470aaaf2e0d title=null
INFO  [Test worker][2023-05-01T15:04:53,507] [com.indeed.proctor.webapp.jobs.BackgroundJobManager.submit] - a background job was submitted : id=977 uuid=3c0af471-314c-4ebb-954d-fb1ef22b19b7 title=null
INFO  [Test worker][2023-05-01T15:04:53,507] [com.indeed.proctor.webapp.jobs.BackgroundJobManager.submit] - a background job was submitted : id=978 uuid=7c9f7804-a789-4228-a5d0-5eae401d618e title=null
INFO  [Test worker][2023-05-01T15:04:53,507] [com.indeed.proctor.webapp.jobs.BackgroundJobManager.submit] - a background job was submitted : id=979 uuid=c93729d0-6910-4635-b6a2-6b1d4f376ec8 title=null
INFO  [Test worker][2023-05-01T15:04:53,507] [com.indeed.proctor.webapp.jobs.BackgroundJobManager.submit] - a background job was submitted : id=980 uuid=87116ce0-0926-43f6-bb87-5fd22223bd6e title=null
INFO  [Test worker][2023-05-01T15:04:53,508] [com.indeed.proctor.webapp.jobs.BackgroundJobManager.submit] - a background job was submitted : id=981 uuid=c0d6d092-1595-4a02-a5eb-b7260f2f2420 title=null
INFO  [Test worker][2023-05-01T15:04:53,508] [com.indeed.proctor.webapp.jobs.BackgroundJobManager.submit] - a background job was submitted : id=982 uuid=83024e3f-c548-4d6d-8914-eb2c9fb7f938 title=null
INFO  [Test worker][2023-05-01T15:04:53,508] [com.indeed.proctor.webapp.jobs.BackgroundJobManager.submit] - a background job was submitted : id=983 uuid=5c678d35-9559-4ae9-8935-4b62814ecb5a title=null
INFO  [Test worker][2023-05-01T15:04:53,508] [com.indeed.proctor.webapp.jobs.BackgroundJobManager.submit] - a background job was submitted : id=984 uuid=aa7c385b-b2e5-41a1-bfc6-34fdcea7e126 title=null
INFO  [Test worker][2023-05-01T15:04:53,508] [com.indeed.proctor.webapp.jobs.BackgroundJobManager.submit] - a background job was submitted : id=985 uuid=2f1d04eb-b0de-4afe-adde-160e624c1502 title=null
INFO  [Test worker][2023-05-01T15:04:53,508] [com.indeed.proctor.webapp.jobs.BackgroundJobManager.submit] - a background job was submitted : id=986 uuid=6be3e696-50c4-43ed-b414-f4647c6b8022 title=null
INFO  [Test worker][2023-05-01T15:04:53,508] [com.indeed.proctor.webapp.jobs.BackgroundJobManager.submit] - a background job was submitted : id=987 uuid=34421f6d-af08-4b64-910b-e4ba373d3cc1 title=null
INFO  [Test worker][2023-05-01T15:04:53,509] [com.indeed.proctor.webapp.jobs.BackgroundJobManager.submit] - a background job was submitted : id=988 uuid=ba1684b3-7dfc-480e-91c7-9fc1d36fa435 title=null
INFO  [Test worker][2023-05-01T15:04:53,509] [com.indeed.proctor.webapp.jobs.BackgroundJobManager.submit] - a background job was submitted : id=989 uuid=b3cbb06d-aeec-4e80-9674-1331ccd0133b title=null
INFO  [Test worker][2023-05-01T15:04:53,509] [com.indeed.proctor.webapp.jobs.BackgroundJobManager.submit] - a background job was submitted : id=990 uuid=61b24ca4-854d-471d-b959-f9652abf058e title=null
INFO  [Test worker][2023-05-01T15:04:53,509] [com.indeed.proctor.webapp.jobs.BackgroundJobManager.submit] - a background job was submitted : id=991 uuid=85b0464b-0cdd-418b-a3f4-9a72115bab9d title=null
INFO  [Test worker][2023-05-01T15:04:53,509] [com.indeed.proctor.webapp.jobs.BackgroundJobManager.submit] - a background job was submitted : id=992 uuid=e519c7ff-01ec-434d-ac97-fbebd8712096 title=null
INFO  [Test worker][2023-05-01T15:04:53,509] [com.indeed.proctor.webapp.jobs.BackgroundJobManager.submit] - a background job was submitted : id=993 uuid=d1f16de0-76ce-4994-ab7d-21a444154fec title=null
INFO  [Test worker][2023-05-01T15:04:53,510] [com.indeed.proctor.webapp.jobs.BackgroundJobManager.submit] - a background job was submitted : id=994 uuid=230399ac-e661-4177-a27b-287cd62a4934 title=null
INFO  [Test worker][2023-05-01T15:04:53,510] [com.indeed.proctor.webapp.jobs.BackgroundJobManager.submit] - a background job was submitted : id=995 uuid=e5e68603-d54d-4a75-bbc5-e6a6eaac143c title=null
INFO  [Test worker][2023-05-01T15:04:53,510] [com.indeed.proctor.webapp.jobs.BackgroundJobManager.submit] - a background job was submitted : id=996 uuid=5d7da1c0-9caa-49a0-8700-438697a373c1 title=null
INFO  [Test worker][2023-05-01T15:04:53,510] [com.indeed.proctor.webapp.jobs.BackgroundJobManager.submit] - a background job was submitted : id=997 uuid=6255c66b-d297-4c44-9a75-04ff7a957303 title=null
INFO  [Test worker][2023-05-01T15:04:53,510] [com.indeed.proctor.webapp.jobs.BackgroundJobManager.submit] - a background job was submitted : id=998 uuid=ef7bec7d-f46a-45c5-8d4f-b54819e92d26 title=null
INFO  [Test worker][2023-05-01T15:04:53,510] [com.indeed.proctor.webapp.jobs.BackgroundJobManager.submit] - a background job was submitted : id=999 uuid=cec759db-bda7-44a8-84d3-5c947fe48d1b title=null
INFO  [Test worker][2023-05-01T15:04:53,511] [com.indeed.proctor.webapp.jobs.BackgroundJobManager.submit] - a background job was submitted : id=1000 uuid=77e851c8-090f-4c89-b0fe-421e9f7c1e76 title=null
INFO  [Test worker][2023-05-01T15:04:53,511] [com.indeed.proctor.webapp.jobs.BackgroundJobManager.submit] - a background job was submitted : id=1001 uuid=5c0664e3-74b6-4661-8f10-01bb0cc8c991 title=null
INFO  [Time-limited test][2023-05-01T15:04:53,513] [com.indeed.proctor.webapp.jobs.BackgroundJobManager.submit] - a background job was submitted : id=1 uuid=6e987f29-ef10-427b-b338-20d68a2c5ddb title=null
INFO  [Time-limited test][2023-05-01T15:04:53,513] [com.indeed.proctor.webapp.jobs.BackgroundJobManager.submit] - a background job was submitted : id=2 uuid=ee6ffd35-e6b1-4522-b81f-de85206d9ad8 title=null
INFO  [Time-limited test][2023-05-01T15:04:53,514] [com.indeed.proctor.webapp.jobs.BackgroundJobManager.submit] - a background job was submitted : id=3 uuid=4187036d-419a-494a-a6c6-1805bbb31f44 title=null
INFO  [Time-limited test][2023-05-01T15:04:53,516] [com.indeed.proctor.webapp.jobs.BackgroundJobManager.submit] - a background job was submitted : id=4 uuid=395de78f-d41d-414b-823d-d269dade392f title=null
]]></system-out>
  <system-err><![CDATA[]]></system-err>
</testsuite>
