<?xml version="1.0" encoding="UTF-8"?>
<testsuite name="com.indeed.proctor.webapp.jobs.TestEditAndPromoteJob" tests="4" skipped="0" failures="0" errors="0" timestamp="2023-05-01T19:04:53" hostname="IT-USA-VY0740" time="0.003">
  <properties/>
  <testcase name="testValidateUsernamePassword" classname="com.indeed.proctor.webapp.jobs.TestEditAndPromoteJob" time="0.001"/>
  <testcase name="testCreateJobType" classname="com.indeed.proctor.webapp.jobs.TestEditAndPromoteJob" time="0.0"/>
  <testcase name="testValidateComment" classname="com.indeed.proctor.webapp.jobs.TestEditAndPromoteJob" time="0.0"/>
  <testcase name="testGetMaxAllocationId" classname="com.indeed.proctor.webapp.jobs.TestEditAndPromoteJob" time="0.002"/>
  <system-out><![CDATA[]]></system-out>
  <system-err><![CDATA[]]></system-err>
</testsuite>
