<?xml version="1.0" encoding="UTF-8"?>
<testsuite name="com.indeed.proctor.webapp.util.RetryWithExponentialBackoffTest" tests="5" skipped="0" failures="0" errors="0" timestamp="2023-05-01T19:04:53" hostname="IT-USA-VY0740" time="0.018">
  <properties/>
  <testcase name="testRetryNeverSucceedsWithDifferentMaxAttemptIntervalIncrease" classname="com.indeed.proctor.webapp.util.RetryWithExponentialBackoffTest" time="0.015"/>
  <testcase name="testRetry" classname="com.indeed.proctor.webapp.util.RetryWithExponentialBackoffTest" time="0.0"/>
  <testcase name="testRetryNeverSucceedsWithDifferentMaxAttemptCount" classname="com.indeed.proctor.webapp.util.RetryWithExponentialBackoffTest" time="0.001"/>
  <testcase name="testRetryNeverSucceeds" classname="com.indeed.proctor.webapp.util.RetryWithExponentialBackoffTest" time="0.001"/>
  <testcase name="testNoRetry" classname="com.indeed.proctor.webapp.util.RetryWithExponentialBackoffTest" time="0.0"/>
  <system-out><![CDATA[]]></system-out>
  <system-err><![CDATA[]]></system-err>
</testsuite>
