<?xml version="1.0" encoding="UTF-8"?>
<testsuite name="com.indeed.proctor.common.ProctorPromoterTest" tests="12" skipped="0" failures="0" errors="0" timestamp="2023-05-01T19:04:52" hostname="IT-USA-VY0740" time="0.512">
  <properties/>
  <testcase name="promoteWhenHistoryDoesNotExistFails" classname="com.indeed.proctor.common.ProctorPromoterTest" time="0.488"/>
  <testcase name="promoteWhenSrcHistoryIsEmptyFails" classname="com.indeed.proctor.common.ProctorPromoterTest" time="0.002"/>
  <testcase name="promoteWhenRevIsSpecifiedAsEmptyButExistsInDestFails" classname="com.indeed.proctor.common.ProctorPromoterTest" time="0.001"/>
  <testcase name="promoteWhenRevIsNewAddsTestDefinition" classname="com.indeed.proctor.common.ProctorPromoterTest" time="0.005"/>
  <testcase name="promoteTrunkToProduction" classname="com.indeed.proctor.common.ProctorPromoterTest" time="0.002"/>
  <testcase name="promoteAgainWhenTestInDestinationHasBeenDeleted" classname="com.indeed.proctor.common.ProctorPromoterTest" time="0.001"/>
  <testcase name="promoteWhenRevDoesNotExistInDestFails" classname="com.indeed.proctor.common.ProctorPromoterTest" time="0.001"/>
  <testcase name="promoteQAToProduction" classname="com.indeed.proctor.common.ProctorPromoterTest" time="0.001"/>
  <testcase name="promoteTrunkToQA" classname="com.indeed.proctor.common.ProctorPromoterTest" time="0.001"/>
  <testcase name="promoteWhenRevExistsUpdatesTestDefinition" classname="com.indeed.proctor.common.ProctorPromoterTest" time="0.001"/>
  <testcase name="getEnvironmentVersion" classname="com.indeed.proctor.common.ProctorPromoterTest" time="0.008"/>
  <testcase name="promoteWhenHistoryDoesNotHaveLatestDestRev" classname="com.indeed.proctor.common.ProctorPromoterTest" time="0.001"/>
  <system-out><![CDATA[INFO  [Test worker][2023-05-01T15:04:52,984] [com.indeed.proctor.common.ProctorPromoter.promote] - u : Promoting tn from trunk rtr to qa rqr
INFO  [Test worker][2023-05-01T15:04:52,992] [com.indeed.proctor.common.ProctorPromoter.getMostRecentHistory] - No version history for [tn]
INFO  [Test worker][2023-05-01T15:04:52,998] [com.indeed.proctor.common.ProctorPromoter.promote] - u : Promoting tn from trunk rtr to qa rqr
INFO  [Test worker][2023-05-01T15:04:53,000] [com.indeed.proctor.common.ProctorPromoter.promote] - u : Promoting tn from trunk rtr to qa r
INFO  [Test worker][2023-05-01T15:04:53,001] [com.indeed.proctor.common.ProctorPromoter.promote] - u : Promoting tn from trunk rtr to qa rqr
INFO  [Test worker][2023-05-01T15:04:53,001] [com.indeed.proctor.webapp.util.TestDefinitionUtil.getMostRecentHistory] - No version history for [tn]
INFO  [Test worker][2023-05-01T15:04:53,008] [com.indeed.proctor.common.ProctorPromoter.promote] - u : Promoting tn from trunk rtr to qa rqr
INFO  [Test worker][2023-05-01T15:04:53,009] [com.indeed.proctor.common.ProctorPromoter.promote] - u : Promoting tn from trunk rtr to qa rqr
INFO  [Test worker][2023-05-01T15:04:53,009] [com.indeed.proctor.webapp.util.TestDefinitionUtil.getMostRecentHistory] - No version history for [tn]
INFO  [Test worker][2023-05-01T15:04:53,012] [com.indeed.proctor.common.ProctorPromoter.promote] - u : Promoting tn from trunk rtr to qa rqr
INFO  [Test worker][2023-05-01T15:04:53,012] [com.indeed.proctor.common.ProctorPromoter.promote] - u : Committing tn from trunk rtr to qa rqr
INFO  [Test worker][2023-05-01T15:04:53,021] [com.indeed.proctor.common.ProctorPromoter.promote] - u : Promoting tn from trunk rtr to qa rfqr
]]></system-out>
  <system-err><![CDATA[]]></system-err>
</testsuite>
