<?xml version="1.0" encoding="UTF-8"?>
<testsuite name="com.indeed.proctor.store.async.AsyncInitializedProctorStoreTest" tests="3" skipped="0" failures="0" errors="0" timestamp="2023-05-01T19:04:53" hostname="IT-USA-VY0740" time="0.006">
  <properties/>
  <testcase name="testGetProctorStoreSuccess" classname="com.indeed.proctor.store.async.AsyncInitializedProctorStoreTest" time="0.003"/>
  <testcase name="testGetInitializationNotDoneProctorStore" classname="com.indeed.proctor.store.async.AsyncInitializedProctorStoreTest" time="0.002"/>
  <testcase name="testGetNotInitializedProctorStore" classname="com.indeed.proctor.store.async.AsyncInitializedProctorStoreTest" time="0.0"/>
  <system-out><![CDATA[]]></system-out>
  <system-err><![CDATA[]]></system-err>
</testsuite>
