<?xml version="1.0" encoding="UTF-8"?>
<testsuite name="com.indeed.proctor.webapp.util.TestIdentifierValidationUtil" tests="4" skipped="0" failures="0" errors="0" timestamp="2023-05-01T19:04:53" hostname="IT-USA-VY0740" time="0.004">
  <properties/>
  <testcase name="testIsValidMetaTag" classname="com.indeed.proctor.webapp.util.TestIdentifierValidationUtil" time="0.003"/>
  <testcase name="testIsValidMetaTags" classname="com.indeed.proctor.webapp.util.TestIdentifierValidationUtil" time="0.0"/>
  <testcase name="testValidateTestName" classname="com.indeed.proctor.webapp.util.TestIdentifierValidationUtil" time="0.0"/>
  <testcase name="testIsValidBucketName" classname="com.indeed.proctor.webapp.util.TestIdentifierValidationUtil" time="0.0"/>
  <system-out><![CDATA[]]></system-out>
  <system-err><![CDATA[]]></system-err>
</testsuite>
