<?xml version="1.0" encoding="UTF-8"?>
<testsuite name="com.indeed.proctor.webapp.tags.TestTestDefinitionFunctions" tests="6" skipped="0" failures="0" errors="0" timestamp="2023-05-01T19:04:52" hostname="IT-USA-VY0740" time="0.001">
  <properties/>
  <testcase name="testIsCurrentVersionViewingQaPromoted" classname="com.indeed.proctor.webapp.tags.TestTestDefinitionFunctions" time="0.001"/>
  <testcase name="testIsCurrentVersionViewingProductionPromoted" classname="com.indeed.proctor.webapp.tags.TestTestDefinitionFunctions" time="0.0"/>
  <testcase name="testIsCurrentVersionViewingTrunkCharmed" classname="com.indeed.proctor.webapp.tags.TestTestDefinitionFunctions" time="0.0"/>
  <testcase name="testIsCurrentVersionViewingTrunkPromoted" classname="com.indeed.proctor.webapp.tags.TestTestDefinitionFunctions" time="0.0"/>
  <testcase name="testIsCurrentVersionViewingQaCharmed" classname="com.indeed.proctor.webapp.tags.TestTestDefinitionFunctions" time="0.0"/>
  <testcase name="testIsCurrentVersionViewingProductionCharmed" classname="com.indeed.proctor.webapp.tags.TestTestDefinitionFunctions" time="0.0"/>
  <system-out><![CDATA[]]></system-out>
  <system-err><![CDATA[]]></system-err>
</testsuite>
