<?xml version="1.0" encoding="UTF-8"?>
<testsuite name="com.indeed.proctor.webapp.controllers.TestSearchApiControllerTest" tests="3" skipped="0" failures="0" errors="0" timestamp="2023-05-01T19:04:51" hostname="IT-USA-VY0740" time="0.466">
  <properties/>
  <testcase name="testSearchEndpoint" classname="com.indeed.proctor.webapp.controllers.TestSearchApiControllerTest" time="0.438"/>
  <testcase name="testComparator" classname="com.indeed.proctor.webapp.controllers.TestSearchApiControllerTest" time="0.027"/>
  <testcase name="testMatchFilterTypeAll" classname="com.indeed.proctor.webapp.controllers.TestSearchApiControllerTest" time="0.001"/>
  <system-out><![CDATA[]]></system-out>
  <system-err><![CDATA[May 01, 2023 3:04:51 PM org.springframework.test.web.servlet.setup.StandaloneMockMvcBuilder$StaticRequestMappingHandlerMapping register
INFO: Mapped "{[/proctor/matrix/tests || /matrix/tests],methods=[GET]}" onto public com.indeed.proctor.webapp.views.JsonView com.indeed.proctor.webapp.controllers.TestSearchApiController.viewTestNames(java.lang.String,int,java.lang.String,com.indeed.proctor.webapp.controllers.TestSearchApiController$FilterType,com.indeed.proctor.webapp.controllers.TestSearchApiController$FilterActive,com.indeed.proctor.webapp.controllers.TestSearchApiController$Sort,java.lang.String) throws com.indeed.proctor.store.StoreException
May 01, 2023 3:04:51 PM org.springframework.web.servlet.mvc.method.annotation.RequestMappingHandlerAdapter initControllerAdviceCache
INFO: Looking for @ControllerAdvice: org.springframework.test.web.servlet.setup.StubWebApplicationContext@7baf1f5a
May 01, 2023 3:04:51 PM org.springframework.mock.web.MockServletContext log
INFO: Initializing Spring FrameworkServlet ''
May 01, 2023 3:04:51 PM org.springframework.test.web.servlet.TestDispatcherServlet initServletBean
INFO: FrameworkServlet '': initialization started
May 01, 2023 3:04:51 PM org.springframework.test.web.servlet.TestDispatcherServlet initServletBean
INFO: FrameworkServlet '': initialization completed in 1 ms
]]></system-err>
</testsuite>
